06/03/2018 09:33:20 PM	[raft_thread.py write_to_logger 59]  305 root [DEBUG] 
FILE:./C/Code/state_machine.c, FUNCTION:init_state_functions_handler, LINE:23
MESSAGE:start
-----------------------------

06/03/2018 09:33:20 PM	[raft_thread.py write_to_logger 60]  305 root [INFO ] 
FILE:./C/Code/state_machine.c, FUNCTION:init_state_functions_handler, LINE:23
MESSAGE:start
-----------------------------

06/03/2018 09:33:20 PM	[raft_thread.py write_to_logger 61]  305 root [WARNI] 
FILE:./C/Code/state_machine.c, FUNCTION:init_state_functions_handler, LINE:23
MESSAGE:start
-----------------------------

06/03/2018 09:33:20 PM	[raft_thread.py write_to_logger 62]  306 root [ERROR] 
FILE:./C/Code/state_machine.c, FUNCTION:init_state_functions_handler, LINE:23
MESSAGE:start
-----------------------------

06/03/2018 09:33:20 PM	[raft_thread.py write_to_logger 63]  306 root [CRITI] 
FILE:./C/Code/state_machine.c, FUNCTION:init_state_functions_handler, LINE:23
MESSAGE:start
-----------------------------

06/03/2018 09:33:20 PM	[raft_thread.py write_to_logger 59]  307 root [DEBUG] 
FILE:./C/Code/state_machine.c, FUNCTION:init_state_functions_handler, LINE:63
MESSAGE:end
-----------------------------

06/03/2018 09:33:20 PM	[raft_thread.py write_to_logger 60]  307 root [INFO ] 
FILE:./C/Code/state_machine.c, FUNCTION:init_state_functions_handler, LINE:63
MESSAGE:end
-----------------------------

06/03/2018 09:33:20 PM	[raft_thread.py write_to_logger 61]  307 root [WARNI] 
FILE:./C/Code/state_machine.c, FUNCTION:init_state_functions_handler, LINE:63
MESSAGE:end
-----------------------------

06/03/2018 09:33:20 PM	[raft_thread.py write_to_logger 62]  307 root [ERROR] 
FILE:./C/Code/state_machine.c, FUNCTION:init_state_functions_handler, LINE:63
MESSAGE:end
-----------------------------

06/03/2018 09:33:20 PM	[raft_thread.py write_to_logger 63]  307 root [CRITI] 
FILE:./C/Code/state_machine.c, FUNCTION:init_state_functions_handler, LINE:63
MESSAGE:end
-----------------------------

06/03/2018 09:33:20 PM	[raft_thread.py write_to_logger 59]  307 root [DEBUG] 
FILE:./C/Code/raft_server.c, FUNCTION:init_multicast_message, LINE:72
MESSAGE:init multicast socket
-----------------------------

06/03/2018 09:33:20 PM	[raft_thread.py write_to_logger 60]  307 root [INFO ] 
FILE:./C/Code/raft_server.c, FUNCTION:init_multicast_message, LINE:72
MESSAGE:init multicast socket
-----------------------------

06/03/2018 09:33:20 PM	[raft_thread.py write_to_logger 61]  307 root [WARNI] 
FILE:./C/Code/raft_server.c, FUNCTION:init_multicast_message, LINE:72
MESSAGE:init multicast socket
-----------------------------

06/03/2018 09:33:20 PM	[raft_thread.py write_to_logger 62]  308 root [ERROR] 
FILE:./C/Code/raft_server.c, FUNCTION:init_multicast_message, LINE:72
MESSAGE:init multicast socket
-----------------------------

06/03/2018 09:33:20 PM	[raft_thread.py write_to_logger 63]  308 root [CRITI] 
FILE:./C/Code/raft_server.c, FUNCTION:init_multicast_message, LINE:72
MESSAGE:init multicast socket
-----------------------------

06/03/2018 09:33:20 PM	[raft_thread.py write_to_logger 59]  309 root [DEBUG] 
FILE:./C/Code/raft_server.c, FUNCTION:init_multicast_message, LINE:79
MESSAGE:multicast was opened successfully
-----------------------------

06/03/2018 09:33:20 PM	[raft_thread.py write_to_logger 60]  309 root [INFO ] 
FILE:./C/Code/raft_server.c, FUNCTION:init_multicast_message, LINE:79
MESSAGE:multicast was opened successfully
-----------------------------

06/03/2018 09:33:20 PM	[raft_thread.py write_to_logger 61]  310 root [WARNI] 
FILE:./C/Code/raft_server.c, FUNCTION:init_multicast_message, LINE:79
MESSAGE:multicast was opened successfully
-----------------------------

06/03/2018 09:33:20 PM	[raft_thread.py write_to_logger 62]  310 root [ERROR] 
FILE:./C/Code/raft_server.c, FUNCTION:init_multicast_message, LINE:79
MESSAGE:multicast was opened successfully
-----------------------------

06/03/2018 09:33:20 PM	[raft_thread.py write_to_logger 63]  310 root [CRITI] 
FILE:./C/Code/raft_server.c, FUNCTION:init_multicast_message, LINE:79
MESSAGE:multicast was opened successfully
-----------------------------

06/03/2018 09:33:20 PM	[raft_thread.py write_to_logger 59]  310 root [DEBUG] 
FILE:./C/Code/static_queue.c, FUNCTION:init_raft_queue, LINE:12
MESSAGE:first time
-----------------------------

06/03/2018 09:33:20 PM	[raft_thread.py write_to_logger 60]  310 root [INFO ] 
FILE:./C/Code/static_queue.c, FUNCTION:init_raft_queue, LINE:12
MESSAGE:first time
-----------------------------

06/03/2018 09:33:20 PM	[raft_thread.py write_to_logger 61]  310 root [WARNI] 
FILE:./C/Code/static_queue.c, FUNCTION:init_raft_queue, LINE:12
MESSAGE:first time
-----------------------------

06/03/2018 09:33:20 PM	[raft_thread.py write_to_logger 62]  310 root [ERROR] 
FILE:./C/Code/static_queue.c, FUNCTION:init_raft_queue, LINE:12
MESSAGE:first time
-----------------------------

06/03/2018 09:33:20 PM	[raft_thread.py write_to_logger 63]  310 root [CRITI] 
FILE:./C/Code/static_queue.c, FUNCTION:init_raft_queue, LINE:12
MESSAGE:first time
-----------------------------

06/03/2018 09:33:20 PM	[raft_thread.py write_to_logger 59]  310 root [DEBUG] 
FILE:./C/Code/handlers_utils.c, FUNCTION:create_alarm_timer, LINE:33
MESSAGE:create new alarm timer
VARIABLES:  sharedRaftData.raft_state.current_state=0  timeout=1022 
-----------------------------

06/03/2018 09:33:20 PM	[raft_thread.py write_to_logger 60]  310 root [INFO ] 
FILE:./C/Code/handlers_utils.c, FUNCTION:create_alarm_timer, LINE:33
MESSAGE:create new alarm timer
VARIABLES:  sharedRaftData.raft_state.current_state=0  timeout=1022 
-----------------------------

06/03/2018 09:33:20 PM	[raft_thread.py write_to_logger 61]  310 root [WARNI] 
FILE:./C/Code/handlers_utils.c, FUNCTION:create_alarm_timer, LINE:33
MESSAGE:create new alarm timer
VARIABLES:  sharedRaftData.raft_state.current_state=0  timeout=1022 
-----------------------------

06/03/2018 09:33:20 PM	[raft_thread.py write_to_logger 62]  310 root [ERROR] 
FILE:./C/Code/handlers_utils.c, FUNCTION:create_alarm_timer, LINE:33
MESSAGE:create new alarm timer
VARIABLES:  sharedRaftData.raft_state.current_state=0  timeout=1022 
-----------------------------

06/03/2018 09:33:20 PM	[raft_thread.py write_to_logger 63]  310 root [CRITI] 
FILE:./C/Code/handlers_utils.c, FUNCTION:create_alarm_timer, LINE:33
MESSAGE:create new alarm timer
VARIABLES:  sharedRaftData.raft_state.current_state=0  timeout=1022 
-----------------------------

06/03/2018 09:33:20 PM	[raft_thread.py write_to_logger 59]  311 root [DEBUG] 
FILE:./raft_main.c, FUNCTION:init_raft, LINE:139
MESSAGE:init succeed
-----------------------------

06/03/2018 09:33:20 PM	[raft_thread.py write_to_logger 60]  311 root [INFO ] 
FILE:./raft_main.c, FUNCTION:init_raft, LINE:139
MESSAGE:init succeed
-----------------------------

06/03/2018 09:33:20 PM	[raft_thread.py write_to_logger 61]  311 root [WARNI] 
FILE:./raft_main.c, FUNCTION:init_raft, LINE:139
MESSAGE:init succeed
-----------------------------

06/03/2018 09:33:20 PM	[raft_thread.py write_to_logger 62]  311 root [ERROR] 
FILE:./raft_main.c, FUNCTION:init_raft, LINE:139
MESSAGE:init succeed
-----------------------------

06/03/2018 09:33:20 PM	[raft_thread.py write_to_logger 63]  311 root [CRITI] 
FILE:./raft_main.c, FUNCTION:init_raft, LINE:139
MESSAGE:init succeed
-----------------------------

06/03/2018 09:33:20 PM	[raft_thread.py write_to_logger 59]  311 root [DEBUG] 
FILE:./raft_main.c, FUNCTION:run_raft, LINE:172
MESSAGE:start raft...
VARIABLES:  raft_ip=224.1.1.1 
-----------------------------

06/03/2018 09:33:20 PM	[raft_thread.py write_to_logger 60]  311 root [INFO ] 
FILE:./raft_main.c, FUNCTION:run_raft, LINE:172
MESSAGE:start raft...
VARIABLES:  raft_ip=224.1.1.1 
-----------------------------

06/03/2018 09:33:20 PM	[raft_thread.py write_to_logger 61]  311 root [WARNI] 
FILE:./raft_main.c, FUNCTION:run_raft, LINE:172
MESSAGE:start raft...
VARIABLES:  raft_ip=224.1.1.1 
-----------------------------

06/03/2018 09:33:20 PM	[raft_thread.py write_to_logger 62]  311 root [ERROR] 
FILE:./raft_main.c, FUNCTION:run_raft, LINE:172
MESSAGE:start raft...
VARIABLES:  raft_ip=224.1.1.1 
-----------------------------

06/03/2018 09:33:20 PM	[raft_thread.py write_to_logger 63]  311 root [CRITI] 
FILE:./raft_main.c, FUNCTION:run_raft, LINE:172
MESSAGE:start raft...
VARIABLES:  raft_ip=224.1.1.1 
-----------------------------

06/03/2018 09:33:20 PM	[raft_thread.py write_to_logger 59]  311 root [DEBUG] 
FILE:./raft_main.c, FUNCTION:run_raft, LINE:174
MESSAGE:start raft...
VARIABLES:  raft_port=6060  server_id=1  members_num=2  leader_timeout=1000 
-----------------------------

06/03/2018 09:33:20 PM	[raft_thread.py write_to_logger 60]  311 root [INFO ] 
FILE:./raft_main.c, FUNCTION:run_raft, LINE:174
MESSAGE:start raft...
VARIABLES:  raft_port=6060  server_id=1  members_num=2  leader_timeout=1000 
-----------------------------

06/03/2018 09:33:20 PM	[raft_thread.py write_to_logger 61]  311 root [WARNI] 
FILE:./raft_main.c, FUNCTION:run_raft, LINE:174
MESSAGE:start raft...
VARIABLES:  raft_port=6060  server_id=1  members_num=2  leader_timeout=1000 
-----------------------------

06/03/2018 09:33:20 PM	[raft_thread.py write_to_logger 62]  311 root [ERROR] 
FILE:./raft_main.c, FUNCTION:run_raft, LINE:174
MESSAGE:start raft...
VARIABLES:  raft_port=6060  server_id=1  members_num=2  leader_timeout=1000 
-----------------------------

06/03/2018 09:33:20 PM	[raft_thread.py write_to_logger 63]  311 root [CRITI] 
FILE:./raft_main.c, FUNCTION:run_raft, LINE:174
MESSAGE:start raft...
VARIABLES:  raft_port=6060  server_id=1  members_num=2  leader_timeout=1000 
-----------------------------

06/03/2018 09:33:20 PM	[raft_thread.py write_to_logger 59]  312 root [DEBUG] 
FILE:./raft_main.c, FUNCTION:run_raft, LINE:179
MESSAGE:run raft...
-----------------------------

06/03/2018 09:33:20 PM	[raft_thread.py write_to_logger 60]  312 root [INFO ] 
FILE:./raft_main.c, FUNCTION:run_raft, LINE:179
MESSAGE:run raft...
-----------------------------

06/03/2018 09:33:20 PM	[raft_thread.py write_to_logger 61]  312 root [WARNI] 
FILE:./raft_main.c, FUNCTION:run_raft, LINE:179
MESSAGE:run raft...
-----------------------------

06/03/2018 09:33:20 PM	[raft_thread.py write_to_logger 62]  312 root [ERROR] 
FILE:./raft_main.c, FUNCTION:run_raft, LINE:179
MESSAGE:run raft...
-----------------------------

06/03/2018 09:33:20 PM	[raft_thread.py write_to_logger 63]  312 root [CRITI] 
FILE:./raft_main.c, FUNCTION:run_raft, LINE:179
MESSAGE:run raft...
-----------------------------

06/03/2018 09:33:20 PM	[raft_thread.py write_to_logger 59]  312 root [DEBUG] 
FILE:./C/Code/raft_server.c, FUNCTION:get_raft_message, LINE:111
MESSAGE:try to read message
-----------------------------

06/03/2018 09:33:20 PM	[raft_thread.py write_to_logger 60]  313 root [INFO ] 
FILE:./C/Code/raft_server.c, FUNCTION:get_raft_message, LINE:111
MESSAGE:try to read message
-----------------------------

06/03/2018 09:33:20 PM	[raft_thread.py write_to_logger 61]  313 root [WARNI] 
FILE:./C/Code/raft_server.c, FUNCTION:get_raft_message, LINE:111
MESSAGE:try to read message
-----------------------------

06/03/2018 09:33:20 PM	[raft_thread.py write_to_logger 62]  313 root [ERROR] 
FILE:./C/Code/raft_server.c, FUNCTION:get_raft_message, LINE:111
MESSAGE:try to read message
-----------------------------

06/03/2018 09:33:20 PM	[raft_thread.py write_to_logger 63]  313 root [CRITI] 
FILE:./C/Code/raft_server.c, FUNCTION:get_raft_message, LINE:111
MESSAGE:try to read message
-----------------------------

06/03/2018 09:33:21 PM	[raft_thread.py write_to_logger 59]  311 root [DEBUG] 
FILE:./C/Code/handlers_utils.c, FUNCTION:time_out_hendler, LINE:63
MESSAGE:add new timeout event- now in queue
VARIABLES:  sharedRaftData.raft_state.current_state=0 
-----------------------------

06/03/2018 09:33:21 PM	[raft_thread.py write_to_logger 60]  311 root [INFO ] 
FILE:./C/Code/handlers_utils.c, FUNCTION:time_out_hendler, LINE:63
MESSAGE:add new timeout event- now in queue
VARIABLES:  sharedRaftData.raft_state.current_state=0 
-----------------------------

06/03/2018 09:33:21 PM	[raft_thread.py write_to_logger 61]  312 root [WARNI] 
FILE:./C/Code/handlers_utils.c, FUNCTION:time_out_hendler, LINE:63
MESSAGE:add new timeout event- now in queue
VARIABLES:  sharedRaftData.raft_state.current_state=0 
-----------------------------

06/03/2018 09:33:21 PM	[raft_thread.py write_to_logger 62]  312 root [ERROR] 
FILE:./C/Code/handlers_utils.c, FUNCTION:time_out_hendler, LINE:63
MESSAGE:add new timeout event- now in queue
VARIABLES:  sharedRaftData.raft_state.current_state=0 
-----------------------------

06/03/2018 09:33:21 PM	[raft_thread.py write_to_logger 63]  312 root [CRITI] 
FILE:./C/Code/handlers_utils.c, FUNCTION:time_out_hendler, LINE:63
MESSAGE:add new timeout event- now in queue
VARIABLES:  sharedRaftData.raft_state.current_state=0 
-----------------------------

06/03/2018 09:33:21 PM	[raft_thread.py write_to_logger 59]  313 root [DEBUG] 
FILE:./C/Code/state_machine.c, FUNCTION:operate_machine_state, LINE:8
MESSAGE:enter state function
VARIABLES:  node->event=0  sharedRaftData.raft_state.current_state=0 
-----------------------------

06/03/2018 09:33:21 PM	[raft_thread.py write_to_logger 60]  313 root [INFO ] 
FILE:./C/Code/state_machine.c, FUNCTION:operate_machine_state, LINE:8
MESSAGE:enter state function
VARIABLES:  node->event=0  sharedRaftData.raft_state.current_state=0 
-----------------------------

06/03/2018 09:33:21 PM	[raft_thread.py write_to_logger 61]  313 root [WARNI] 
FILE:./C/Code/state_machine.c, FUNCTION:operate_machine_state, LINE:8
MESSAGE:enter state function
VARIABLES:  node->event=0  sharedRaftData.raft_state.current_state=0 
-----------------------------

06/03/2018 09:33:21 PM	[raft_thread.py write_to_logger 62]  313 root [ERROR] 
FILE:./C/Code/state_machine.c, FUNCTION:operate_machine_state, LINE:8
MESSAGE:enter state function
VARIABLES:  node->event=0  sharedRaftData.raft_state.current_state=0 
-----------------------------

06/03/2018 09:33:21 PM	[raft_thread.py write_to_logger 63]  314 root [CRITI] 
FILE:./C/Code/state_machine.c, FUNCTION:operate_machine_state, LINE:8
MESSAGE:enter state function
VARIABLES:  node->event=0  sharedRaftData.raft_state.current_state=0 
-----------------------------

06/03/2018 09:33:22 PM	[raft_thread.py write_to_logger 59]  313 root [DEBUG] 
FILE:./C/Code/handlers_utils.c, FUNCTION:time_out_hendler, LINE:63
MESSAGE:add new timeout event- now in queue
VARIABLES:  sharedRaftData.raft_state.current_state=0 
-----------------------------

06/03/2018 09:33:22 PM	[raft_thread.py write_to_logger 60]  314 root [INFO ] 
FILE:./C/Code/handlers_utils.c, FUNCTION:time_out_hendler, LINE:63
MESSAGE:add new timeout event- now in queue
VARIABLES:  sharedRaftData.raft_state.current_state=0 
-----------------------------

06/03/2018 09:33:22 PM	[raft_thread.py write_to_logger 61]  314 root [WARNI] 
FILE:./C/Code/handlers_utils.c, FUNCTION:time_out_hendler, LINE:63
MESSAGE:add new timeout event- now in queue
VARIABLES:  sharedRaftData.raft_state.current_state=0 
-----------------------------

06/03/2018 09:33:22 PM	[raft_thread.py write_to_logger 59]  314 root [DEBUG] 
FILE:./C/Code/state_machine.c, FUNCTION:operate_machine_state, LINE:8
MESSAGE:enter state function
VARIABLES:  node->event=0  sharedRaftData.raft_state.current_state=0 
-----------------------------

06/03/2018 09:33:22 PM	[raft_thread.py write_to_logger 60]  314 root [INFO ] 
FILE:./C/Code/state_machine.c, FUNCTION:operate_machine_state, LINE:8
MESSAGE:enter state function
VARIABLES:  node->event=0  sharedRaftData.raft_state.current_state=0 
-----------------------------

06/03/2018 09:33:22 PM	[raft_thread.py write_to_logger 62]  314 root [ERROR] 
FILE:./C/Code/handlers_utils.c, FUNCTION:time_out_hendler, LINE:63
MESSAGE:add new timeout event- now in queue
VARIABLES:  sharedRaftData.raft_state.current_state=0 
-----------------------------

06/03/2018 09:33:22 PM	[raft_thread.py write_to_logger 61]  314 root [WARNI] 
FILE:./C/Code/state_machine.c, FUNCTION:operate_machine_state, LINE:8
MESSAGE:enter state function
VARIABLES:  node->event=0  sharedRaftData.raft_state.current_state=0 
-----------------------------

06/03/2018 09:33:22 PM	[raft_thread.py write_to_logger 63]  315 root [CRITI] 
FILE:./C/Code/handlers_utils.c, FUNCTION:time_out_hendler, LINE:63
MESSAGE:add new timeout event- now in queue
VARIABLES:  sharedRaftData.raft_state.current_state=0 
-----------------------------

06/03/2018 09:33:22 PM	[raft_thread.py write_to_logger 62]  315 root [ERROR] 
FILE:./C/Code/state_machine.c, FUNCTION:operate_machine_state, LINE:8
MESSAGE:enter state function
VARIABLES:  node->event=0  sharedRaftData.raft_state.current_state=0 
-----------------------------

06/03/2018 09:33:22 PM	[raft_thread.py write_to_logger 63]  315 root [CRITI] 
FILE:./C/Code/state_machine.c, FUNCTION:operate_machine_state, LINE:8
MESSAGE:enter state function
VARIABLES:  node->event=0  sharedRaftData.raft_state.current_state=0 
-----------------------------

06/03/2018 09:33:22 PM	[raft_thread.py write_to_logger 59]  315 root [DEBUG] 
FILE:./C/Code/static_queue.c, FUNCTION:clear_queue, LINE:86
MESSAGE:clearing queue
VARIABLES:  sharedRaftData.raft_state.term=0  sharedRaftData.raft_state.current_state=0 
-----------------------------

06/03/2018 09:33:22 PM	[raft_thread.py write_to_logger 60]  315 root [INFO ] 
FILE:./C/Code/static_queue.c, FUNCTION:clear_queue, LINE:86
MESSAGE:clearing queue
VARIABLES:  sharedRaftData.raft_state.term=0  sharedRaftData.raft_state.current_state=0 
-----------------------------

06/03/2018 09:33:22 PM	[raft_thread.py write_to_logger 61]  316 root [WARNI] 
FILE:./C/Code/static_queue.c, FUNCTION:clear_queue, LINE:86
MESSAGE:clearing queue
VARIABLES:  sharedRaftData.raft_state.term=0  sharedRaftData.raft_state.current_state=0 
-----------------------------

06/03/2018 09:33:22 PM	[raft_thread.py write_to_logger 62]  316 root [ERROR] 
FILE:./C/Code/static_queue.c, FUNCTION:clear_queue, LINE:86
MESSAGE:clearing queue
VARIABLES:  sharedRaftData.raft_state.term=0  sharedRaftData.raft_state.current_state=0 
-----------------------------

06/03/2018 09:33:22 PM	[raft_thread.py write_to_logger 63]  316 root [CRITI] 
FILE:./C/Code/static_queue.c, FUNCTION:clear_queue, LINE:86
MESSAGE:clearing queue
VARIABLES:  sharedRaftData.raft_state.term=0  sharedRaftData.raft_state.current_state=0 
-----------------------------

06/03/2018 09:33:22 PM	[raft_thread.py write_to_logger 59]  316 root [DEBUG] 
FILE:./C/Code/static_queue.c, FUNCTION:init_raft_queue, LINE:19
MESSAGE:not first time
-----------------------------

06/03/2018 09:33:22 PM	[raft_thread.py write_to_logger 60]  316 root [INFO ] 
FILE:./C/Code/static_queue.c, FUNCTION:init_raft_queue, LINE:19
MESSAGE:not first time
-----------------------------

06/03/2018 09:33:22 PM	[raft_thread.py write_to_logger 61]  316 root [WARNI] 
FILE:./C/Code/static_queue.c, FUNCTION:init_raft_queue, LINE:19
MESSAGE:not first time
-----------------------------

06/03/2018 09:33:22 PM	[raft_thread.py write_to_logger 62]  316 root [ERROR] 
FILE:./C/Code/static_queue.c, FUNCTION:init_raft_queue, LINE:19
MESSAGE:not first time
-----------------------------

06/03/2018 09:33:22 PM	[raft_thread.py write_to_logger 63]  316 root [CRITI] 
FILE:./C/Code/static_queue.c, FUNCTION:init_raft_queue, LINE:19
MESSAGE:not first time
-----------------------------

06/03/2018 09:33:22 PM	[raft_thread.py write_to_logger 59]  316 root [DEBUG] 
FILE:./C/Code/handlers_utils.c, FUNCTION:update_DB, LINE:13
MESSAGE:update DB
VARIABLES:  DB_flag=status db  key=term 
-----------------------------

06/03/2018 09:33:22 PM	[raft_thread.py write_to_logger 60]  316 root [INFO ] 
FILE:./C/Code/handlers_utils.c, FUNCTION:update_DB, LINE:13
MESSAGE:update DB
VARIABLES:  DB_flag=status db  key=term 
-----------------------------

06/03/2018 09:33:22 PM	[raft_thread.py write_to_logger 61]  316 root [WARNI] 
FILE:./C/Code/handlers_utils.c, FUNCTION:update_DB, LINE:13
MESSAGE:update DB
VARIABLES:  DB_flag=status db  key=term 
-----------------------------

06/03/2018 09:33:22 PM	[raft_thread.py write_to_logger 62]  316 root [ERROR] 
FILE:./C/Code/handlers_utils.c, FUNCTION:update_DB, LINE:13
MESSAGE:update DB
VARIABLES:  DB_flag=status db  key=term 
-----------------------------

06/03/2018 09:33:22 PM	[raft_thread.py write_to_logger 63]  316 root [CRITI] 
FILE:./C/Code/handlers_utils.c, FUNCTION:update_DB, LINE:13
MESSAGE:update DB
VARIABLES:  DB_flag=status db  key=term 
-----------------------------

06/03/2018 09:33:22 PM	[raft_thread.py write_to_logger 59]  317 root [DEBUG] 
FILE:./C/Code/handlers_utils.c, FUNCTION:update_DB, LINE:14
MESSAGE:update DB
VARIABLES:  value=1 
-----------------------------

06/03/2018 09:33:22 PM	[raft_thread.py write_to_logger 60]  317 root [INFO ] 
FILE:./C/Code/handlers_utils.c, FUNCTION:update_DB, LINE:14
MESSAGE:update DB
VARIABLES:  value=1 
-----------------------------

06/03/2018 09:33:22 PM	[raft_thread.py write_to_logger 61]  317 root [WARNI] 
FILE:./C/Code/handlers_utils.c, FUNCTION:update_DB, LINE:14
MESSAGE:update DB
VARIABLES:  value=1 
-----------------------------

06/03/2018 09:33:22 PM	[raft_thread.py write_to_logger 62]  317 root [ERROR] 
FILE:./C/Code/handlers_utils.c, FUNCTION:update_DB, LINE:14
MESSAGE:update DB
VARIABLES:  value=1 
-----------------------------

06/03/2018 09:33:22 PM	[raft_thread.py write_to_logger 63]  317 root [CRITI] 
FILE:./C/Code/handlers_utils.c, FUNCTION:update_DB, LINE:14
MESSAGE:update DB
VARIABLES:  value=1 
-----------------------------

06/03/2018 09:33:22 PM	[raft_thread.py write_to_logger 59]  318 root [DEBUG] 
FILE:./C/Code/handlers_utils.c, FUNCTION:update_DB, LINE:13
MESSAGE:update DB
VARIABLES:  DB_flag=status db  key=status 
-----------------------------

06/03/2018 09:33:22 PM	[raft_thread.py write_to_logger 60]  318 root [INFO ] 
FILE:./C/Code/handlers_utils.c, FUNCTION:update_DB, LINE:13
MESSAGE:update DB
VARIABLES:  DB_flag=status db  key=status 
-----------------------------

06/03/2018 09:33:22 PM	[raft_thread.py write_to_logger 61]  318 root [WARNI] 
FILE:./C/Code/handlers_utils.c, FUNCTION:update_DB, LINE:13
MESSAGE:update DB
VARIABLES:  DB_flag=status db  key=status 
-----------------------------

06/03/2018 09:33:22 PM	[raft_thread.py write_to_logger 62]  318 root [ERROR] 
FILE:./C/Code/handlers_utils.c, FUNCTION:update_DB, LINE:13
MESSAGE:update DB
VARIABLES:  DB_flag=status db  key=status 
-----------------------------

06/03/2018 09:33:22 PM	[raft_thread.py write_to_logger 63]  318 root [CRITI] 
FILE:./C/Code/handlers_utils.c, FUNCTION:update_DB, LINE:13
MESSAGE:update DB
VARIABLES:  DB_flag=status db  key=status 
-----------------------------

06/03/2018 09:33:22 PM	[raft_thread.py write_to_logger 59]  319 root [DEBUG] 
FILE:./C/Code/handlers_utils.c, FUNCTION:update_DB, LINE:14
MESSAGE:update DB
VARIABLES:  value=-2 
-----------------------------

06/03/2018 09:33:22 PM	[raft_thread.py write_to_logger 60]  319 root [INFO ] 
FILE:./C/Code/handlers_utils.c, FUNCTION:update_DB, LINE:14
MESSAGE:update DB
VARIABLES:  value=-2 
-----------------------------

06/03/2018 09:33:22 PM	[raft_thread.py write_to_logger 61]  319 root [WARNI] 
FILE:./C/Code/handlers_utils.c, FUNCTION:update_DB, LINE:14
MESSAGE:update DB
VARIABLES:  value=-2 
-----------------------------

06/03/2018 09:33:22 PM	[raft_thread.py write_to_logger 62]  319 root [ERROR] 
FILE:./C/Code/handlers_utils.c, FUNCTION:update_DB, LINE:14
MESSAGE:update DB
VARIABLES:  value=-2 
-----------------------------

06/03/2018 09:33:22 PM	[raft_thread.py write_to_logger 63]  319 root [CRITI] 
FILE:./C/Code/handlers_utils.c, FUNCTION:update_DB, LINE:14
MESSAGE:update DB
VARIABLES:  value=-2 
-----------------------------

06/03/2018 09:33:22 PM	[raft_thread.py write_to_logger 59]  320 root [DEBUG] 
FILE:./C/Code/handlers_utils.c, FUNCTION:update_DB, LINE:13
MESSAGE:update DB
VARIABLES:  DB_flag=status db  key=leader id 
-----------------------------

06/03/2018 09:33:22 PM	[raft_thread.py write_to_logger 60]  320 root [INFO ] 
FILE:./C/Code/handlers_utils.c, FUNCTION:update_DB, LINE:13
MESSAGE:update DB
VARIABLES:  DB_flag=status db  key=leader id 
-----------------------------

06/03/2018 09:33:22 PM	[raft_thread.py write_to_logger 61]  320 root [WARNI] 
FILE:./C/Code/handlers_utils.c, FUNCTION:update_DB, LINE:13
MESSAGE:update DB
VARIABLES:  DB_flag=status db  key=leader id 
-----------------------------

06/03/2018 09:33:22 PM	[raft_thread.py write_to_logger 62]  320 root [ERROR] 
FILE:./C/Code/handlers_utils.c, FUNCTION:update_DB, LINE:13
MESSAGE:update DB
VARIABLES:  DB_flag=status db  key=leader id 
-----------------------------

06/03/2018 09:33:22 PM	[raft_thread.py write_to_logger 63]  320 root [CRITI] 
FILE:./C/Code/handlers_utils.c, FUNCTION:update_DB, LINE:13
MESSAGE:update DB
VARIABLES:  DB_flag=status db  key=leader id 
-----------------------------

06/03/2018 09:33:22 PM	[raft_thread.py write_to_logger 59]  320 root [DEBUG] 
FILE:./C/Code/handlers_utils.c, FUNCTION:update_DB, LINE:14
MESSAGE:update DB
VARIABLES:  value=0 
-----------------------------

06/03/2018 09:33:22 PM	[raft_thread.py write_to_logger 60]  320 root [INFO ] 
FILE:./C/Code/handlers_utils.c, FUNCTION:update_DB, LINE:14
MESSAGE:update DB
VARIABLES:  value=0 
-----------------------------

06/03/2018 09:33:22 PM	[raft_thread.py write_to_logger 61]  320 root [WARNI] 
FILE:./C/Code/handlers_utils.c, FUNCTION:update_DB, LINE:14
MESSAGE:update DB
VARIABLES:  value=0 
-----------------------------

06/03/2018 09:33:22 PM	[raft_thread.py write_to_logger 62]  320 root [ERROR] 
FILE:./C/Code/handlers_utils.c, FUNCTION:update_DB, LINE:14
MESSAGE:update DB
VARIABLES:  value=0 
-----------------------------

06/03/2018 09:33:22 PM	[raft_thread.py write_to_logger 63]  321 root [CRITI] 
FILE:./C/Code/handlers_utils.c, FUNCTION:update_DB, LINE:14
MESSAGE:update DB
VARIABLES:  value=0 
-----------------------------

06/03/2018 09:33:22 PM	[raft_thread.py write_to_logger 59]  321 root [DEBUG] 
FILE:./C/Code/static_queue.c, FUNCTION:create_new_queue_node_data, LINE:101
MESSAGE:create new msg
VARIABLES:  event=8 
-----------------------------

06/03/2018 09:33:22 PM	[raft_thread.py write_to_logger 60]  321 root [INFO ] 
FILE:./C/Code/static_queue.c, FUNCTION:create_new_queue_node_data, LINE:101
MESSAGE:create new msg
VARIABLES:  event=8 
-----------------------------

06/03/2018 09:33:22 PM	[raft_thread.py write_to_logger 61]  322 root [WARNI] 
FILE:./C/Code/static_queue.c, FUNCTION:create_new_queue_node_data, LINE:101
MESSAGE:create new msg
VARIABLES:  event=8 
-----------------------------

06/03/2018 09:33:22 PM	[raft_thread.py write_to_logger 62]  322 root [ERROR] 
FILE:./C/Code/static_queue.c, FUNCTION:create_new_queue_node_data, LINE:101
MESSAGE:create new msg
VARIABLES:  event=8 
-----------------------------

06/03/2018 09:33:22 PM	[raft_thread.py write_to_logger 63]  322 root [CRITI] 
FILE:./C/Code/static_queue.c, FUNCTION:create_new_queue_node_data, LINE:101
MESSAGE:create new msg
VARIABLES:  event=8 
-----------------------------

06/03/2018 09:33:22 PM	[raft_thread.py write_to_logger 59]  322 root [DEBUG] 
FILE:./C/Code/follower_handlers.c, FUNCTION:follower_time_out_handler, LINE:258
MESSAGE:follower became candidate and is sending request for vote msg
-----------------------------

06/03/2018 09:33:22 PM	[raft_thread.py write_to_logger 60]  322 root [INFO ] 
FILE:./C/Code/follower_handlers.c, FUNCTION:follower_time_out_handler, LINE:258
MESSAGE:follower became candidate and is sending request for vote msg
-----------------------------

06/03/2018 09:33:22 PM	[raft_thread.py write_to_logger 61]  322 root [WARNI] 
FILE:./C/Code/follower_handlers.c, FUNCTION:follower_time_out_handler, LINE:258
MESSAGE:follower became candidate and is sending request for vote msg
-----------------------------

06/03/2018 09:33:22 PM	[raft_thread.py write_to_logger 62]  322 root [ERROR] 
FILE:./C/Code/follower_handlers.c, FUNCTION:follower_time_out_handler, LINE:258
MESSAGE:follower became candidate and is sending request for vote msg
-----------------------------

06/03/2018 09:33:22 PM	[raft_thread.py write_to_logger 63]  322 root [CRITI] 
FILE:./C/Code/follower_handlers.c, FUNCTION:follower_time_out_handler, LINE:258
MESSAGE:follower became candidate and is sending request for vote msg
-----------------------------

06/03/2018 09:33:22 PM	[raft_thread.py write_to_logger 59]  322 root [DEBUG] 
FILE:./C/Code/raft_server.c, FUNCTION:send_raft_message, LINE:87
MESSAGE:try to send msg
VARIABLES:  message_size=16 
-----------------------------

06/03/2018 09:33:22 PM	[raft_thread.py write_to_logger 60]  322 root [INFO ] 
FILE:./C/Code/raft_server.c, FUNCTION:send_raft_message, LINE:87
MESSAGE:try to send msg
VARIABLES:  message_size=16 
-----------------------------

06/03/2018 09:33:22 PM	[raft_thread.py write_to_logger 61]  322 root [WARNI] 
FILE:./C/Code/raft_server.c, FUNCTION:send_raft_message, LINE:87
MESSAGE:try to send msg
VARIABLES:  message_size=16 
-----------------------------

06/03/2018 09:33:22 PM	[raft_thread.py write_to_logger 62]  323 root [ERROR] 
FILE:./C/Code/raft_server.c, FUNCTION:send_raft_message, LINE:87
MESSAGE:try to send msg
VARIABLES:  message_size=16 
-----------------------------

06/03/2018 09:33:22 PM	[raft_thread.py write_to_logger 63]  323 root [CRITI] 
FILE:./C/Code/raft_server.c, FUNCTION:send_raft_message, LINE:87
MESSAGE:try to send msg
VARIABLES:  message_size=16 
-----------------------------

06/03/2018 09:33:22 PM	[raft_thread.py write_to_logger 59]  323 root [DEBUG] 
FILE:./C/Code/raft_server.c, FUNCTION:send_raft_message, LINE:103
MESSAGE:msg was successfully sent
VARIABLES:  message_size=16 
-----------------------------

06/03/2018 09:33:22 PM	[raft_thread.py write_to_logger 60]  323 root [INFO ] 
FILE:./C/Code/raft_server.c, FUNCTION:send_raft_message, LINE:103
MESSAGE:msg was successfully sent
VARIABLES:  message_size=16 
-----------------------------

06/03/2018 09:33:22 PM	[raft_thread.py write_to_logger 61]  323 root [WARNI] 
FILE:./C/Code/raft_server.c, FUNCTION:send_raft_message, LINE:103
MESSAGE:msg was successfully sent
VARIABLES:  message_size=16 
-----------------------------

06/03/2018 09:33:22 PM	[raft_thread.py write_to_logger 62]  323 root [ERROR] 
FILE:./C/Code/raft_server.c, FUNCTION:send_raft_message, LINE:103
MESSAGE:msg was successfully sent
VARIABLES:  message_size=16 
-----------------------------

06/03/2018 09:33:22 PM	[raft_thread.py write_to_logger 63]  323 root [CRITI] 
FILE:./C/Code/raft_server.c, FUNCTION:send_raft_message, LINE:103
MESSAGE:msg was successfully sent
VARIABLES:  message_size=16 
-----------------------------

06/03/2018 09:33:22 PM	[raft_thread.py write_to_logger 59]  324 root [DEBUG] 
FILE:./C/Code/raft_server.c, FUNCTION:get_raft_message, LINE:131
MESSAGE:msg was successfully read
VARIABLES:  message_size=16 
-----------------------------

06/03/2018 09:33:22 PM	[raft_thread.py write_to_logger 60]  324 root [INFO ] 
FILE:./C/Code/raft_server.c, FUNCTION:get_raft_message, LINE:131
MESSAGE:msg was successfully read
VARIABLES:  message_size=16 
-----------------------------

06/03/2018 09:33:22 PM	[raft_thread.py write_to_logger 61]  324 root [WARNI] 
FILE:./C/Code/raft_server.c, FUNCTION:get_raft_message, LINE:131
MESSAGE:msg was successfully read
VARIABLES:  message_size=16 
-----------------------------

06/03/2018 09:33:22 PM	[raft_thread.py write_to_logger 62]  324 root [ERROR] 
FILE:./C/Code/raft_server.c, FUNCTION:get_raft_message, LINE:131
MESSAGE:msg was successfully read
VARIABLES:  message_size=16 
-----------------------------

06/03/2018 09:33:22 PM	[raft_thread.py write_to_logger 63]  324 root [CRITI] 
FILE:./C/Code/raft_server.c, FUNCTION:get_raft_message, LINE:131
MESSAGE:msg was successfully read
VARIABLES:  message_size=16 
-----------------------------

06/03/2018 09:33:22 PM	[raft_thread.py write_to_logger 59]  324 root [DEBUG] 
FILE:./raft_main.c, FUNCTION:run_multicast_listener, LINE:13
MESSAGE:got new message and ids as followed:
VARIABLES:  new_node.message_sent_by=1  sharedRaftData.raft_state.server_id=1 
-----------------------------

06/03/2018 09:33:22 PM	[raft_thread.py write_to_logger 60]  324 root [INFO ] 
FILE:./raft_main.c, FUNCTION:run_multicast_listener, LINE:13
MESSAGE:got new message and ids as followed:
VARIABLES:  new_node.message_sent_by=1  sharedRaftData.raft_state.server_id=1 
-----------------------------

06/03/2018 09:33:22 PM	[raft_thread.py write_to_logger 61]  324 root [WARNI] 
FILE:./raft_main.c, FUNCTION:run_multicast_listener, LINE:13
MESSAGE:got new message and ids as followed:
VARIABLES:  new_node.message_sent_by=1  sharedRaftData.raft_state.server_id=1 
-----------------------------

06/03/2018 09:33:22 PM	[raft_thread.py write_to_logger 62]  324 root [ERROR] 
FILE:./raft_main.c, FUNCTION:run_multicast_listener, LINE:13
MESSAGE:got new message and ids as followed:
VARIABLES:  new_node.message_sent_by=1  sharedRaftData.raft_state.server_id=1 
-----------------------------

06/03/2018 09:33:22 PM	[raft_thread.py write_to_logger 63]  324 root [CRITI] 
FILE:./raft_main.c, FUNCTION:run_multicast_listener, LINE:13
MESSAGE:got new message and ids as followed:
VARIABLES:  new_node.message_sent_by=1  sharedRaftData.raft_state.server_id=1 
-----------------------------

06/03/2018 09:33:22 PM	[raft_thread.py write_to_logger 59]  324 root [DEBUG] 
FILE:./C/Code/handlers_utils.c, FUNCTION:is_relevant_message, LINE:108
MESSAGE:This is my msg- ignore!
-----------------------------

06/03/2018 09:33:22 PM	[raft_thread.py write_to_logger 60]  324 root [INFO ] 
FILE:./C/Code/handlers_utils.c, FUNCTION:is_relevant_message, LINE:108
MESSAGE:This is my msg- ignore!
-----------------------------

06/03/2018 09:33:22 PM	[raft_thread.py write_to_logger 61]  324 root [WARNI] 
FILE:./C/Code/handlers_utils.c, FUNCTION:is_relevant_message, LINE:108
MESSAGE:This is my msg- ignore!
-----------------------------

06/03/2018 09:33:22 PM	[raft_thread.py write_to_logger 62]  325 root [ERROR] 
FILE:./C/Code/handlers_utils.c, FUNCTION:is_relevant_message, LINE:108
MESSAGE:This is my msg- ignore!
-----------------------------

06/03/2018 09:33:22 PM	[raft_thread.py write_to_logger 63]  325 root [CRITI] 
FILE:./C/Code/handlers_utils.c, FUNCTION:is_relevant_message, LINE:108
MESSAGE:This is my msg- ignore!
-----------------------------

06/03/2018 09:33:22 PM	[raft_thread.py write_to_logger 59]  325 root [DEBUG] 
FILE:./C/Code/raft_server.c, FUNCTION:get_raft_message, LINE:111
MESSAGE:try to read message
-----------------------------

06/03/2018 09:33:22 PM	[raft_thread.py write_to_logger 60]  325 root [INFO ] 
FILE:./C/Code/raft_server.c, FUNCTION:get_raft_message, LINE:111
MESSAGE:try to read message
-----------------------------

06/03/2018 09:33:22 PM	[raft_thread.py write_to_logger 61]  325 root [WARNI] 
FILE:./C/Code/raft_server.c, FUNCTION:get_raft_message, LINE:111
MESSAGE:try to read message
-----------------------------

06/03/2018 09:33:22 PM	[raft_thread.py write_to_logger 62]  325 root [ERROR] 
FILE:./C/Code/raft_server.c, FUNCTION:get_raft_message, LINE:111
MESSAGE:try to read message
-----------------------------

06/03/2018 09:33:22 PM	[raft_thread.py write_to_logger 63]  325 root [CRITI] 
FILE:./C/Code/raft_server.c, FUNCTION:get_raft_message, LINE:111
MESSAGE:try to read message
-----------------------------

06/03/2018 09:33:23 PM	[raft_thread.py write_to_logger 59]  311 root [DEBUG] 
FILE:./C/Code/handlers_utils.c, FUNCTION:time_out_hendler, LINE:63
MESSAGE:add new timeout event- now in queue
VARIABLES:  sharedRaftData.raft_state.current_state=1 
-----------------------------

06/03/2018 09:33:23 PM	[raft_thread.py write_to_logger 60]  312 root [INFO ] 
FILE:./C/Code/handlers_utils.c, FUNCTION:time_out_hendler, LINE:63
MESSAGE:add new timeout event- now in queue
VARIABLES:  sharedRaftData.raft_state.current_state=1 
-----------------------------

06/03/2018 09:33:23 PM	[raft_thread.py write_to_logger 61]  312 root [WARNI] 
FILE:./C/Code/handlers_utils.c, FUNCTION:time_out_hendler, LINE:63
MESSAGE:add new timeout event- now in queue
VARIABLES:  sharedRaftData.raft_state.current_state=1 
-----------------------------

06/03/2018 09:33:23 PM	[raft_thread.py write_to_logger 62]  312 root [ERROR] 
FILE:./C/Code/handlers_utils.c, FUNCTION:time_out_hendler, LINE:63
MESSAGE:add new timeout event- now in queue
VARIABLES:  sharedRaftData.raft_state.current_state=1 
-----------------------------

06/03/2018 09:33:23 PM	[raft_thread.py write_to_logger 63]  313 root [CRITI] 
FILE:./C/Code/handlers_utils.c, FUNCTION:time_out_hendler, LINE:63
MESSAGE:add new timeout event- now in queue
VARIABLES:  sharedRaftData.raft_state.current_state=1 
-----------------------------

06/03/2018 09:33:23 PM	[raft_thread.py write_to_logger 59]  313 root [DEBUG] 
FILE:./C/Code/state_machine.c, FUNCTION:operate_machine_state, LINE:8
MESSAGE:enter state function
VARIABLES:  node->event=0  sharedRaftData.raft_state.current_state=1 
-----------------------------

06/03/2018 09:33:23 PM	[raft_thread.py write_to_logger 60]  313 root [INFO ] 
FILE:./C/Code/state_machine.c, FUNCTION:operate_machine_state, LINE:8
MESSAGE:enter state function
VARIABLES:  node->event=0  sharedRaftData.raft_state.current_state=1 
-----------------------------

06/03/2018 09:33:23 PM	[raft_thread.py write_to_logger 61]  313 root [WARNI] 
FILE:./C/Code/state_machine.c, FUNCTION:operate_machine_state, LINE:8
MESSAGE:enter state function
VARIABLES:  node->event=0  sharedRaftData.raft_state.current_state=1 
-----------------------------

06/03/2018 09:33:23 PM	[raft_thread.py write_to_logger 62]  314 root [ERROR] 
FILE:./C/Code/state_machine.c, FUNCTION:operate_machine_state, LINE:8
MESSAGE:enter state function
VARIABLES:  node->event=0  sharedRaftData.raft_state.current_state=1 
-----------------------------

06/03/2018 09:33:23 PM	[raft_thread.py write_to_logger 63]  314 root [CRITI] 
FILE:./C/Code/state_machine.c, FUNCTION:operate_machine_state, LINE:8
MESSAGE:enter state function
VARIABLES:  node->event=0  sharedRaftData.raft_state.current_state=1 
-----------------------------

06/03/2018 09:33:23 PM	[raft_thread.py write_to_logger 59]  314 root [DEBUG] 
FILE:./C/Code/candidate_handlers.c, FUNCTION:candidate_time_out_handler, LINE:132
MESSAGE:timeout event
VARIABLES:  sharedRaftData.raft_state.wakeup_counter=0 
-----------------------------

06/03/2018 09:33:23 PM	[raft_thread.py write_to_logger 60]  314 root [INFO ] 
FILE:./C/Code/candidate_handlers.c, FUNCTION:candidate_time_out_handler, LINE:132
MESSAGE:timeout event
VARIABLES:  sharedRaftData.raft_state.wakeup_counter=0 
-----------------------------

06/03/2018 09:33:23 PM	[raft_thread.py write_to_logger 61]  314 root [WARNI] 
FILE:./C/Code/candidate_handlers.c, FUNCTION:candidate_time_out_handler, LINE:132
MESSAGE:timeout event
VARIABLES:  sharedRaftData.raft_state.wakeup_counter=0 
-----------------------------

06/03/2018 09:33:23 PM	[raft_thread.py write_to_logger 62]  314 root [ERROR] 
FILE:./C/Code/candidate_handlers.c, FUNCTION:candidate_time_out_handler, LINE:132
MESSAGE:timeout event
VARIABLES:  sharedRaftData.raft_state.wakeup_counter=0 
-----------------------------

06/03/2018 09:33:23 PM	[raft_thread.py write_to_logger 63]  314 root [CRITI] 
FILE:./C/Code/candidate_handlers.c, FUNCTION:candidate_time_out_handler, LINE:132
MESSAGE:timeout event
VARIABLES:  sharedRaftData.raft_state.wakeup_counter=0 
-----------------------------

06/03/2018 09:33:24 PM	[raft_thread.py write_to_logger 59]  311 root [DEBUG] 
FILE:./C/Code/handlers_utils.c, FUNCTION:time_out_hendler, LINE:63
MESSAGE:add new timeout event- now in queue
VARIABLES:  sharedRaftData.raft_state.current_state=1 
-----------------------------

06/03/2018 09:33:24 PM	[raft_thread.py write_to_logger 60]  312 root [INFO ] 
FILE:./C/Code/handlers_utils.c, FUNCTION:time_out_hendler, LINE:63
MESSAGE:add new timeout event- now in queue
VARIABLES:  sharedRaftData.raft_state.current_state=1 
-----------------------------

06/03/2018 09:33:24 PM	[raft_thread.py write_to_logger 61]  312 root [WARNI] 
FILE:./C/Code/handlers_utils.c, FUNCTION:time_out_hendler, LINE:63
MESSAGE:add new timeout event- now in queue
VARIABLES:  sharedRaftData.raft_state.current_state=1 
-----------------------------

06/03/2018 09:33:24 PM	[raft_thread.py write_to_logger 62]  312 root [ERROR] 
FILE:./C/Code/handlers_utils.c, FUNCTION:time_out_hendler, LINE:63
MESSAGE:add new timeout event- now in queue
VARIABLES:  sharedRaftData.raft_state.current_state=1 
-----------------------------

06/03/2018 09:33:24 PM	[raft_thread.py write_to_logger 63]  312 root [CRITI] 
FILE:./C/Code/handlers_utils.c, FUNCTION:time_out_hendler, LINE:63
MESSAGE:add new timeout event- now in queue
VARIABLES:  sharedRaftData.raft_state.current_state=1 
-----------------------------

06/03/2018 09:33:24 PM	[raft_thread.py write_to_logger 59]  312 root [DEBUG] 
FILE:./C/Code/state_machine.c, FUNCTION:operate_machine_state, LINE:8
MESSAGE:enter state function
VARIABLES:  node->event=0  sharedRaftData.raft_state.current_state=1 
-----------------------------

06/03/2018 09:33:24 PM	[raft_thread.py write_to_logger 60]  312 root [INFO ] 
FILE:./C/Code/state_machine.c, FUNCTION:operate_machine_state, LINE:8
MESSAGE:enter state function
VARIABLES:  node->event=0  sharedRaftData.raft_state.current_state=1 
-----------------------------

06/03/2018 09:33:24 PM	[raft_thread.py write_to_logger 61]  312 root [WARNI] 
FILE:./C/Code/state_machine.c, FUNCTION:operate_machine_state, LINE:8
MESSAGE:enter state function
VARIABLES:  node->event=0  sharedRaftData.raft_state.current_state=1 
-----------------------------

06/03/2018 09:33:24 PM	[raft_thread.py write_to_logger 62]  313 root [ERROR] 
FILE:./C/Code/state_machine.c, FUNCTION:operate_machine_state, LINE:8
MESSAGE:enter state function
VARIABLES:  node->event=0  sharedRaftData.raft_state.current_state=1 
-----------------------------

06/03/2018 09:33:24 PM	[raft_thread.py write_to_logger 63]  313 root [CRITI] 
FILE:./C/Code/state_machine.c, FUNCTION:operate_machine_state, LINE:8
MESSAGE:enter state function
VARIABLES:  node->event=0  sharedRaftData.raft_state.current_state=1 
-----------------------------

06/03/2018 09:33:24 PM	[raft_thread.py write_to_logger 59]  313 root [DEBUG] 
FILE:./C/Code/candidate_handlers.c, FUNCTION:candidate_time_out_handler, LINE:132
MESSAGE:timeout event
VARIABLES:  sharedRaftData.raft_state.wakeup_counter=1 
-----------------------------

06/03/2018 09:33:24 PM	[raft_thread.py write_to_logger 60]  313 root [INFO ] 
FILE:./C/Code/candidate_handlers.c, FUNCTION:candidate_time_out_handler, LINE:132
MESSAGE:timeout event
VARIABLES:  sharedRaftData.raft_state.wakeup_counter=1 
-----------------------------

06/03/2018 09:33:24 PM	[raft_thread.py write_to_logger 61]  313 root [WARNI] 
FILE:./C/Code/candidate_handlers.c, FUNCTION:candidate_time_out_handler, LINE:132
MESSAGE:timeout event
VARIABLES:  sharedRaftData.raft_state.wakeup_counter=1 
-----------------------------

06/03/2018 09:33:24 PM	[raft_thread.py write_to_logger 62]  313 root [ERROR] 
FILE:./C/Code/candidate_handlers.c, FUNCTION:candidate_time_out_handler, LINE:132
MESSAGE:timeout event
VARIABLES:  sharedRaftData.raft_state.wakeup_counter=1 
-----------------------------

06/03/2018 09:33:24 PM	[raft_thread.py write_to_logger 63]  313 root [CRITI] 
FILE:./C/Code/candidate_handlers.c, FUNCTION:candidate_time_out_handler, LINE:132
MESSAGE:timeout event
VARIABLES:  sharedRaftData.raft_state.wakeup_counter=1 
-----------------------------

06/03/2018 09:33:24 PM	[raft_thread.py write_to_logger 59]  314 root [DEBUG] 
FILE:./C/Code/handlers_utils.c, FUNCTION:update_DB, LINE:13
MESSAGE:update DB
VARIABLES:  DB_flag=status db  key=term 
-----------------------------

06/03/2018 09:33:24 PM	[raft_thread.py write_to_logger 60]  314 root [INFO ] 
FILE:./C/Code/handlers_utils.c, FUNCTION:update_DB, LINE:13
MESSAGE:update DB
VARIABLES:  DB_flag=status db  key=term 
-----------------------------

06/03/2018 09:33:24 PM	[raft_thread.py write_to_logger 61]  314 root [WARNI] 
FILE:./C/Code/handlers_utils.c, FUNCTION:update_DB, LINE:13
MESSAGE:update DB
VARIABLES:  DB_flag=status db  key=term 
-----------------------------

06/03/2018 09:33:24 PM	[raft_thread.py write_to_logger 62]  314 root [ERROR] 
FILE:./C/Code/handlers_utils.c, FUNCTION:update_DB, LINE:13
MESSAGE:update DB
VARIABLES:  DB_flag=status db  key=term 
-----------------------------

06/03/2018 09:33:24 PM	[raft_thread.py write_to_logger 63]  314 root [CRITI] 
FILE:./C/Code/handlers_utils.c, FUNCTION:update_DB, LINE:13
MESSAGE:update DB
VARIABLES:  DB_flag=status db  key=term 
-----------------------------

06/03/2018 09:33:24 PM	[raft_thread.py write_to_logger 59]  314 root [DEBUG] 
FILE:./C/Code/handlers_utils.c, FUNCTION:update_DB, LINE:14
MESSAGE:update DB
VARIABLES:  value=2 
-----------------------------

06/03/2018 09:33:24 PM	[raft_thread.py write_to_logger 60]  314 root [INFO ] 
FILE:./C/Code/handlers_utils.c, FUNCTION:update_DB, LINE:14
MESSAGE:update DB
VARIABLES:  value=2 
-----------------------------

06/03/2018 09:33:24 PM	[raft_thread.py write_to_logger 61]  314 root [WARNI] 
FILE:./C/Code/handlers_utils.c, FUNCTION:update_DB, LINE:14
MESSAGE:update DB
VARIABLES:  value=2 
-----------------------------

06/03/2018 09:33:24 PM	[raft_thread.py write_to_logger 62]  314 root [ERROR] 
FILE:./C/Code/handlers_utils.c, FUNCTION:update_DB, LINE:14
MESSAGE:update DB
VARIABLES:  value=2 
-----------------------------

06/03/2018 09:33:24 PM	[raft_thread.py write_to_logger 63]  314 root [CRITI] 
FILE:./C/Code/handlers_utils.c, FUNCTION:update_DB, LINE:14
MESSAGE:update DB
VARIABLES:  value=2 
-----------------------------

06/03/2018 09:33:24 PM	[raft_thread.py write_to_logger 59]  315 root [DEBUG] 
FILE:./C/Code/static_queue.c, FUNCTION:create_new_queue_node_data, LINE:101
MESSAGE:create new msg
VARIABLES:  event=8 
-----------------------------

06/03/2018 09:33:24 PM	[raft_thread.py write_to_logger 60]  315 root [INFO ] 
FILE:./C/Code/static_queue.c, FUNCTION:create_new_queue_node_data, LINE:101
MESSAGE:create new msg
VARIABLES:  event=8 
-----------------------------

06/03/2018 09:33:24 PM	[raft_thread.py write_to_logger 61]  315 root [WARNI] 
FILE:./C/Code/static_queue.c, FUNCTION:create_new_queue_node_data, LINE:101
MESSAGE:create new msg
VARIABLES:  event=8 
-----------------------------

06/03/2018 09:33:24 PM	[raft_thread.py write_to_logger 62]  316 root [ERROR] 
FILE:./C/Code/static_queue.c, FUNCTION:create_new_queue_node_data, LINE:101
MESSAGE:create new msg
VARIABLES:  event=8 
-----------------------------

06/03/2018 09:33:24 PM	[raft_thread.py write_to_logger 63]  316 root [CRITI] 
FILE:./C/Code/static_queue.c, FUNCTION:create_new_queue_node_data, LINE:101
MESSAGE:create new msg
VARIABLES:  event=8 
-----------------------------

06/03/2018 09:33:24 PM	[raft_thread.py write_to_logger 59]  316 root [DEBUG] 
FILE:./C/Code/candidate_handlers.c, FUNCTION:candidate_time_out_handler, LINE:146
MESSAGE:candidate sending request for vote msg
VARIABLES:  sharedRaftData.raft_state.term=2 
-----------------------------

06/03/2018 09:33:24 PM	[raft_thread.py write_to_logger 60]  316 root [INFO ] 
FILE:./C/Code/candidate_handlers.c, FUNCTION:candidate_time_out_handler, LINE:146
MESSAGE:candidate sending request for vote msg
VARIABLES:  sharedRaftData.raft_state.term=2 
-----------------------------

06/03/2018 09:33:24 PM	[raft_thread.py write_to_logger 61]  316 root [WARNI] 
FILE:./C/Code/candidate_handlers.c, FUNCTION:candidate_time_out_handler, LINE:146
MESSAGE:candidate sending request for vote msg
VARIABLES:  sharedRaftData.raft_state.term=2 
-----------------------------

06/03/2018 09:33:24 PM	[raft_thread.py write_to_logger 62]  316 root [ERROR] 
FILE:./C/Code/candidate_handlers.c, FUNCTION:candidate_time_out_handler, LINE:146
MESSAGE:candidate sending request for vote msg
VARIABLES:  sharedRaftData.raft_state.term=2 
-----------------------------

06/03/2018 09:33:24 PM	[raft_thread.py write_to_logger 63]  316 root [CRITI] 
FILE:./C/Code/candidate_handlers.c, FUNCTION:candidate_time_out_handler, LINE:146
MESSAGE:candidate sending request for vote msg
VARIABLES:  sharedRaftData.raft_state.term=2 
-----------------------------

06/03/2018 09:33:24 PM	[raft_thread.py write_to_logger 59]  317 root [DEBUG] 
FILE:./C/Code/raft_server.c, FUNCTION:send_raft_message, LINE:87
MESSAGE:try to send msg
VARIABLES:  message_size=16 
-----------------------------

06/03/2018 09:33:24 PM	[raft_thread.py write_to_logger 60]  317 root [INFO ] 
FILE:./C/Code/raft_server.c, FUNCTION:send_raft_message, LINE:87
MESSAGE:try to send msg
VARIABLES:  message_size=16 
-----------------------------

06/03/2018 09:33:24 PM	[raft_thread.py write_to_logger 61]  317 root [WARNI] 
FILE:./C/Code/raft_server.c, FUNCTION:send_raft_message, LINE:87
MESSAGE:try to send msg
VARIABLES:  message_size=16 
-----------------------------

06/03/2018 09:33:24 PM	[raft_thread.py write_to_logger 62]  317 root [ERROR] 
FILE:./C/Code/raft_server.c, FUNCTION:send_raft_message, LINE:87
MESSAGE:try to send msg
VARIABLES:  message_size=16 
-----------------------------

06/03/2018 09:33:24 PM	[raft_thread.py write_to_logger 63]  317 root [CRITI] 
FILE:./C/Code/raft_server.c, FUNCTION:send_raft_message, LINE:87
MESSAGE:try to send msg
VARIABLES:  message_size=16 
-----------------------------

06/03/2018 09:33:24 PM	[raft_thread.py write_to_logger 59]  317 root [DEBUG] 
FILE:./C/Code/raft_server.c, FUNCTION:send_raft_message, LINE:103
MESSAGE:msg was successfully sent
VARIABLES:  message_size=16 
-----------------------------

06/03/2018 09:33:24 PM	[raft_thread.py write_to_logger 60]  317 root [INFO ] 
FILE:./C/Code/raft_server.c, FUNCTION:send_raft_message, LINE:103
MESSAGE:msg was successfully sent
VARIABLES:  message_size=16 
-----------------------------

06/03/2018 09:33:24 PM	[raft_thread.py write_to_logger 61]  318 root [WARNI] 
FILE:./C/Code/raft_server.c, FUNCTION:send_raft_message, LINE:103
MESSAGE:msg was successfully sent
VARIABLES:  message_size=16 
-----------------------------

06/03/2018 09:33:24 PM	[raft_thread.py write_to_logger 62]  318 root [ERROR] 
FILE:./C/Code/raft_server.c, FUNCTION:send_raft_message, LINE:103
MESSAGE:msg was successfully sent
VARIABLES:  message_size=16 
-----------------------------

06/03/2018 09:33:24 PM	[raft_thread.py write_to_logger 59]  318 root [DEBUG] 
FILE:./C/Code/raft_server.c, FUNCTION:get_raft_message, LINE:131
MESSAGE:msg was successfully read
VARIABLES:  message_size=16 
-----------------------------

06/03/2018 09:33:24 PM	[raft_thread.py write_to_logger 63]  318 root [CRITI] 
FILE:./C/Code/raft_server.c, FUNCTION:send_raft_message, LINE:103
MESSAGE:msg was successfully sent
VARIABLES:  message_size=16 
-----------------------------

06/03/2018 09:33:24 PM	[raft_thread.py write_to_logger 60]  318 root [INFO ] 
FILE:./C/Code/raft_server.c, FUNCTION:get_raft_message, LINE:131
MESSAGE:msg was successfully read
VARIABLES:  message_size=16 
-----------------------------

06/03/2018 09:33:24 PM	[raft_thread.py write_to_logger 61]  318 root [WARNI] 
FILE:./C/Code/raft_server.c, FUNCTION:get_raft_message, LINE:131
MESSAGE:msg was successfully read
VARIABLES:  message_size=16 
-----------------------------

06/03/2018 09:33:24 PM	[raft_thread.py write_to_logger 62]  318 root [ERROR] 
FILE:./C/Code/raft_server.c, FUNCTION:get_raft_message, LINE:131
MESSAGE:msg was successfully read
VARIABLES:  message_size=16 
-----------------------------

06/03/2018 09:33:24 PM	[raft_thread.py write_to_logger 63]  319 root [CRITI] 
FILE:./C/Code/raft_server.c, FUNCTION:get_raft_message, LINE:131
MESSAGE:msg was successfully read
VARIABLES:  message_size=16 
-----------------------------

06/03/2018 09:33:24 PM	[raft_thread.py write_to_logger 59]  319 root [DEBUG] 
FILE:./raft_main.c, FUNCTION:run_multicast_listener, LINE:13
MESSAGE:got new message and ids as followed:
VARIABLES:  new_node.message_sent_by=1  sharedRaftData.raft_state.server_id=1 
-----------------------------

06/03/2018 09:33:24 PM	[raft_thread.py write_to_logger 60]  319 root [INFO ] 
FILE:./raft_main.c, FUNCTION:run_multicast_listener, LINE:13
MESSAGE:got new message and ids as followed:
VARIABLES:  new_node.message_sent_by=1  sharedRaftData.raft_state.server_id=1 
-----------------------------

06/03/2018 09:33:24 PM	[raft_thread.py write_to_logger 61]  319 root [WARNI] 
FILE:./raft_main.c, FUNCTION:run_multicast_listener, LINE:13
MESSAGE:got new message and ids as followed:
VARIABLES:  new_node.message_sent_by=1  sharedRaftData.raft_state.server_id=1 
-----------------------------

06/03/2018 09:33:24 PM	[raft_thread.py write_to_logger 62]  319 root [ERROR] 
FILE:./raft_main.c, FUNCTION:run_multicast_listener, LINE:13
MESSAGE:got new message and ids as followed:
VARIABLES:  new_node.message_sent_by=1  sharedRaftData.raft_state.server_id=1 
-----------------------------

06/03/2018 09:33:24 PM	[raft_thread.py write_to_logger 63]  319 root [CRITI] 
FILE:./raft_main.c, FUNCTION:run_multicast_listener, LINE:13
MESSAGE:got new message and ids as followed:
VARIABLES:  new_node.message_sent_by=1  sharedRaftData.raft_state.server_id=1 
-----------------------------

06/03/2018 09:33:24 PM	[raft_thread.py write_to_logger 59]  319 root [DEBUG] 
FILE:./C/Code/handlers_utils.c, FUNCTION:is_relevant_message, LINE:108
MESSAGE:This is my msg- ignore!
-----------------------------

06/03/2018 09:33:24 PM	[raft_thread.py write_to_logger 60]  319 root [INFO ] 
FILE:./C/Code/handlers_utils.c, FUNCTION:is_relevant_message, LINE:108
MESSAGE:This is my msg- ignore!
-----------------------------

06/03/2018 09:33:24 PM	[raft_thread.py write_to_logger 61]  319 root [WARNI] 
FILE:./C/Code/handlers_utils.c, FUNCTION:is_relevant_message, LINE:108
MESSAGE:This is my msg- ignore!
-----------------------------

06/03/2018 09:33:24 PM	[raft_thread.py write_to_logger 62]  319 root [ERROR] 
FILE:./C/Code/handlers_utils.c, FUNCTION:is_relevant_message, LINE:108
MESSAGE:This is my msg- ignore!
-----------------------------

06/03/2018 09:33:24 PM	[raft_thread.py write_to_logger 63]  319 root [CRITI] 
FILE:./C/Code/handlers_utils.c, FUNCTION:is_relevant_message, LINE:108
MESSAGE:This is my msg- ignore!
-----------------------------

06/03/2018 09:33:24 PM	[raft_thread.py write_to_logger 59]  319 root [DEBUG] 
FILE:./C/Code/raft_server.c, FUNCTION:get_raft_message, LINE:111
MESSAGE:try to read message
-----------------------------

06/03/2018 09:33:24 PM	[raft_thread.py write_to_logger 60]  319 root [INFO ] 
FILE:./C/Code/raft_server.c, FUNCTION:get_raft_message, LINE:111
MESSAGE:try to read message
-----------------------------

06/03/2018 09:33:24 PM	[raft_thread.py write_to_logger 61]  319 root [WARNI] 
FILE:./C/Code/raft_server.c, FUNCTION:get_raft_message, LINE:111
MESSAGE:try to read message
-----------------------------

06/03/2018 09:33:24 PM	[raft_thread.py write_to_logger 62]  319 root [ERROR] 
FILE:./C/Code/raft_server.c, FUNCTION:get_raft_message, LINE:111
MESSAGE:try to read message
-----------------------------

06/03/2018 09:33:24 PM	[raft_thread.py write_to_logger 63]  320 root [CRITI] 
FILE:./C/Code/raft_server.c, FUNCTION:get_raft_message, LINE:111
MESSAGE:try to read message
-----------------------------

06/03/2018 09:33:25 PM	[raft_thread.py write_to_logger 59]  312 root [DEBUG] 
FILE:./C/Code/handlers_utils.c, FUNCTION:time_out_hendler, LINE:63
MESSAGE:add new timeout event- now in queue
VARIABLES:  sharedRaftData.raft_state.current_state=1 
-----------------------------

06/03/2018 09:33:25 PM	[raft_thread.py write_to_logger 60]  312 root [INFO ] 
FILE:./C/Code/handlers_utils.c, FUNCTION:time_out_hendler, LINE:63
MESSAGE:add new timeout event- now in queue
VARIABLES:  sharedRaftData.raft_state.current_state=1 
-----------------------------

06/03/2018 09:33:25 PM	[raft_thread.py write_to_logger 61]  312 root [WARNI] 
FILE:./C/Code/handlers_utils.c, FUNCTION:time_out_hendler, LINE:63
MESSAGE:add new timeout event- now in queue
VARIABLES:  sharedRaftData.raft_state.current_state=1 
-----------------------------

06/03/2018 09:33:25 PM	[raft_thread.py write_to_logger 62]  312 root [ERROR] 
FILE:./C/Code/handlers_utils.c, FUNCTION:time_out_hendler, LINE:63
MESSAGE:add new timeout event- now in queue
VARIABLES:  sharedRaftData.raft_state.current_state=1 
-----------------------------

06/03/2018 09:33:25 PM	[raft_thread.py write_to_logger 63]  312 root [CRITI] 
FILE:./C/Code/handlers_utils.c, FUNCTION:time_out_hendler, LINE:63
MESSAGE:add new timeout event- now in queue
VARIABLES:  sharedRaftData.raft_state.current_state=1 
-----------------------------

06/03/2018 09:33:25 PM	[raft_thread.py write_to_logger 59]  313 root [DEBUG] 
FILE:./C/Code/state_machine.c, FUNCTION:operate_machine_state, LINE:8
MESSAGE:enter state function
VARIABLES:  node->event=0  sharedRaftData.raft_state.current_state=1 
-----------------------------

06/03/2018 09:33:25 PM	[raft_thread.py write_to_logger 60]  313 root [INFO ] 
FILE:./C/Code/state_machine.c, FUNCTION:operate_machine_state, LINE:8
MESSAGE:enter state function
VARIABLES:  node->event=0  sharedRaftData.raft_state.current_state=1 
-----------------------------

06/03/2018 09:33:25 PM	[raft_thread.py write_to_logger 61]  313 root [WARNI] 
FILE:./C/Code/state_machine.c, FUNCTION:operate_machine_state, LINE:8
MESSAGE:enter state function
VARIABLES:  node->event=0  sharedRaftData.raft_state.current_state=1 
-----------------------------

06/03/2018 09:33:25 PM	[raft_thread.py write_to_logger 62]  313 root [ERROR] 
FILE:./C/Code/state_machine.c, FUNCTION:operate_machine_state, LINE:8
MESSAGE:enter state function
VARIABLES:  node->event=0  sharedRaftData.raft_state.current_state=1 
-----------------------------

06/03/2018 09:33:25 PM	[raft_thread.py write_to_logger 63]  313 root [CRITI] 
FILE:./C/Code/state_machine.c, FUNCTION:operate_machine_state, LINE:8
MESSAGE:enter state function
VARIABLES:  node->event=0  sharedRaftData.raft_state.current_state=1 
-----------------------------

06/03/2018 09:33:25 PM	[raft_thread.py write_to_logger 59]  313 root [DEBUG] 
FILE:./C/Code/candidate_handlers.c, FUNCTION:candidate_time_out_handler, LINE:132
MESSAGE:timeout event
VARIABLES:  sharedRaftData.raft_state.wakeup_counter=0 
-----------------------------

06/03/2018 09:33:25 PM	[raft_thread.py write_to_logger 60]  313 root [INFO ] 
FILE:./C/Code/candidate_handlers.c, FUNCTION:candidate_time_out_handler, LINE:132
MESSAGE:timeout event
VARIABLES:  sharedRaftData.raft_state.wakeup_counter=0 
-----------------------------

06/03/2018 09:33:25 PM	[raft_thread.py write_to_logger 61]  313 root [WARNI] 
FILE:./C/Code/candidate_handlers.c, FUNCTION:candidate_time_out_handler, LINE:132
MESSAGE:timeout event
VARIABLES:  sharedRaftData.raft_state.wakeup_counter=0 
-----------------------------

06/03/2018 09:33:25 PM	[raft_thread.py write_to_logger 62]  313 root [ERROR] 
FILE:./C/Code/candidate_handlers.c, FUNCTION:candidate_time_out_handler, LINE:132
MESSAGE:timeout event
VARIABLES:  sharedRaftData.raft_state.wakeup_counter=0 
-----------------------------

06/03/2018 09:33:25 PM	[raft_thread.py write_to_logger 63]  313 root [CRITI] 
FILE:./C/Code/candidate_handlers.c, FUNCTION:candidate_time_out_handler, LINE:132
MESSAGE:timeout event
VARIABLES:  sharedRaftData.raft_state.wakeup_counter=0 
-----------------------------

06/03/2018 09:33:26 PM	[raft_thread.py write_to_logger 59]  312 root [DEBUG] 
FILE:./C/Code/handlers_utils.c, FUNCTION:time_out_hendler, LINE:63
MESSAGE:add new timeout event- now in queue
VARIABLES:  sharedRaftData.raft_state.current_state=1 
-----------------------------

06/03/2018 09:33:26 PM	[raft_thread.py write_to_logger 60]  313 root [INFO ] 
FILE:./C/Code/handlers_utils.c, FUNCTION:time_out_hendler, LINE:63
MESSAGE:add new timeout event- now in queue
VARIABLES:  sharedRaftData.raft_state.current_state=1 
-----------------------------

06/03/2018 09:33:26 PM	[raft_thread.py write_to_logger 61]  313 root [WARNI] 
FILE:./C/Code/handlers_utils.c, FUNCTION:time_out_hendler, LINE:63
MESSAGE:add new timeout event- now in queue
VARIABLES:  sharedRaftData.raft_state.current_state=1 
-----------------------------

06/03/2018 09:33:26 PM	[raft_thread.py write_to_logger 62]  313 root [ERROR] 
FILE:./C/Code/handlers_utils.c, FUNCTION:time_out_hendler, LINE:63
MESSAGE:add new timeout event- now in queue
VARIABLES:  sharedRaftData.raft_state.current_state=1 
-----------------------------

06/03/2018 09:33:26 PM	[raft_thread.py write_to_logger 63]  313 root [CRITI] 
FILE:./C/Code/handlers_utils.c, FUNCTION:time_out_hendler, LINE:63
MESSAGE:add new timeout event- now in queue
VARIABLES:  sharedRaftData.raft_state.current_state=1 
-----------------------------

06/03/2018 09:33:26 PM	[raft_thread.py write_to_logger 59]  313 root [DEBUG] 
FILE:./C/Code/state_machine.c, FUNCTION:operate_machine_state, LINE:8
MESSAGE:enter state function
VARIABLES:  node->event=0  sharedRaftData.raft_state.current_state=1 
-----------------------------

06/03/2018 09:33:26 PM	[raft_thread.py write_to_logger 60]  313 root [INFO ] 
FILE:./C/Code/state_machine.c, FUNCTION:operate_machine_state, LINE:8
MESSAGE:enter state function
VARIABLES:  node->event=0  sharedRaftData.raft_state.current_state=1 
-----------------------------

06/03/2018 09:33:26 PM	[raft_thread.py write_to_logger 61]  313 root [WARNI] 
FILE:./C/Code/state_machine.c, FUNCTION:operate_machine_state, LINE:8
MESSAGE:enter state function
VARIABLES:  node->event=0  sharedRaftData.raft_state.current_state=1 
-----------------------------

06/03/2018 09:33:26 PM	[raft_thread.py write_to_logger 62]  313 root [ERROR] 
FILE:./C/Code/state_machine.c, FUNCTION:operate_machine_state, LINE:8
MESSAGE:enter state function
VARIABLES:  node->event=0  sharedRaftData.raft_state.current_state=1 
-----------------------------

06/03/2018 09:33:26 PM	[raft_thread.py write_to_logger 63]  314 root [CRITI] 
FILE:./C/Code/state_machine.c, FUNCTION:operate_machine_state, LINE:8
MESSAGE:enter state function
VARIABLES:  node->event=0  sharedRaftData.raft_state.current_state=1 
-----------------------------

06/03/2018 09:33:26 PM	[raft_thread.py write_to_logger 59]  314 root [DEBUG] 
FILE:./C/Code/candidate_handlers.c, FUNCTION:candidate_time_out_handler, LINE:132
MESSAGE:timeout event
VARIABLES:  sharedRaftData.raft_state.wakeup_counter=1 
-----------------------------

06/03/2018 09:33:26 PM	[raft_thread.py write_to_logger 60]  314 root [INFO ] 
FILE:./C/Code/candidate_handlers.c, FUNCTION:candidate_time_out_handler, LINE:132
MESSAGE:timeout event
VARIABLES:  sharedRaftData.raft_state.wakeup_counter=1 
-----------------------------

06/03/2018 09:33:26 PM	[raft_thread.py write_to_logger 61]  314 root [WARNI] 
FILE:./C/Code/candidate_handlers.c, FUNCTION:candidate_time_out_handler, LINE:132
MESSAGE:timeout event
VARIABLES:  sharedRaftData.raft_state.wakeup_counter=1 
-----------------------------

06/03/2018 09:33:26 PM	[raft_thread.py write_to_logger 62]  314 root [ERROR] 
FILE:./C/Code/candidate_handlers.c, FUNCTION:candidate_time_out_handler, LINE:132
MESSAGE:timeout event
VARIABLES:  sharedRaftData.raft_state.wakeup_counter=1 
-----------------------------

06/03/2018 09:33:26 PM	[raft_thread.py write_to_logger 63]  314 root [CRITI] 
FILE:./C/Code/candidate_handlers.c, FUNCTION:candidate_time_out_handler, LINE:132
MESSAGE:timeout event
VARIABLES:  sharedRaftData.raft_state.wakeup_counter=1 
-----------------------------

06/03/2018 09:33:26 PM	[raft_thread.py write_to_logger 59]  314 root [DEBUG] 
FILE:./C/Code/handlers_utils.c, FUNCTION:update_DB, LINE:13
MESSAGE:update DB
VARIABLES:  DB_flag=status db  key=term 
-----------------------------

06/03/2018 09:33:26 PM	[raft_thread.py write_to_logger 60]  314 root [INFO ] 
FILE:./C/Code/handlers_utils.c, FUNCTION:update_DB, LINE:13
MESSAGE:update DB
VARIABLES:  DB_flag=status db  key=term 
-----------------------------

06/03/2018 09:33:26 PM	[raft_thread.py write_to_logger 61]  314 root [WARNI] 
FILE:./C/Code/handlers_utils.c, FUNCTION:update_DB, LINE:13
MESSAGE:update DB
VARIABLES:  DB_flag=status db  key=term 
-----------------------------

06/03/2018 09:33:26 PM	[raft_thread.py write_to_logger 62]  314 root [ERROR] 
FILE:./C/Code/handlers_utils.c, FUNCTION:update_DB, LINE:13
MESSAGE:update DB
VARIABLES:  DB_flag=status db  key=term 
-----------------------------

06/03/2018 09:33:26 PM	[raft_thread.py write_to_logger 63]  314 root [CRITI] 
FILE:./C/Code/handlers_utils.c, FUNCTION:update_DB, LINE:13
MESSAGE:update DB
VARIABLES:  DB_flag=status db  key=term 
-----------------------------

06/03/2018 09:33:26 PM	[raft_thread.py write_to_logger 59]  314 root [DEBUG] 
FILE:./C/Code/handlers_utils.c, FUNCTION:update_DB, LINE:14
MESSAGE:update DB
VARIABLES:  value=3 
-----------------------------

06/03/2018 09:33:26 PM	[raft_thread.py write_to_logger 60]  314 root [INFO ] 
FILE:./C/Code/handlers_utils.c, FUNCTION:update_DB, LINE:14
MESSAGE:update DB
VARIABLES:  value=3 
-----------------------------

06/03/2018 09:33:26 PM	[raft_thread.py write_to_logger 61]  314 root [WARNI] 
FILE:./C/Code/handlers_utils.c, FUNCTION:update_DB, LINE:14
MESSAGE:update DB
VARIABLES:  value=3 
-----------------------------

06/03/2018 09:33:26 PM	[raft_thread.py write_to_logger 62]  315 root [ERROR] 
FILE:./C/Code/handlers_utils.c, FUNCTION:update_DB, LINE:14
MESSAGE:update DB
VARIABLES:  value=3 
-----------------------------

06/03/2018 09:33:26 PM	[raft_thread.py write_to_logger 63]  315 root [CRITI] 
FILE:./C/Code/handlers_utils.c, FUNCTION:update_DB, LINE:14
MESSAGE:update DB
VARIABLES:  value=3 
-----------------------------

06/03/2018 09:33:26 PM	[raft_thread.py write_to_logger 59]  315 root [DEBUG] 
FILE:./C/Code/static_queue.c, FUNCTION:create_new_queue_node_data, LINE:101
MESSAGE:create new msg
VARIABLES:  event=8 
-----------------------------

06/03/2018 09:33:26 PM	[raft_thread.py write_to_logger 60]  316 root [INFO ] 
FILE:./C/Code/static_queue.c, FUNCTION:create_new_queue_node_data, LINE:101
MESSAGE:create new msg
VARIABLES:  event=8 
-----------------------------

06/03/2018 09:33:26 PM	[raft_thread.py write_to_logger 61]  316 root [WARNI] 
FILE:./C/Code/static_queue.c, FUNCTION:create_new_queue_node_data, LINE:101
MESSAGE:create new msg
VARIABLES:  event=8 
-----------------------------

06/03/2018 09:33:26 PM	[raft_thread.py write_to_logger 62]  316 root [ERROR] 
FILE:./C/Code/static_queue.c, FUNCTION:create_new_queue_node_data, LINE:101
MESSAGE:create new msg
VARIABLES:  event=8 
-----------------------------

06/03/2018 09:33:26 PM	[raft_thread.py write_to_logger 63]  316 root [CRITI] 
FILE:./C/Code/static_queue.c, FUNCTION:create_new_queue_node_data, LINE:101
MESSAGE:create new msg
VARIABLES:  event=8 
-----------------------------

06/03/2018 09:33:26 PM	[raft_thread.py write_to_logger 59]  316 root [DEBUG] 
FILE:./C/Code/candidate_handlers.c, FUNCTION:candidate_time_out_handler, LINE:146
MESSAGE:candidate sending request for vote msg
VARIABLES:  sharedRaftData.raft_state.term=3 
-----------------------------

06/03/2018 09:33:26 PM	[raft_thread.py write_to_logger 60]  316 root [INFO ] 
FILE:./C/Code/candidate_handlers.c, FUNCTION:candidate_time_out_handler, LINE:146
MESSAGE:candidate sending request for vote msg
VARIABLES:  sharedRaftData.raft_state.term=3 
-----------------------------

06/03/2018 09:33:26 PM	[raft_thread.py write_to_logger 61]  316 root [WARNI] 
FILE:./C/Code/candidate_handlers.c, FUNCTION:candidate_time_out_handler, LINE:146
MESSAGE:candidate sending request for vote msg
VARIABLES:  sharedRaftData.raft_state.term=3 
-----------------------------

06/03/2018 09:33:26 PM	[raft_thread.py write_to_logger 62]  316 root [ERROR] 
FILE:./C/Code/candidate_handlers.c, FUNCTION:candidate_time_out_handler, LINE:146
MESSAGE:candidate sending request for vote msg
VARIABLES:  sharedRaftData.raft_state.term=3 
-----------------------------

06/03/2018 09:33:26 PM	[raft_thread.py write_to_logger 63]  316 root [CRITI] 
FILE:./C/Code/candidate_handlers.c, FUNCTION:candidate_time_out_handler, LINE:146
MESSAGE:candidate sending request for vote msg
VARIABLES:  sharedRaftData.raft_state.term=3 
-----------------------------

06/03/2018 09:33:26 PM	[raft_thread.py write_to_logger 59]  316 root [DEBUG] 
FILE:./C/Code/raft_server.c, FUNCTION:send_raft_message, LINE:87
MESSAGE:try to send msg
VARIABLES:  message_size=16 
-----------------------------

06/03/2018 09:33:26 PM	[raft_thread.py write_to_logger 60]  316 root [INFO ] 
FILE:./C/Code/raft_server.c, FUNCTION:send_raft_message, LINE:87
MESSAGE:try to send msg
VARIABLES:  message_size=16 
-----------------------------

06/03/2018 09:33:26 PM	[raft_thread.py write_to_logger 61]  316 root [WARNI] 
FILE:./C/Code/raft_server.c, FUNCTION:send_raft_message, LINE:87
MESSAGE:try to send msg
VARIABLES:  message_size=16 
-----------------------------

06/03/2018 09:33:26 PM	[raft_thread.py write_to_logger 62]  316 root [ERROR] 
FILE:./C/Code/raft_server.c, FUNCTION:send_raft_message, LINE:87
MESSAGE:try to send msg
VARIABLES:  message_size=16 
-----------------------------

06/03/2018 09:33:26 PM	[raft_thread.py write_to_logger 63]  316 root [CRITI] 
FILE:./C/Code/raft_server.c, FUNCTION:send_raft_message, LINE:87
MESSAGE:try to send msg
VARIABLES:  message_size=16 
-----------------------------

06/03/2018 09:33:26 PM	[raft_thread.py write_to_logger 59]  317 root [DEBUG] 
FILE:./C/Code/raft_server.c, FUNCTION:send_raft_message, LINE:103
MESSAGE:msg was successfully sent
VARIABLES:  message_size=16 
-----------------------------

06/03/2018 09:33:26 PM	[raft_thread.py write_to_logger 60]  317 root [INFO ] 
FILE:./C/Code/raft_server.c, FUNCTION:send_raft_message, LINE:103
MESSAGE:msg was successfully sent
VARIABLES:  message_size=16 
-----------------------------

06/03/2018 09:33:26 PM	[raft_thread.py write_to_logger 61]  317 root [WARNI] 
FILE:./C/Code/raft_server.c, FUNCTION:send_raft_message, LINE:103
MESSAGE:msg was successfully sent
VARIABLES:  message_size=16 
-----------------------------

06/03/2018 09:33:26 PM	[raft_thread.py write_to_logger 62]  317 root [ERROR] 
FILE:./C/Code/raft_server.c, FUNCTION:send_raft_message, LINE:103
MESSAGE:msg was successfully sent
VARIABLES:  message_size=16 
-----------------------------

06/03/2018 09:33:26 PM	[raft_thread.py write_to_logger 63]  317 root [CRITI] 
FILE:./C/Code/raft_server.c, FUNCTION:send_raft_message, LINE:103
MESSAGE:msg was successfully sent
VARIABLES:  message_size=16 
-----------------------------

06/03/2018 09:33:26 PM	[raft_thread.py write_to_logger 59]  317 root [DEBUG] 
FILE:./C/Code/raft_server.c, FUNCTION:get_raft_message, LINE:131
MESSAGE:msg was successfully read
VARIABLES:  message_size=16 
-----------------------------

06/03/2018 09:33:26 PM	[raft_thread.py write_to_logger 60]  317 root [INFO ] 
FILE:./C/Code/raft_server.c, FUNCTION:get_raft_message, LINE:131
MESSAGE:msg was successfully read
VARIABLES:  message_size=16 
-----------------------------

06/03/2018 09:33:26 PM	[raft_thread.py write_to_logger 61]  317 root [WARNI] 
FILE:./C/Code/raft_server.c, FUNCTION:get_raft_message, LINE:131
MESSAGE:msg was successfully read
VARIABLES:  message_size=16 
-----------------------------

06/03/2018 09:33:26 PM	[raft_thread.py write_to_logger 62]  317 root [ERROR] 
FILE:./C/Code/raft_server.c, FUNCTION:get_raft_message, LINE:131
MESSAGE:msg was successfully read
VARIABLES:  message_size=16 
-----------------------------

06/03/2018 09:33:26 PM	[raft_thread.py write_to_logger 63]  317 root [CRITI] 
FILE:./C/Code/raft_server.c, FUNCTION:get_raft_message, LINE:131
MESSAGE:msg was successfully read
VARIABLES:  message_size=16 
-----------------------------

06/03/2018 09:33:26 PM	[raft_thread.py write_to_logger 59]  318 root [DEBUG] 
FILE:./raft_main.c, FUNCTION:run_multicast_listener, LINE:13
MESSAGE:got new message and ids as followed:
VARIABLES:  new_node.message_sent_by=1  sharedRaftData.raft_state.server_id=1 
-----------------------------

06/03/2018 09:33:26 PM	[raft_thread.py write_to_logger 60]  318 root [INFO ] 
FILE:./raft_main.c, FUNCTION:run_multicast_listener, LINE:13
MESSAGE:got new message and ids as followed:
VARIABLES:  new_node.message_sent_by=1  sharedRaftData.raft_state.server_id=1 
-----------------------------

06/03/2018 09:33:26 PM	[raft_thread.py write_to_logger 61]  318 root [WARNI] 
FILE:./raft_main.c, FUNCTION:run_multicast_listener, LINE:13
MESSAGE:got new message and ids as followed:
VARIABLES:  new_node.message_sent_by=1  sharedRaftData.raft_state.server_id=1 
-----------------------------

06/03/2018 09:33:26 PM	[raft_thread.py write_to_logger 62]  318 root [ERROR] 
FILE:./raft_main.c, FUNCTION:run_multicast_listener, LINE:13
MESSAGE:got new message and ids as followed:
VARIABLES:  new_node.message_sent_by=1  sharedRaftData.raft_state.server_id=1 
-----------------------------

06/03/2018 09:33:26 PM	[raft_thread.py write_to_logger 63]  318 root [CRITI] 
FILE:./raft_main.c, FUNCTION:run_multicast_listener, LINE:13
MESSAGE:got new message and ids as followed:
VARIABLES:  new_node.message_sent_by=1  sharedRaftData.raft_state.server_id=1 
-----------------------------

06/03/2018 09:33:26 PM	[raft_thread.py write_to_logger 59]  318 root [DEBUG] 
FILE:./C/Code/handlers_utils.c, FUNCTION:is_relevant_message, LINE:108
MESSAGE:This is my msg- ignore!
-----------------------------

06/03/2018 09:33:26 PM	[raft_thread.py write_to_logger 60]  318 root [INFO ] 
FILE:./C/Code/handlers_utils.c, FUNCTION:is_relevant_message, LINE:108
MESSAGE:This is my msg- ignore!
-----------------------------

06/03/2018 09:33:26 PM	[raft_thread.py write_to_logger 61]  318 root [WARNI] 
FILE:./C/Code/handlers_utils.c, FUNCTION:is_relevant_message, LINE:108
MESSAGE:This is my msg- ignore!
-----------------------------

06/03/2018 09:33:26 PM	[raft_thread.py write_to_logger 62]  318 root [ERROR] 
FILE:./C/Code/handlers_utils.c, FUNCTION:is_relevant_message, LINE:108
MESSAGE:This is my msg- ignore!
-----------------------------

06/03/2018 09:33:26 PM	[raft_thread.py write_to_logger 63]  318 root [CRITI] 
FILE:./C/Code/handlers_utils.c, FUNCTION:is_relevant_message, LINE:108
MESSAGE:This is my msg- ignore!
-----------------------------

06/03/2018 09:33:26 PM	[raft_thread.py write_to_logger 59]  318 root [DEBUG] 
FILE:./C/Code/raft_server.c, FUNCTION:get_raft_message, LINE:111
MESSAGE:try to read message
-----------------------------

06/03/2018 09:33:26 PM	[raft_thread.py write_to_logger 60]  318 root [INFO ] 
FILE:./C/Code/raft_server.c, FUNCTION:get_raft_message, LINE:111
MESSAGE:try to read message
-----------------------------

06/03/2018 09:33:26 PM	[raft_thread.py write_to_logger 61]  318 root [WARNI] 
FILE:./C/Code/raft_server.c, FUNCTION:get_raft_message, LINE:111
MESSAGE:try to read message
-----------------------------

06/03/2018 09:33:26 PM	[raft_thread.py write_to_logger 62]  319 root [ERROR] 
FILE:./C/Code/raft_server.c, FUNCTION:get_raft_message, LINE:111
MESSAGE:try to read message
-----------------------------

06/03/2018 09:33:26 PM	[raft_thread.py write_to_logger 63]  319 root [CRITI] 
FILE:./C/Code/raft_server.c, FUNCTION:get_raft_message, LINE:111
MESSAGE:try to read message
-----------------------------

06/03/2018 09:33:27 PM	[raft_thread.py write_to_logger 59]  354 root [DEBUG] 
FILE:./C/Code/handlers_utils.c, FUNCTION:time_out_hendler, LINE:63
MESSAGE:add new timeout event- now in queue
VARIABLES:  sharedRaftData.raft_state.current_state=1 
-----------------------------

06/03/2018 09:33:27 PM	[raft_thread.py write_to_logger 60]  354 root [INFO ] 
FILE:./C/Code/handlers_utils.c, FUNCTION:time_out_hendler, LINE:63
MESSAGE:add new timeout event- now in queue
VARIABLES:  sharedRaftData.raft_state.current_state=1 
-----------------------------

06/03/2018 09:33:27 PM	[raft_thread.py write_to_logger 61]  354 root [WARNI] 
FILE:./C/Code/handlers_utils.c, FUNCTION:time_out_hendler, LINE:63
MESSAGE:add new timeout event- now in queue
VARIABLES:  sharedRaftData.raft_state.current_state=1 
-----------------------------

06/03/2018 09:33:27 PM	[raft_thread.py write_to_logger 62]  354 root [ERROR] 
FILE:./C/Code/handlers_utils.c, FUNCTION:time_out_hendler, LINE:63
MESSAGE:add new timeout event- now in queue
VARIABLES:  sharedRaftData.raft_state.current_state=1 
-----------------------------

06/03/2018 09:33:27 PM	[raft_thread.py write_to_logger 63]  354 root [CRITI] 
FILE:./C/Code/handlers_utils.c, FUNCTION:time_out_hendler, LINE:63
MESSAGE:add new timeout event- now in queue
VARIABLES:  sharedRaftData.raft_state.current_state=1 
-----------------------------

06/03/2018 09:33:27 PM	[raft_thread.py write_to_logger 59]  354 root [DEBUG] 
FILE:./C/Code/state_machine.c, FUNCTION:operate_machine_state, LINE:8
MESSAGE:enter state function
VARIABLES:  node->event=0  sharedRaftData.raft_state.current_state=1 
-----------------------------

06/03/2018 09:33:27 PM	[raft_thread.py write_to_logger 60]  355 root [INFO ] 
FILE:./C/Code/state_machine.c, FUNCTION:operate_machine_state, LINE:8
MESSAGE:enter state function
VARIABLES:  node->event=0  sharedRaftData.raft_state.current_state=1 
-----------------------------

06/03/2018 09:33:27 PM	[raft_thread.py write_to_logger 61]  355 root [WARNI] 
FILE:./C/Code/state_machine.c, FUNCTION:operate_machine_state, LINE:8
MESSAGE:enter state function
VARIABLES:  node->event=0  sharedRaftData.raft_state.current_state=1 
-----------------------------

06/03/2018 09:33:27 PM	[raft_thread.py write_to_logger 62]  355 root [ERROR] 
FILE:./C/Code/state_machine.c, FUNCTION:operate_machine_state, LINE:8
MESSAGE:enter state function
VARIABLES:  node->event=0  sharedRaftData.raft_state.current_state=1 
-----------------------------

06/03/2018 09:33:27 PM	[raft_thread.py write_to_logger 63]  355 root [CRITI] 
FILE:./C/Code/state_machine.c, FUNCTION:operate_machine_state, LINE:8
MESSAGE:enter state function
VARIABLES:  node->event=0  sharedRaftData.raft_state.current_state=1 
-----------------------------

06/03/2018 09:33:27 PM	[raft_thread.py write_to_logger 59]  355 root [DEBUG] 
FILE:./C/Code/candidate_handlers.c, FUNCTION:candidate_time_out_handler, LINE:132
MESSAGE:timeout event
VARIABLES:  sharedRaftData.raft_state.wakeup_counter=0 
-----------------------------

06/03/2018 09:33:27 PM	[raft_thread.py write_to_logger 60]  355 root [INFO ] 
FILE:./C/Code/candidate_handlers.c, FUNCTION:candidate_time_out_handler, LINE:132
MESSAGE:timeout event
VARIABLES:  sharedRaftData.raft_state.wakeup_counter=0 
-----------------------------

06/03/2018 09:33:27 PM	[raft_thread.py write_to_logger 61]  355 root [WARNI] 
FILE:./C/Code/candidate_handlers.c, FUNCTION:candidate_time_out_handler, LINE:132
MESSAGE:timeout event
VARIABLES:  sharedRaftData.raft_state.wakeup_counter=0 
-----------------------------

06/03/2018 09:33:27 PM	[raft_thread.py write_to_logger 62]  355 root [ERROR] 
FILE:./C/Code/candidate_handlers.c, FUNCTION:candidate_time_out_handler, LINE:132
MESSAGE:timeout event
VARIABLES:  sharedRaftData.raft_state.wakeup_counter=0 
-----------------------------

06/03/2018 09:33:27 PM	[raft_thread.py write_to_logger 63]  355 root [CRITI] 
FILE:./C/Code/candidate_handlers.c, FUNCTION:candidate_time_out_handler, LINE:132
MESSAGE:timeout event
VARIABLES:  sharedRaftData.raft_state.wakeup_counter=0 
-----------------------------

06/03/2018 09:33:28 PM	[raft_thread.py write_to_logger 59]  311 root [DEBUG] 
FILE:./C/Code/handlers_utils.c, FUNCTION:time_out_hendler, LINE:63
MESSAGE:add new timeout event- now in queue
VARIABLES:  sharedRaftData.raft_state.current_state=1 
-----------------------------

06/03/2018 09:33:28 PM	[raft_thread.py write_to_logger 60]  312 root [INFO ] 
FILE:./C/Code/handlers_utils.c, FUNCTION:time_out_hendler, LINE:63
MESSAGE:add new timeout event- now in queue
VARIABLES:  sharedRaftData.raft_state.current_state=1 
-----------------------------

06/03/2018 09:33:28 PM	[raft_thread.py write_to_logger 61]  312 root [WARNI] 
FILE:./C/Code/handlers_utils.c, FUNCTION:time_out_hendler, LINE:63
MESSAGE:add new timeout event- now in queue
VARIABLES:  sharedRaftData.raft_state.current_state=1 
-----------------------------

06/03/2018 09:33:28 PM	[raft_thread.py write_to_logger 62]  312 root [ERROR] 
FILE:./C/Code/handlers_utils.c, FUNCTION:time_out_hendler, LINE:63
MESSAGE:add new timeout event- now in queue
VARIABLES:  sharedRaftData.raft_state.current_state=1 
-----------------------------

06/03/2018 09:33:28 PM	[raft_thread.py write_to_logger 63]  312 root [CRITI] 
FILE:./C/Code/handlers_utils.c, FUNCTION:time_out_hendler, LINE:63
MESSAGE:add new timeout event- now in queue
VARIABLES:  sharedRaftData.raft_state.current_state=1 
-----------------------------

06/03/2018 09:33:28 PM	[raft_thread.py write_to_logger 59]  312 root [DEBUG] 
FILE:./C/Code/state_machine.c, FUNCTION:operate_machine_state, LINE:8
MESSAGE:enter state function
VARIABLES:  node->event=0  sharedRaftData.raft_state.current_state=1 
-----------------------------

06/03/2018 09:33:28 PM	[raft_thread.py write_to_logger 60]  312 root [INFO ] 
FILE:./C/Code/state_machine.c, FUNCTION:operate_machine_state, LINE:8
MESSAGE:enter state function
VARIABLES:  node->event=0  sharedRaftData.raft_state.current_state=1 
-----------------------------

06/03/2018 09:33:28 PM	[raft_thread.py write_to_logger 61]  312 root [WARNI] 
FILE:./C/Code/state_machine.c, FUNCTION:operate_machine_state, LINE:8
MESSAGE:enter state function
VARIABLES:  node->event=0  sharedRaftData.raft_state.current_state=1 
-----------------------------

06/03/2018 09:33:28 PM	[raft_thread.py write_to_logger 62]  312 root [ERROR] 
FILE:./C/Code/state_machine.c, FUNCTION:operate_machine_state, LINE:8
MESSAGE:enter state function
VARIABLES:  node->event=0  sharedRaftData.raft_state.current_state=1 
-----------------------------

06/03/2018 09:33:28 PM	[raft_thread.py write_to_logger 63]  313 root [CRITI] 
FILE:./C/Code/state_machine.c, FUNCTION:operate_machine_state, LINE:8
MESSAGE:enter state function
VARIABLES:  node->event=0  sharedRaftData.raft_state.current_state=1 
-----------------------------

06/03/2018 09:33:28 PM	[raft_thread.py write_to_logger 59]  313 root [DEBUG] 
FILE:./C/Code/candidate_handlers.c, FUNCTION:candidate_time_out_handler, LINE:132
MESSAGE:timeout event
VARIABLES:  sharedRaftData.raft_state.wakeup_counter=1 
-----------------------------

06/03/2018 09:33:28 PM	[raft_thread.py write_to_logger 60]  313 root [INFO ] 
FILE:./C/Code/candidate_handlers.c, FUNCTION:candidate_time_out_handler, LINE:132
MESSAGE:timeout event
VARIABLES:  sharedRaftData.raft_state.wakeup_counter=1 
-----------------------------

06/03/2018 09:33:28 PM	[raft_thread.py write_to_logger 61]  313 root [WARNI] 
FILE:./C/Code/candidate_handlers.c, FUNCTION:candidate_time_out_handler, LINE:132
MESSAGE:timeout event
VARIABLES:  sharedRaftData.raft_state.wakeup_counter=1 
-----------------------------

06/03/2018 09:33:28 PM	[raft_thread.py write_to_logger 62]  313 root [ERROR] 
FILE:./C/Code/candidate_handlers.c, FUNCTION:candidate_time_out_handler, LINE:132
MESSAGE:timeout event
VARIABLES:  sharedRaftData.raft_state.wakeup_counter=1 
-----------------------------

06/03/2018 09:33:28 PM	[raft_thread.py write_to_logger 63]  313 root [CRITI] 
FILE:./C/Code/candidate_handlers.c, FUNCTION:candidate_time_out_handler, LINE:132
MESSAGE:timeout event
VARIABLES:  sharedRaftData.raft_state.wakeup_counter=1 
-----------------------------

06/03/2018 09:33:28 PM	[raft_thread.py write_to_logger 59]  313 root [DEBUG] 
FILE:./C/Code/handlers_utils.c, FUNCTION:update_DB, LINE:13
MESSAGE:update DB
VARIABLES:  DB_flag=status db  key=term 
-----------------------------

06/03/2018 09:33:28 PM	[raft_thread.py write_to_logger 60]  313 root [INFO ] 
FILE:./C/Code/handlers_utils.c, FUNCTION:update_DB, LINE:13
MESSAGE:update DB
VARIABLES:  DB_flag=status db  key=term 
-----------------------------

06/03/2018 09:33:28 PM	[raft_thread.py write_to_logger 61]  313 root [WARNI] 
FILE:./C/Code/handlers_utils.c, FUNCTION:update_DB, LINE:13
MESSAGE:update DB
VARIABLES:  DB_flag=status db  key=term 
-----------------------------

06/03/2018 09:33:28 PM	[raft_thread.py write_to_logger 62]  314 root [ERROR] 
FILE:./C/Code/handlers_utils.c, FUNCTION:update_DB, LINE:13
MESSAGE:update DB
VARIABLES:  DB_flag=status db  key=term 
-----------------------------

06/03/2018 09:33:28 PM	[raft_thread.py write_to_logger 63]  314 root [CRITI] 
FILE:./C/Code/handlers_utils.c, FUNCTION:update_DB, LINE:13
MESSAGE:update DB
VARIABLES:  DB_flag=status db  key=term 
-----------------------------

06/03/2018 09:33:28 PM	[raft_thread.py write_to_logger 59]  314 root [DEBUG] 
FILE:./C/Code/handlers_utils.c, FUNCTION:update_DB, LINE:14
MESSAGE:update DB
VARIABLES:  value=4 
-----------------------------

06/03/2018 09:33:28 PM	[raft_thread.py write_to_logger 60]  314 root [INFO ] 
FILE:./C/Code/handlers_utils.c, FUNCTION:update_DB, LINE:14
MESSAGE:update DB
VARIABLES:  value=4 
-----------------------------

06/03/2018 09:33:28 PM	[raft_thread.py write_to_logger 61]  314 root [WARNI] 
FILE:./C/Code/handlers_utils.c, FUNCTION:update_DB, LINE:14
MESSAGE:update DB
VARIABLES:  value=4 
-----------------------------

06/03/2018 09:33:28 PM	[raft_thread.py write_to_logger 62]  314 root [ERROR] 
FILE:./C/Code/handlers_utils.c, FUNCTION:update_DB, LINE:14
MESSAGE:update DB
VARIABLES:  value=4 
-----------------------------

06/03/2018 09:33:28 PM	[raft_thread.py write_to_logger 63]  314 root [CRITI] 
FILE:./C/Code/handlers_utils.c, FUNCTION:update_DB, LINE:14
MESSAGE:update DB
VARIABLES:  value=4 
-----------------------------

06/03/2018 09:33:28 PM	[raft_thread.py write_to_logger 59]  315 root [DEBUG] 
FILE:./C/Code/static_queue.c, FUNCTION:create_new_queue_node_data, LINE:101
MESSAGE:create new msg
VARIABLES:  event=8 
-----------------------------

06/03/2018 09:33:28 PM	[raft_thread.py write_to_logger 60]  315 root [INFO ] 
FILE:./C/Code/static_queue.c, FUNCTION:create_new_queue_node_data, LINE:101
MESSAGE:create new msg
VARIABLES:  event=8 
-----------------------------

06/03/2018 09:33:28 PM	[raft_thread.py write_to_logger 61]  315 root [WARNI] 
FILE:./C/Code/static_queue.c, FUNCTION:create_new_queue_node_data, LINE:101
MESSAGE:create new msg
VARIABLES:  event=8 
-----------------------------

06/03/2018 09:33:28 PM	[raft_thread.py write_to_logger 62]  315 root [ERROR] 
FILE:./C/Code/static_queue.c, FUNCTION:create_new_queue_node_data, LINE:101
MESSAGE:create new msg
VARIABLES:  event=8 
-----------------------------

06/03/2018 09:33:28 PM	[raft_thread.py write_to_logger 63]  316 root [CRITI] 
FILE:./C/Code/static_queue.c, FUNCTION:create_new_queue_node_data, LINE:101
MESSAGE:create new msg
VARIABLES:  event=8 
-----------------------------

06/03/2018 09:33:28 PM	[raft_thread.py write_to_logger 59]  316 root [DEBUG] 
FILE:./C/Code/candidate_handlers.c, FUNCTION:candidate_time_out_handler, LINE:146
MESSAGE:candidate sending request for vote msg
VARIABLES:  sharedRaftData.raft_state.term=4 
-----------------------------

06/03/2018 09:33:28 PM	[raft_thread.py write_to_logger 60]  316 root [INFO ] 
FILE:./C/Code/candidate_handlers.c, FUNCTION:candidate_time_out_handler, LINE:146
MESSAGE:candidate sending request for vote msg
VARIABLES:  sharedRaftData.raft_state.term=4 
-----------------------------

06/03/2018 09:33:28 PM	[raft_thread.py write_to_logger 61]  316 root [WARNI] 
FILE:./C/Code/candidate_handlers.c, FUNCTION:candidate_time_out_handler, LINE:146
MESSAGE:candidate sending request for vote msg
VARIABLES:  sharedRaftData.raft_state.term=4 
-----------------------------

06/03/2018 09:33:28 PM	[raft_thread.py write_to_logger 62]  316 root [ERROR] 
FILE:./C/Code/candidate_handlers.c, FUNCTION:candidate_time_out_handler, LINE:146
MESSAGE:candidate sending request for vote msg
VARIABLES:  sharedRaftData.raft_state.term=4 
-----------------------------

06/03/2018 09:33:28 PM	[raft_thread.py write_to_logger 63]  316 root [CRITI] 
FILE:./C/Code/candidate_handlers.c, FUNCTION:candidate_time_out_handler, LINE:146
MESSAGE:candidate sending request for vote msg
VARIABLES:  sharedRaftData.raft_state.term=4 
-----------------------------

06/03/2018 09:33:28 PM	[raft_thread.py write_to_logger 59]  316 root [DEBUG] 
FILE:./C/Code/raft_server.c, FUNCTION:send_raft_message, LINE:87
MESSAGE:try to send msg
VARIABLES:  message_size=16 
-----------------------------

06/03/2018 09:33:28 PM	[raft_thread.py write_to_logger 60]  316 root [INFO ] 
FILE:./C/Code/raft_server.c, FUNCTION:send_raft_message, LINE:87
MESSAGE:try to send msg
VARIABLES:  message_size=16 
-----------------------------

06/03/2018 09:33:28 PM	[raft_thread.py write_to_logger 61]  316 root [WARNI] 
FILE:./C/Code/raft_server.c, FUNCTION:send_raft_message, LINE:87
MESSAGE:try to send msg
VARIABLES:  message_size=16 
-----------------------------

06/03/2018 09:33:28 PM	[raft_thread.py write_to_logger 62]  316 root [ERROR] 
FILE:./C/Code/raft_server.c, FUNCTION:send_raft_message, LINE:87
MESSAGE:try to send msg
VARIABLES:  message_size=16 
-----------------------------

06/03/2018 09:33:28 PM	[raft_thread.py write_to_logger 63]  316 root [CRITI] 
FILE:./C/Code/raft_server.c, FUNCTION:send_raft_message, LINE:87
MESSAGE:try to send msg
VARIABLES:  message_size=16 
-----------------------------

06/03/2018 09:33:28 PM	[raft_thread.py write_to_logger 59]  317 root [DEBUG] 
FILE:./C/Code/raft_server.c, FUNCTION:send_raft_message, LINE:103
MESSAGE:msg was successfully sent
VARIABLES:  message_size=16 
-----------------------------

06/03/2018 09:33:28 PM	[raft_thread.py write_to_logger 60]  317 root [INFO ] 
FILE:./C/Code/raft_server.c, FUNCTION:send_raft_message, LINE:103
MESSAGE:msg was successfully sent
VARIABLES:  message_size=16 
-----------------------------

06/03/2018 09:33:28 PM	[raft_thread.py write_to_logger 61]  317 root [WARNI] 
FILE:./C/Code/raft_server.c, FUNCTION:send_raft_message, LINE:103
MESSAGE:msg was successfully sent
VARIABLES:  message_size=16 
-----------------------------

06/03/2018 09:33:28 PM	[raft_thread.py write_to_logger 62]  317 root [ERROR] 
FILE:./C/Code/raft_server.c, FUNCTION:send_raft_message, LINE:103
MESSAGE:msg was successfully sent
VARIABLES:  message_size=16 
-----------------------------

06/03/2018 09:33:28 PM	[raft_thread.py write_to_logger 59]  317 root [DEBUG] 
FILE:./C/Code/raft_server.c, FUNCTION:get_raft_message, LINE:131
MESSAGE:msg was successfully read
VARIABLES:  message_size=16 
-----------------------------

06/03/2018 09:33:28 PM	[raft_thread.py write_to_logger 63]  317 root [CRITI] 
FILE:./C/Code/raft_server.c, FUNCTION:send_raft_message, LINE:103
MESSAGE:msg was successfully sent
VARIABLES:  message_size=16 
-----------------------------

06/03/2018 09:33:28 PM	[raft_thread.py write_to_logger 60]  317 root [INFO ] 
FILE:./C/Code/raft_server.c, FUNCTION:get_raft_message, LINE:131
MESSAGE:msg was successfully read
VARIABLES:  message_size=16 
-----------------------------

06/03/2018 09:33:28 PM	[raft_thread.py write_to_logger 61]  318 root [WARNI] 
FILE:./C/Code/raft_server.c, FUNCTION:get_raft_message, LINE:131
MESSAGE:msg was successfully read
VARIABLES:  message_size=16 
-----------------------------

06/03/2018 09:33:28 PM	[raft_thread.py write_to_logger 62]  318 root [ERROR] 
FILE:./C/Code/raft_server.c, FUNCTION:get_raft_message, LINE:131
MESSAGE:msg was successfully read
VARIABLES:  message_size=16 
-----------------------------

06/03/2018 09:33:28 PM	[raft_thread.py write_to_logger 63]  318 root [CRITI] 
FILE:./C/Code/raft_server.c, FUNCTION:get_raft_message, LINE:131
MESSAGE:msg was successfully read
VARIABLES:  message_size=16 
-----------------------------

06/03/2018 09:33:28 PM	[raft_thread.py write_to_logger 59]  318 root [DEBUG] 
FILE:./raft_main.c, FUNCTION:run_multicast_listener, LINE:13
MESSAGE:got new message and ids as followed:
VARIABLES:  new_node.message_sent_by=1  sharedRaftData.raft_state.server_id=1 
-----------------------------

06/03/2018 09:33:28 PM	[raft_thread.py write_to_logger 60]  318 root [INFO ] 
FILE:./raft_main.c, FUNCTION:run_multicast_listener, LINE:13
MESSAGE:got new message and ids as followed:
VARIABLES:  new_node.message_sent_by=1  sharedRaftData.raft_state.server_id=1 
-----------------------------

06/03/2018 09:33:28 PM	[raft_thread.py write_to_logger 61]  318 root [WARNI] 
FILE:./raft_main.c, FUNCTION:run_multicast_listener, LINE:13
MESSAGE:got new message and ids as followed:
VARIABLES:  new_node.message_sent_by=1  sharedRaftData.raft_state.server_id=1 
-----------------------------

06/03/2018 09:33:28 PM	[raft_thread.py write_to_logger 62]  318 root [ERROR] 
FILE:./raft_main.c, FUNCTION:run_multicast_listener, LINE:13
MESSAGE:got new message and ids as followed:
VARIABLES:  new_node.message_sent_by=1  sharedRaftData.raft_state.server_id=1 
-----------------------------

06/03/2018 09:33:28 PM	[raft_thread.py write_to_logger 63]  318 root [CRITI] 
FILE:./raft_main.c, FUNCTION:run_multicast_listener, LINE:13
MESSAGE:got new message and ids as followed:
VARIABLES:  new_node.message_sent_by=1  sharedRaftData.raft_state.server_id=1 
-----------------------------

06/03/2018 09:33:28 PM	[raft_thread.py write_to_logger 59]  318 root [DEBUG] 
FILE:./C/Code/handlers_utils.c, FUNCTION:is_relevant_message, LINE:108
MESSAGE:This is my msg- ignore!
-----------------------------

06/03/2018 09:33:28 PM	[raft_thread.py write_to_logger 60]  319 root [INFO ] 
FILE:./C/Code/handlers_utils.c, FUNCTION:is_relevant_message, LINE:108
MESSAGE:This is my msg- ignore!
-----------------------------

06/03/2018 09:33:28 PM	[raft_thread.py write_to_logger 61]  319 root [WARNI] 
FILE:./C/Code/handlers_utils.c, FUNCTION:is_relevant_message, LINE:108
MESSAGE:This is my msg- ignore!
-----------------------------

06/03/2018 09:33:28 PM	[raft_thread.py write_to_logger 62]  319 root [ERROR] 
FILE:./C/Code/handlers_utils.c, FUNCTION:is_relevant_message, LINE:108
MESSAGE:This is my msg- ignore!
-----------------------------

06/03/2018 09:33:28 PM	[raft_thread.py write_to_logger 63]  319 root [CRITI] 
FILE:./C/Code/handlers_utils.c, FUNCTION:is_relevant_message, LINE:108
MESSAGE:This is my msg- ignore!
-----------------------------

06/03/2018 09:33:28 PM	[raft_thread.py write_to_logger 59]  319 root [DEBUG] 
FILE:./C/Code/raft_server.c, FUNCTION:get_raft_message, LINE:111
MESSAGE:try to read message
-----------------------------

06/03/2018 09:33:28 PM	[raft_thread.py write_to_logger 60]  319 root [INFO ] 
FILE:./C/Code/raft_server.c, FUNCTION:get_raft_message, LINE:111
MESSAGE:try to read message
-----------------------------

06/03/2018 09:33:28 PM	[raft_thread.py write_to_logger 61]  319 root [WARNI] 
FILE:./C/Code/raft_server.c, FUNCTION:get_raft_message, LINE:111
MESSAGE:try to read message
-----------------------------

06/03/2018 09:33:28 PM	[raft_thread.py write_to_logger 62]  319 root [ERROR] 
FILE:./C/Code/raft_server.c, FUNCTION:get_raft_message, LINE:111
MESSAGE:try to read message
-----------------------------

06/03/2018 09:33:28 PM	[raft_thread.py write_to_logger 63]  319 root [CRITI] 
FILE:./C/Code/raft_server.c, FUNCTION:get_raft_message, LINE:111
MESSAGE:try to read message
-----------------------------

06/03/2018 09:33:29 PM	[raft_thread.py write_to_logger 59]  311 root [DEBUG] 
FILE:./C/Code/handlers_utils.c, FUNCTION:time_out_hendler, LINE:63
MESSAGE:add new timeout event- now in queue
VARIABLES:  sharedRaftData.raft_state.current_state=1 
-----------------------------

06/03/2018 09:33:29 PM	[raft_thread.py write_to_logger 60]  311 root [INFO ] 
FILE:./C/Code/handlers_utils.c, FUNCTION:time_out_hendler, LINE:63
MESSAGE:add new timeout event- now in queue
VARIABLES:  sharedRaftData.raft_state.current_state=1 
-----------------------------

06/03/2018 09:33:29 PM	[raft_thread.py write_to_logger 61]  311 root [WARNI] 
FILE:./C/Code/handlers_utils.c, FUNCTION:time_out_hendler, LINE:63
MESSAGE:add new timeout event- now in queue
VARIABLES:  sharedRaftData.raft_state.current_state=1 
-----------------------------

06/03/2018 09:33:29 PM	[raft_thread.py write_to_logger 62]  311 root [ERROR] 
FILE:./C/Code/handlers_utils.c, FUNCTION:time_out_hendler, LINE:63
MESSAGE:add new timeout event- now in queue
VARIABLES:  sharedRaftData.raft_state.current_state=1 
-----------------------------

06/03/2018 09:33:29 PM	[raft_thread.py write_to_logger 63]  311 root [CRITI] 
FILE:./C/Code/handlers_utils.c, FUNCTION:time_out_hendler, LINE:63
MESSAGE:add new timeout event- now in queue
VARIABLES:  sharedRaftData.raft_state.current_state=1 
-----------------------------

06/03/2018 09:33:29 PM	[raft_thread.py write_to_logger 59]  312 root [DEBUG] 
FILE:./C/Code/state_machine.c, FUNCTION:operate_machine_state, LINE:8
MESSAGE:enter state function
VARIABLES:  node->event=0  sharedRaftData.raft_state.current_state=1 
-----------------------------

06/03/2018 09:33:29 PM	[raft_thread.py write_to_logger 60]  312 root [INFO ] 
FILE:./C/Code/state_machine.c, FUNCTION:operate_machine_state, LINE:8
MESSAGE:enter state function
VARIABLES:  node->event=0  sharedRaftData.raft_state.current_state=1 
-----------------------------

06/03/2018 09:33:29 PM	[raft_thread.py write_to_logger 61]  312 root [WARNI] 
FILE:./C/Code/state_machine.c, FUNCTION:operate_machine_state, LINE:8
MESSAGE:enter state function
VARIABLES:  node->event=0  sharedRaftData.raft_state.current_state=1 
-----------------------------

06/03/2018 09:33:29 PM	[raft_thread.py write_to_logger 62]  312 root [ERROR] 
FILE:./C/Code/state_machine.c, FUNCTION:operate_machine_state, LINE:8
MESSAGE:enter state function
VARIABLES:  node->event=0  sharedRaftData.raft_state.current_state=1 
-----------------------------

06/03/2018 09:33:29 PM	[raft_thread.py write_to_logger 63]  312 root [CRITI] 
FILE:./C/Code/state_machine.c, FUNCTION:operate_machine_state, LINE:8
MESSAGE:enter state function
VARIABLES:  node->event=0  sharedRaftData.raft_state.current_state=1 
-----------------------------

06/03/2018 09:33:29 PM	[raft_thread.py write_to_logger 59]  312 root [DEBUG] 
FILE:./C/Code/candidate_handlers.c, FUNCTION:candidate_time_out_handler, LINE:132
MESSAGE:timeout event
VARIABLES:  sharedRaftData.raft_state.wakeup_counter=0 
-----------------------------

06/03/2018 09:33:29 PM	[raft_thread.py write_to_logger 60]  312 root [INFO ] 
FILE:./C/Code/candidate_handlers.c, FUNCTION:candidate_time_out_handler, LINE:132
MESSAGE:timeout event
VARIABLES:  sharedRaftData.raft_state.wakeup_counter=0 
-----------------------------

06/03/2018 09:33:29 PM	[raft_thread.py write_to_logger 61]  312 root [WARNI] 
FILE:./C/Code/candidate_handlers.c, FUNCTION:candidate_time_out_handler, LINE:132
MESSAGE:timeout event
VARIABLES:  sharedRaftData.raft_state.wakeup_counter=0 
-----------------------------

06/03/2018 09:33:29 PM	[raft_thread.py write_to_logger 62]  312 root [ERROR] 
FILE:./C/Code/candidate_handlers.c, FUNCTION:candidate_time_out_handler, LINE:132
MESSAGE:timeout event
VARIABLES:  sharedRaftData.raft_state.wakeup_counter=0 
-----------------------------

06/03/2018 09:33:29 PM	[raft_thread.py write_to_logger 63]  312 root [CRITI] 
FILE:./C/Code/candidate_handlers.c, FUNCTION:candidate_time_out_handler, LINE:132
MESSAGE:timeout event
VARIABLES:  sharedRaftData.raft_state.wakeup_counter=0 
-----------------------------

06/03/2018 09:33:30 PM	[raft_thread.py write_to_logger 59]  311 root [DEBUG] 
FILE:./C/Code/handlers_utils.c, FUNCTION:time_out_hendler, LINE:63
MESSAGE:add new timeout event- now in queue
VARIABLES:  sharedRaftData.raft_state.current_state=1 
-----------------------------

06/03/2018 09:33:30 PM	[raft_thread.py write_to_logger 59]  311 root [DEBUG] 
FILE:./C/Code/state_machine.c, FUNCTION:operate_machine_state, LINE:8
MESSAGE:enter state function
VARIABLES:  node->event=0  sharedRaftData.raft_state.current_state=1 
-----------------------------

06/03/2018 09:33:30 PM	[raft_thread.py write_to_logger 60]  313 root [INFO ] 
FILE:./C/Code/state_machine.c, FUNCTION:operate_machine_state, LINE:8
MESSAGE:enter state function
VARIABLES:  node->event=0  sharedRaftData.raft_state.current_state=1 
-----------------------------

06/03/2018 09:33:30 PM	[raft_thread.py write_to_logger 60]  312 root [INFO ] 
FILE:./C/Code/handlers_utils.c, FUNCTION:time_out_hendler, LINE:63
MESSAGE:add new timeout event- now in queue
VARIABLES:  sharedRaftData.raft_state.current_state=1 
-----------------------------

06/03/2018 09:33:30 PM	[raft_thread.py write_to_logger 61]  315 root [WARNI] 
FILE:./C/Code/state_machine.c, FUNCTION:operate_machine_state, LINE:8
MESSAGE:enter state function
VARIABLES:  node->event=0  sharedRaftData.raft_state.current_state=1 
-----------------------------

06/03/2018 09:33:30 PM	[raft_thread.py write_to_logger 61]  315 root [WARNI] 
FILE:./C/Code/handlers_utils.c, FUNCTION:time_out_hendler, LINE:63
MESSAGE:add new timeout event- now in queue
VARIABLES:  sharedRaftData.raft_state.current_state=1 
-----------------------------

06/03/2018 09:33:30 PM	[raft_thread.py write_to_logger 62]  316 root [ERROR] 
FILE:./C/Code/handlers_utils.c, FUNCTION:time_out_hendler, LINE:63
MESSAGE:add new timeout event- now in queue
VARIABLES:  sharedRaftData.raft_state.current_state=1 
-----------------------------

06/03/2018 09:33:30 PM	[raft_thread.py write_to_logger 63]  316 root [CRITI] 
FILE:./C/Code/handlers_utils.c, FUNCTION:time_out_hendler, LINE:63
MESSAGE:add new timeout event- now in queue
VARIABLES:  sharedRaftData.raft_state.current_state=1 
-----------------------------

06/03/2018 09:33:30 PM	[raft_thread.py write_to_logger 62]  316 root [ERROR] 
FILE:./C/Code/state_machine.c, FUNCTION:operate_machine_state, LINE:8
MESSAGE:enter state function
VARIABLES:  node->event=0  sharedRaftData.raft_state.current_state=1 
-----------------------------

06/03/2018 09:33:30 PM	[raft_thread.py write_to_logger 63]  316 root [CRITI] 
FILE:./C/Code/state_machine.c, FUNCTION:operate_machine_state, LINE:8
MESSAGE:enter state function
VARIABLES:  node->event=0  sharedRaftData.raft_state.current_state=1 
-----------------------------

06/03/2018 09:33:30 PM	[raft_thread.py write_to_logger 59]  316 root [DEBUG] 
FILE:./C/Code/candidate_handlers.c, FUNCTION:candidate_time_out_handler, LINE:132
MESSAGE:timeout event
VARIABLES:  sharedRaftData.raft_state.wakeup_counter=1 
-----------------------------

06/03/2018 09:33:30 PM	[raft_thread.py write_to_logger 60]  317 root [INFO ] 
FILE:./C/Code/candidate_handlers.c, FUNCTION:candidate_time_out_handler, LINE:132
MESSAGE:timeout event
VARIABLES:  sharedRaftData.raft_state.wakeup_counter=1 
-----------------------------

06/03/2018 09:33:30 PM	[raft_thread.py write_to_logger 61]  317 root [WARNI] 
FILE:./C/Code/candidate_handlers.c, FUNCTION:candidate_time_out_handler, LINE:132
MESSAGE:timeout event
VARIABLES:  sharedRaftData.raft_state.wakeup_counter=1 
-----------------------------

06/03/2018 09:33:30 PM	[raft_thread.py write_to_logger 62]  317 root [ERROR] 
FILE:./C/Code/candidate_handlers.c, FUNCTION:candidate_time_out_handler, LINE:132
MESSAGE:timeout event
VARIABLES:  sharedRaftData.raft_state.wakeup_counter=1 
-----------------------------

06/03/2018 09:33:30 PM	[raft_thread.py write_to_logger 63]  317 root [CRITI] 
FILE:./C/Code/candidate_handlers.c, FUNCTION:candidate_time_out_handler, LINE:132
MESSAGE:timeout event
VARIABLES:  sharedRaftData.raft_state.wakeup_counter=1 
-----------------------------

06/03/2018 09:33:30 PM	[raft_thread.py write_to_logger 59]  317 root [DEBUG] 
FILE:./C/Code/handlers_utils.c, FUNCTION:update_DB, LINE:13
MESSAGE:update DB
VARIABLES:  DB_flag=status db  key=term 
-----------------------------

06/03/2018 09:33:30 PM	[raft_thread.py write_to_logger 60]  317 root [INFO ] 
FILE:./C/Code/handlers_utils.c, FUNCTION:update_DB, LINE:13
MESSAGE:update DB
VARIABLES:  DB_flag=status db  key=term 
-----------------------------

06/03/2018 09:33:30 PM	[raft_thread.py write_to_logger 61]  317 root [WARNI] 
FILE:./C/Code/handlers_utils.c, FUNCTION:update_DB, LINE:13
MESSAGE:update DB
VARIABLES:  DB_flag=status db  key=term 
-----------------------------

06/03/2018 09:33:30 PM	[raft_thread.py write_to_logger 62]  317 root [ERROR] 
FILE:./C/Code/handlers_utils.c, FUNCTION:update_DB, LINE:13
MESSAGE:update DB
VARIABLES:  DB_flag=status db  key=term 
-----------------------------

06/03/2018 09:33:30 PM	[raft_thread.py write_to_logger 63]  317 root [CRITI] 
FILE:./C/Code/handlers_utils.c, FUNCTION:update_DB, LINE:13
MESSAGE:update DB
VARIABLES:  DB_flag=status db  key=term 
-----------------------------

06/03/2018 09:33:30 PM	[raft_thread.py write_to_logger 59]  317 root [DEBUG] 
FILE:./C/Code/handlers_utils.c, FUNCTION:update_DB, LINE:14
MESSAGE:update DB
VARIABLES:  value=5 
-----------------------------

06/03/2018 09:33:30 PM	[raft_thread.py write_to_logger 60]  317 root [INFO ] 
FILE:./C/Code/handlers_utils.c, FUNCTION:update_DB, LINE:14
MESSAGE:update DB
VARIABLES:  value=5 
-----------------------------

06/03/2018 09:33:30 PM	[raft_thread.py write_to_logger 61]  318 root [WARNI] 
FILE:./C/Code/handlers_utils.c, FUNCTION:update_DB, LINE:14
MESSAGE:update DB
VARIABLES:  value=5 
-----------------------------

06/03/2018 09:33:30 PM	[raft_thread.py write_to_logger 62]  318 root [ERROR] 
FILE:./C/Code/handlers_utils.c, FUNCTION:update_DB, LINE:14
MESSAGE:update DB
VARIABLES:  value=5 
-----------------------------

06/03/2018 09:33:30 PM	[raft_thread.py write_to_logger 63]  318 root [CRITI] 
FILE:./C/Code/handlers_utils.c, FUNCTION:update_DB, LINE:14
MESSAGE:update DB
VARIABLES:  value=5 
-----------------------------

06/03/2018 09:33:30 PM	[raft_thread.py write_to_logger 59]  319 root [DEBUG] 
FILE:./C/Code/static_queue.c, FUNCTION:create_new_queue_node_data, LINE:101
MESSAGE:create new msg
VARIABLES:  event=8 
-----------------------------

06/03/2018 09:33:30 PM	[raft_thread.py write_to_logger 60]  319 root [INFO ] 
FILE:./C/Code/static_queue.c, FUNCTION:create_new_queue_node_data, LINE:101
MESSAGE:create new msg
VARIABLES:  event=8 
-----------------------------

06/03/2018 09:33:30 PM	[raft_thread.py write_to_logger 61]  319 root [WARNI] 
FILE:./C/Code/static_queue.c, FUNCTION:create_new_queue_node_data, LINE:101
MESSAGE:create new msg
VARIABLES:  event=8 
-----------------------------

06/03/2018 09:33:30 PM	[raft_thread.py write_to_logger 62]  319 root [ERROR] 
FILE:./C/Code/static_queue.c, FUNCTION:create_new_queue_node_data, LINE:101
MESSAGE:create new msg
VARIABLES:  event=8 
-----------------------------

06/03/2018 09:33:30 PM	[raft_thread.py write_to_logger 63]  319 root [CRITI] 
FILE:./C/Code/static_queue.c, FUNCTION:create_new_queue_node_data, LINE:101
MESSAGE:create new msg
VARIABLES:  event=8 
-----------------------------

06/03/2018 09:33:30 PM	[raft_thread.py write_to_logger 59]  319 root [DEBUG] 
FILE:./C/Code/candidate_handlers.c, FUNCTION:candidate_time_out_handler, LINE:146
MESSAGE:candidate sending request for vote msg
VARIABLES:  sharedRaftData.raft_state.term=5 
-----------------------------

06/03/2018 09:33:30 PM	[raft_thread.py write_to_logger 60]  320 root [INFO ] 
FILE:./C/Code/candidate_handlers.c, FUNCTION:candidate_time_out_handler, LINE:146
MESSAGE:candidate sending request for vote msg
VARIABLES:  sharedRaftData.raft_state.term=5 
-----------------------------

06/03/2018 09:33:30 PM	[raft_thread.py write_to_logger 61]  320 root [WARNI] 
FILE:./C/Code/candidate_handlers.c, FUNCTION:candidate_time_out_handler, LINE:146
MESSAGE:candidate sending request for vote msg
VARIABLES:  sharedRaftData.raft_state.term=5 
-----------------------------

06/03/2018 09:33:30 PM	[raft_thread.py write_to_logger 62]  320 root [ERROR] 
FILE:./C/Code/candidate_handlers.c, FUNCTION:candidate_time_out_handler, LINE:146
MESSAGE:candidate sending request for vote msg
VARIABLES:  sharedRaftData.raft_state.term=5 
-----------------------------

06/03/2018 09:33:30 PM	[raft_thread.py write_to_logger 63]  320 root [CRITI] 
FILE:./C/Code/candidate_handlers.c, FUNCTION:candidate_time_out_handler, LINE:146
MESSAGE:candidate sending request for vote msg
VARIABLES:  sharedRaftData.raft_state.term=5 
-----------------------------

06/03/2018 09:33:30 PM	[raft_thread.py write_to_logger 59]  320 root [DEBUG] 
FILE:./C/Code/raft_server.c, FUNCTION:send_raft_message, LINE:87
MESSAGE:try to send msg
VARIABLES:  message_size=16 
-----------------------------

06/03/2018 09:33:30 PM	[raft_thread.py write_to_logger 60]  320 root [INFO ] 
FILE:./C/Code/raft_server.c, FUNCTION:send_raft_message, LINE:87
MESSAGE:try to send msg
VARIABLES:  message_size=16 
-----------------------------

06/03/2018 09:33:30 PM	[raft_thread.py write_to_logger 61]  320 root [WARNI] 
FILE:./C/Code/raft_server.c, FUNCTION:send_raft_message, LINE:87
MESSAGE:try to send msg
VARIABLES:  message_size=16 
-----------------------------

06/03/2018 09:33:30 PM	[raft_thread.py write_to_logger 62]  320 root [ERROR] 
FILE:./C/Code/raft_server.c, FUNCTION:send_raft_message, LINE:87
MESSAGE:try to send msg
VARIABLES:  message_size=16 
-----------------------------

06/03/2018 09:33:30 PM	[raft_thread.py write_to_logger 63]  320 root [CRITI] 
FILE:./C/Code/raft_server.c, FUNCTION:send_raft_message, LINE:87
MESSAGE:try to send msg
VARIABLES:  message_size=16 
-----------------------------

06/03/2018 09:33:30 PM	[raft_thread.py write_to_logger 59]  321 root [DEBUG] 
FILE:./C/Code/raft_server.c, FUNCTION:send_raft_message, LINE:103
MESSAGE:msg was successfully sent
VARIABLES:  message_size=16 
-----------------------------

06/03/2018 09:33:30 PM	[raft_thread.py write_to_logger 60]  321 root [INFO ] 
FILE:./C/Code/raft_server.c, FUNCTION:send_raft_message, LINE:103
MESSAGE:msg was successfully sent
VARIABLES:  message_size=16 
-----------------------------

06/03/2018 09:33:30 PM	[raft_thread.py write_to_logger 61]  321 root [WARNI] 
FILE:./C/Code/raft_server.c, FUNCTION:send_raft_message, LINE:103
MESSAGE:msg was successfully sent
VARIABLES:  message_size=16 
-----------------------------

06/03/2018 09:33:30 PM	[raft_thread.py write_to_logger 62]  321 root [ERROR] 
FILE:./C/Code/raft_server.c, FUNCTION:send_raft_message, LINE:103
MESSAGE:msg was successfully sent
VARIABLES:  message_size=16 
-----------------------------

06/03/2018 09:33:30 PM	[raft_thread.py write_to_logger 59]  321 root [DEBUG] 
FILE:./C/Code/raft_server.c, FUNCTION:get_raft_message, LINE:131
MESSAGE:msg was successfully read
VARIABLES:  message_size=16 
-----------------------------

06/03/2018 09:33:30 PM	[raft_thread.py write_to_logger 60]  321 root [INFO ] 
FILE:./C/Code/raft_server.c, FUNCTION:get_raft_message, LINE:131
MESSAGE:msg was successfully read
VARIABLES:  message_size=16 
-----------------------------

06/03/2018 09:33:30 PM	[raft_thread.py write_to_logger 61]  321 root [WARNI] 
FILE:./C/Code/raft_server.c, FUNCTION:get_raft_message, LINE:131
MESSAGE:msg was successfully read
VARIABLES:  message_size=16 
-----------------------------

06/03/2018 09:33:30 PM	[raft_thread.py write_to_logger 62]  322 root [ERROR] 
FILE:./C/Code/raft_server.c, FUNCTION:get_raft_message, LINE:131
MESSAGE:msg was successfully read
VARIABLES:  message_size=16 
-----------------------------

06/03/2018 09:33:30 PM	[raft_thread.py write_to_logger 63]  322 root [CRITI] 
FILE:./C/Code/raft_server.c, FUNCTION:get_raft_message, LINE:131
MESSAGE:msg was successfully read
VARIABLES:  message_size=16 
-----------------------------

06/03/2018 09:33:30 PM	[raft_thread.py write_to_logger 63]  321 root [CRITI] 
FILE:./C/Code/raft_server.c, FUNCTION:send_raft_message, LINE:103
MESSAGE:msg was successfully sent
VARIABLES:  message_size=16 
-----------------------------

06/03/2018 09:33:30 PM	[raft_thread.py write_to_logger 59]  322 root [DEBUG] 
FILE:./raft_main.c, FUNCTION:run_multicast_listener, LINE:13
MESSAGE:got new message and ids as followed:
VARIABLES:  new_node.message_sent_by=1  sharedRaftData.raft_state.server_id=1 
-----------------------------

06/03/2018 09:33:30 PM	[raft_thread.py write_to_logger 60]  322 root [INFO ] 
FILE:./raft_main.c, FUNCTION:run_multicast_listener, LINE:13
MESSAGE:got new message and ids as followed:
VARIABLES:  new_node.message_sent_by=1  sharedRaftData.raft_state.server_id=1 
-----------------------------

06/03/2018 09:33:30 PM	[raft_thread.py write_to_logger 61]  322 root [WARNI] 
FILE:./raft_main.c, FUNCTION:run_multicast_listener, LINE:13
MESSAGE:got new message and ids as followed:
VARIABLES:  new_node.message_sent_by=1  sharedRaftData.raft_state.server_id=1 
-----------------------------

06/03/2018 09:33:30 PM	[raft_thread.py write_to_logger 62]  322 root [ERROR] 
FILE:./raft_main.c, FUNCTION:run_multicast_listener, LINE:13
MESSAGE:got new message and ids as followed:
VARIABLES:  new_node.message_sent_by=1  sharedRaftData.raft_state.server_id=1 
-----------------------------

06/03/2018 09:33:30 PM	[raft_thread.py write_to_logger 63]  322 root [CRITI] 
FILE:./raft_main.c, FUNCTION:run_multicast_listener, LINE:13
MESSAGE:got new message and ids as followed:
VARIABLES:  new_node.message_sent_by=1  sharedRaftData.raft_state.server_id=1 
-----------------------------

06/03/2018 09:33:30 PM	[raft_thread.py write_to_logger 59]  322 root [DEBUG] 
FILE:./C/Code/handlers_utils.c, FUNCTION:is_relevant_message, LINE:108
MESSAGE:This is my msg- ignore!
-----------------------------

06/03/2018 09:33:30 PM	[raft_thread.py write_to_logger 60]  322 root [INFO ] 
FILE:./C/Code/handlers_utils.c, FUNCTION:is_relevant_message, LINE:108
MESSAGE:This is my msg- ignore!
-----------------------------

06/03/2018 09:33:30 PM	[raft_thread.py write_to_logger 61]  322 root [WARNI] 
FILE:./C/Code/handlers_utils.c, FUNCTION:is_relevant_message, LINE:108
MESSAGE:This is my msg- ignore!
-----------------------------

06/03/2018 09:33:30 PM	[raft_thread.py write_to_logger 62]  323 root [ERROR] 
FILE:./C/Code/handlers_utils.c, FUNCTION:is_relevant_message, LINE:108
MESSAGE:This is my msg- ignore!
-----------------------------

06/03/2018 09:33:30 PM	[raft_thread.py write_to_logger 63]  323 root [CRITI] 
FILE:./C/Code/handlers_utils.c, FUNCTION:is_relevant_message, LINE:108
MESSAGE:This is my msg- ignore!
-----------------------------

06/03/2018 09:33:30 PM	[raft_thread.py write_to_logger 59]  323 root [DEBUG] 
FILE:./C/Code/raft_server.c, FUNCTION:get_raft_message, LINE:111
MESSAGE:try to read message
-----------------------------

06/03/2018 09:33:30 PM	[raft_thread.py write_to_logger 60]  323 root [INFO ] 
FILE:./C/Code/raft_server.c, FUNCTION:get_raft_message, LINE:111
MESSAGE:try to read message
-----------------------------

06/03/2018 09:33:30 PM	[raft_thread.py write_to_logger 61]  323 root [WARNI] 
FILE:./C/Code/raft_server.c, FUNCTION:get_raft_message, LINE:111
MESSAGE:try to read message
-----------------------------

06/03/2018 09:33:30 PM	[raft_thread.py write_to_logger 62]  323 root [ERROR] 
FILE:./C/Code/raft_server.c, FUNCTION:get_raft_message, LINE:111
MESSAGE:try to read message
-----------------------------

06/03/2018 09:33:30 PM	[raft_thread.py write_to_logger 63]  323 root [CRITI] 
FILE:./C/Code/raft_server.c, FUNCTION:get_raft_message, LINE:111
MESSAGE:try to read message
-----------------------------

06/03/2018 09:33:31 PM	[raft_thread.py write_to_logger 59]  316 root [DEBUG] 
FILE:./C/Code/handlers_utils.c, FUNCTION:time_out_hendler, LINE:63
MESSAGE:add new timeout event- now in queue
VARIABLES:  sharedRaftData.raft_state.current_state=1 
-----------------------------

06/03/2018 09:33:31 PM	[raft_thread.py write_to_logger 60]  316 root [INFO ] 
FILE:./C/Code/handlers_utils.c, FUNCTION:time_out_hendler, LINE:63
MESSAGE:add new timeout event- now in queue
VARIABLES:  sharedRaftData.raft_state.current_state=1 
-----------------------------

06/03/2018 09:33:31 PM	[raft_thread.py write_to_logger 61]  316 root [WARNI] 
FILE:./C/Code/handlers_utils.c, FUNCTION:time_out_hendler, LINE:63
MESSAGE:add new timeout event- now in queue
VARIABLES:  sharedRaftData.raft_state.current_state=1 
-----------------------------

06/03/2018 09:33:31 PM	[raft_thread.py write_to_logger 62]  316 root [ERROR] 
FILE:./C/Code/handlers_utils.c, FUNCTION:time_out_hendler, LINE:63
MESSAGE:add new timeout event- now in queue
VARIABLES:  sharedRaftData.raft_state.current_state=1 
-----------------------------

06/03/2018 09:33:31 PM	[raft_thread.py write_to_logger 63]  317 root [CRITI] 
FILE:./C/Code/handlers_utils.c, FUNCTION:time_out_hendler, LINE:63
MESSAGE:add new timeout event- now in queue
VARIABLES:  sharedRaftData.raft_state.current_state=1 
-----------------------------

06/03/2018 09:33:31 PM	[raft_thread.py write_to_logger 59]  317 root [DEBUG] 
FILE:./C/Code/state_machine.c, FUNCTION:operate_machine_state, LINE:8
MESSAGE:enter state function
VARIABLES:  node->event=0  sharedRaftData.raft_state.current_state=1 
-----------------------------

06/03/2018 09:33:31 PM	[raft_thread.py write_to_logger 60]  317 root [INFO ] 
FILE:./C/Code/state_machine.c, FUNCTION:operate_machine_state, LINE:8
MESSAGE:enter state function
VARIABLES:  node->event=0  sharedRaftData.raft_state.current_state=1 
-----------------------------

06/03/2018 09:33:31 PM	[raft_thread.py write_to_logger 61]  317 root [WARNI] 
FILE:./C/Code/state_machine.c, FUNCTION:operate_machine_state, LINE:8
MESSAGE:enter state function
VARIABLES:  node->event=0  sharedRaftData.raft_state.current_state=1 
-----------------------------

06/03/2018 09:33:31 PM	[raft_thread.py write_to_logger 62]  317 root [ERROR] 
FILE:./C/Code/state_machine.c, FUNCTION:operate_machine_state, LINE:8
MESSAGE:enter state function
VARIABLES:  node->event=0  sharedRaftData.raft_state.current_state=1 
-----------------------------

06/03/2018 09:33:31 PM	[raft_thread.py write_to_logger 63]  317 root [CRITI] 
FILE:./C/Code/state_machine.c, FUNCTION:operate_machine_state, LINE:8
MESSAGE:enter state function
VARIABLES:  node->event=0  sharedRaftData.raft_state.current_state=1 
-----------------------------

06/03/2018 09:33:31 PM	[raft_thread.py write_to_logger 59]  317 root [DEBUG] 
FILE:./C/Code/candidate_handlers.c, FUNCTION:candidate_time_out_handler, LINE:132
MESSAGE:timeout event
VARIABLES:  sharedRaftData.raft_state.wakeup_counter=0 
-----------------------------

06/03/2018 09:33:31 PM	[raft_thread.py write_to_logger 60]  317 root [INFO ] 
FILE:./C/Code/candidate_handlers.c, FUNCTION:candidate_time_out_handler, LINE:132
MESSAGE:timeout event
VARIABLES:  sharedRaftData.raft_state.wakeup_counter=0 
-----------------------------

06/03/2018 09:33:31 PM	[raft_thread.py write_to_logger 61]  318 root [WARNI] 
FILE:./C/Code/candidate_handlers.c, FUNCTION:candidate_time_out_handler, LINE:132
MESSAGE:timeout event
VARIABLES:  sharedRaftData.raft_state.wakeup_counter=0 
-----------------------------

06/03/2018 09:33:31 PM	[raft_thread.py write_to_logger 62]  318 root [ERROR] 
FILE:./C/Code/candidate_handlers.c, FUNCTION:candidate_time_out_handler, LINE:132
MESSAGE:timeout event
VARIABLES:  sharedRaftData.raft_state.wakeup_counter=0 
-----------------------------

06/03/2018 09:33:31 PM	[raft_thread.py write_to_logger 63]  318 root [CRITI] 
FILE:./C/Code/candidate_handlers.c, FUNCTION:candidate_time_out_handler, LINE:132
MESSAGE:timeout event
VARIABLES:  sharedRaftData.raft_state.wakeup_counter=0 
-----------------------------

06/03/2018 09:33:32 PM	[raft_thread.py write_to_logger 59]  311 root [DEBUG] 
FILE:./C/Code/handlers_utils.c, FUNCTION:time_out_hendler, LINE:63
MESSAGE:add new timeout event- now in queue
VARIABLES:  sharedRaftData.raft_state.current_state=1 
-----------------------------

06/03/2018 09:33:32 PM	[raft_thread.py write_to_logger 60]  311 root [INFO ] 
FILE:./C/Code/handlers_utils.c, FUNCTION:time_out_hendler, LINE:63
MESSAGE:add new timeout event- now in queue
VARIABLES:  sharedRaftData.raft_state.current_state=1 
-----------------------------

06/03/2018 09:33:32 PM	[raft_thread.py write_to_logger 61]  311 root [WARNI] 
FILE:./C/Code/handlers_utils.c, FUNCTION:time_out_hendler, LINE:63
MESSAGE:add new timeout event- now in queue
VARIABLES:  sharedRaftData.raft_state.current_state=1 
-----------------------------

06/03/2018 09:33:32 PM	[raft_thread.py write_to_logger 62]  312 root [ERROR] 
FILE:./C/Code/handlers_utils.c, FUNCTION:time_out_hendler, LINE:63
MESSAGE:add new timeout event- now in queue
VARIABLES:  sharedRaftData.raft_state.current_state=1 
-----------------------------

06/03/2018 09:33:32 PM	[raft_thread.py write_to_logger 63]  312 root [CRITI] 
FILE:./C/Code/handlers_utils.c, FUNCTION:time_out_hendler, LINE:63
MESSAGE:add new timeout event- now in queue
VARIABLES:  sharedRaftData.raft_state.current_state=1 
-----------------------------

06/03/2018 09:33:32 PM	[raft_thread.py write_to_logger 59]  311 root [DEBUG] 
FILE:./C/Code/state_machine.c, FUNCTION:operate_machine_state, LINE:8
MESSAGE:enter state function
VARIABLES:  node->event=0  sharedRaftData.raft_state.current_state=1 
-----------------------------

06/03/2018 09:33:32 PM	[raft_thread.py write_to_logger 60]  312 root [INFO ] 
FILE:./C/Code/state_machine.c, FUNCTION:operate_machine_state, LINE:8
MESSAGE:enter state function
VARIABLES:  node->event=0  sharedRaftData.raft_state.current_state=1 
-----------------------------

06/03/2018 09:33:32 PM	[raft_thread.py write_to_logger 61]  312 root [WARNI] 
FILE:./C/Code/state_machine.c, FUNCTION:operate_machine_state, LINE:8
MESSAGE:enter state function
VARIABLES:  node->event=0  sharedRaftData.raft_state.current_state=1 
-----------------------------

06/03/2018 09:33:32 PM	[raft_thread.py write_to_logger 62]  312 root [ERROR] 
FILE:./C/Code/state_machine.c, FUNCTION:operate_machine_state, LINE:8
MESSAGE:enter state function
VARIABLES:  node->event=0  sharedRaftData.raft_state.current_state=1 
-----------------------------

06/03/2018 09:33:32 PM	[raft_thread.py write_to_logger 63]  312 root [CRITI] 
FILE:./C/Code/state_machine.c, FUNCTION:operate_machine_state, LINE:8
MESSAGE:enter state function
VARIABLES:  node->event=0  sharedRaftData.raft_state.current_state=1 
-----------------------------

06/03/2018 09:33:32 PM	[raft_thread.py write_to_logger 59]  312 root [DEBUG] 
FILE:./C/Code/candidate_handlers.c, FUNCTION:candidate_time_out_handler, LINE:132
MESSAGE:timeout event
VARIABLES:  sharedRaftData.raft_state.wakeup_counter=1 
-----------------------------

06/03/2018 09:33:32 PM	[raft_thread.py write_to_logger 60]  312 root [INFO ] 
FILE:./C/Code/candidate_handlers.c, FUNCTION:candidate_time_out_handler, LINE:132
MESSAGE:timeout event
VARIABLES:  sharedRaftData.raft_state.wakeup_counter=1 
-----------------------------

06/03/2018 09:33:32 PM	[raft_thread.py write_to_logger 61]  312 root [WARNI] 
FILE:./C/Code/candidate_handlers.c, FUNCTION:candidate_time_out_handler, LINE:132
MESSAGE:timeout event
VARIABLES:  sharedRaftData.raft_state.wakeup_counter=1 
-----------------------------

06/03/2018 09:33:32 PM	[raft_thread.py write_to_logger 62]  313 root [ERROR] 
FILE:./C/Code/candidate_handlers.c, FUNCTION:candidate_time_out_handler, LINE:132
MESSAGE:timeout event
VARIABLES:  sharedRaftData.raft_state.wakeup_counter=1 
-----------------------------

06/03/2018 09:33:32 PM	[raft_thread.py write_to_logger 63]  313 root [CRITI] 
FILE:./C/Code/candidate_handlers.c, FUNCTION:candidate_time_out_handler, LINE:132
MESSAGE:timeout event
VARIABLES:  sharedRaftData.raft_state.wakeup_counter=1 
-----------------------------

06/03/2018 09:33:32 PM	[raft_thread.py write_to_logger 59]  313 root [DEBUG] 
FILE:./C/Code/handlers_utils.c, FUNCTION:update_DB, LINE:13
MESSAGE:update DB
VARIABLES:  DB_flag=status db  key=term 
-----------------------------

06/03/2018 09:33:32 PM	[raft_thread.py write_to_logger 60]  313 root [INFO ] 
FILE:./C/Code/handlers_utils.c, FUNCTION:update_DB, LINE:13
MESSAGE:update DB
VARIABLES:  DB_flag=status db  key=term 
-----------------------------

06/03/2018 09:33:32 PM	[raft_thread.py write_to_logger 61]  313 root [WARNI] 
FILE:./C/Code/handlers_utils.c, FUNCTION:update_DB, LINE:13
MESSAGE:update DB
VARIABLES:  DB_flag=status db  key=term 
-----------------------------

06/03/2018 09:33:32 PM	[raft_thread.py write_to_logger 62]  313 root [ERROR] 
FILE:./C/Code/handlers_utils.c, FUNCTION:update_DB, LINE:13
MESSAGE:update DB
VARIABLES:  DB_flag=status db  key=term 
-----------------------------

06/03/2018 09:33:32 PM	[raft_thread.py write_to_logger 63]  313 root [CRITI] 
FILE:./C/Code/handlers_utils.c, FUNCTION:update_DB, LINE:13
MESSAGE:update DB
VARIABLES:  DB_flag=status db  key=term 
-----------------------------

06/03/2018 09:33:32 PM	[raft_thread.py write_to_logger 59]  313 root [DEBUG] 
FILE:./C/Code/handlers_utils.c, FUNCTION:update_DB, LINE:14
MESSAGE:update DB
VARIABLES:  value=6 
-----------------------------

06/03/2018 09:33:32 PM	[raft_thread.py write_to_logger 60]  313 root [INFO ] 
FILE:./C/Code/handlers_utils.c, FUNCTION:update_DB, LINE:14
MESSAGE:update DB
VARIABLES:  value=6 
-----------------------------

06/03/2018 09:33:32 PM	[raft_thread.py write_to_logger 61]  313 root [WARNI] 
FILE:./C/Code/handlers_utils.c, FUNCTION:update_DB, LINE:14
MESSAGE:update DB
VARIABLES:  value=6 
-----------------------------

06/03/2018 09:33:32 PM	[raft_thread.py write_to_logger 62]  313 root [ERROR] 
FILE:./C/Code/handlers_utils.c, FUNCTION:update_DB, LINE:14
MESSAGE:update DB
VARIABLES:  value=6 
-----------------------------

06/03/2018 09:33:32 PM	[raft_thread.py write_to_logger 63]  313 root [CRITI] 
FILE:./C/Code/handlers_utils.c, FUNCTION:update_DB, LINE:14
MESSAGE:update DB
VARIABLES:  value=6 
-----------------------------

06/03/2018 09:33:32 PM	[raft_thread.py write_to_logger 59]  314 root [DEBUG] 
FILE:./C/Code/static_queue.c, FUNCTION:create_new_queue_node_data, LINE:101
MESSAGE:create new msg
VARIABLES:  event=8 
-----------------------------

06/03/2018 09:33:32 PM	[raft_thread.py write_to_logger 60]  314 root [INFO ] 
FILE:./C/Code/static_queue.c, FUNCTION:create_new_queue_node_data, LINE:101
MESSAGE:create new msg
VARIABLES:  event=8 
-----------------------------

06/03/2018 09:33:32 PM	[raft_thread.py write_to_logger 61]  314 root [WARNI] 
FILE:./C/Code/static_queue.c, FUNCTION:create_new_queue_node_data, LINE:101
MESSAGE:create new msg
VARIABLES:  event=8 
-----------------------------

06/03/2018 09:33:32 PM	[raft_thread.py write_to_logger 62]  314 root [ERROR] 
FILE:./C/Code/static_queue.c, FUNCTION:create_new_queue_node_data, LINE:101
MESSAGE:create new msg
VARIABLES:  event=8 
-----------------------------

06/03/2018 09:33:32 PM	[raft_thread.py write_to_logger 63]  314 root [CRITI] 
FILE:./C/Code/static_queue.c, FUNCTION:create_new_queue_node_data, LINE:101
MESSAGE:create new msg
VARIABLES:  event=8 
-----------------------------

06/03/2018 09:33:32 PM	[raft_thread.py write_to_logger 59]  315 root [DEBUG] 
FILE:./C/Code/candidate_handlers.c, FUNCTION:candidate_time_out_handler, LINE:146
MESSAGE:candidate sending request for vote msg
VARIABLES:  sharedRaftData.raft_state.term=6 
-----------------------------

06/03/2018 09:33:32 PM	[raft_thread.py write_to_logger 60]  315 root [INFO ] 
FILE:./C/Code/candidate_handlers.c, FUNCTION:candidate_time_out_handler, LINE:146
MESSAGE:candidate sending request for vote msg
VARIABLES:  sharedRaftData.raft_state.term=6 
-----------------------------

06/03/2018 09:33:32 PM	[raft_thread.py write_to_logger 61]  315 root [WARNI] 
FILE:./C/Code/candidate_handlers.c, FUNCTION:candidate_time_out_handler, LINE:146
MESSAGE:candidate sending request for vote msg
VARIABLES:  sharedRaftData.raft_state.term=6 
-----------------------------

06/03/2018 09:33:32 PM	[raft_thread.py write_to_logger 62]  315 root [ERROR] 
FILE:./C/Code/candidate_handlers.c, FUNCTION:candidate_time_out_handler, LINE:146
MESSAGE:candidate sending request for vote msg
VARIABLES:  sharedRaftData.raft_state.term=6 
-----------------------------

06/03/2018 09:33:32 PM	[raft_thread.py write_to_logger 63]  315 root [CRITI] 
FILE:./C/Code/candidate_handlers.c, FUNCTION:candidate_time_out_handler, LINE:146
MESSAGE:candidate sending request for vote msg
VARIABLES:  sharedRaftData.raft_state.term=6 
-----------------------------

06/03/2018 09:33:32 PM	[raft_thread.py write_to_logger 59]  315 root [DEBUG] 
FILE:./C/Code/raft_server.c, FUNCTION:send_raft_message, LINE:87
MESSAGE:try to send msg
VARIABLES:  message_size=16 
-----------------------------

06/03/2018 09:33:32 PM	[raft_thread.py write_to_logger 60]  315 root [INFO ] 
FILE:./C/Code/raft_server.c, FUNCTION:send_raft_message, LINE:87
MESSAGE:try to send msg
VARIABLES:  message_size=16 
-----------------------------

06/03/2018 09:33:32 PM	[raft_thread.py write_to_logger 61]  315 root [WARNI] 
FILE:./C/Code/raft_server.c, FUNCTION:send_raft_message, LINE:87
MESSAGE:try to send msg
VARIABLES:  message_size=16 
-----------------------------

06/03/2018 09:33:32 PM	[raft_thread.py write_to_logger 62]  315 root [ERROR] 
FILE:./C/Code/raft_server.c, FUNCTION:send_raft_message, LINE:87
MESSAGE:try to send msg
VARIABLES:  message_size=16 
-----------------------------

06/03/2018 09:33:32 PM	[raft_thread.py write_to_logger 63]  315 root [CRITI] 
FILE:./C/Code/raft_server.c, FUNCTION:send_raft_message, LINE:87
MESSAGE:try to send msg
VARIABLES:  message_size=16 
-----------------------------

06/03/2018 09:33:32 PM	[raft_thread.py write_to_logger 59]  315 root [DEBUG] 
FILE:./C/Code/raft_server.c, FUNCTION:send_raft_message, LINE:103
MESSAGE:msg was successfully sent
VARIABLES:  message_size=16 
-----------------------------

06/03/2018 09:33:32 PM	[raft_thread.py write_to_logger 60]  316 root [INFO ] 
FILE:./C/Code/raft_server.c, FUNCTION:send_raft_message, LINE:103
MESSAGE:msg was successfully sent
VARIABLES:  message_size=16 
-----------------------------

06/03/2018 09:33:32 PM	[raft_thread.py write_to_logger 61]  316 root [WARNI] 
FILE:./C/Code/raft_server.c, FUNCTION:send_raft_message, LINE:103
MESSAGE:msg was successfully sent
VARIABLES:  message_size=16 
-----------------------------

06/03/2018 09:33:32 PM	[raft_thread.py write_to_logger 62]  316 root [ERROR] 
FILE:./C/Code/raft_server.c, FUNCTION:send_raft_message, LINE:103
MESSAGE:msg was successfully sent
VARIABLES:  message_size=16 
-----------------------------

06/03/2018 09:33:32 PM	[raft_thread.py write_to_logger 63]  316 root [CRITI] 
FILE:./C/Code/raft_server.c, FUNCTION:send_raft_message, LINE:103
MESSAGE:msg was successfully sent
VARIABLES:  message_size=16 
-----------------------------

06/03/2018 09:33:32 PM	[raft_thread.py write_to_logger 59]  316 root [DEBUG] 
FILE:./C/Code/raft_server.c, FUNCTION:get_raft_message, LINE:131
MESSAGE:msg was successfully read
VARIABLES:  message_size=16 
-----------------------------

06/03/2018 09:33:32 PM	[raft_thread.py write_to_logger 60]  316 root [INFO ] 
FILE:./C/Code/raft_server.c, FUNCTION:get_raft_message, LINE:131
MESSAGE:msg was successfully read
VARIABLES:  message_size=16 
-----------------------------

06/03/2018 09:33:32 PM	[raft_thread.py write_to_logger 61]  316 root [WARNI] 
FILE:./C/Code/raft_server.c, FUNCTION:get_raft_message, LINE:131
MESSAGE:msg was successfully read
VARIABLES:  message_size=16 
-----------------------------

06/03/2018 09:33:32 PM	[raft_thread.py write_to_logger 62]  316 root [ERROR] 
FILE:./C/Code/raft_server.c, FUNCTION:get_raft_message, LINE:131
MESSAGE:msg was successfully read
VARIABLES:  message_size=16 
-----------------------------

06/03/2018 09:33:32 PM	[raft_thread.py write_to_logger 63]  316 root [CRITI] 
FILE:./C/Code/raft_server.c, FUNCTION:get_raft_message, LINE:131
MESSAGE:msg was successfully read
VARIABLES:  message_size=16 
-----------------------------

06/03/2018 09:33:32 PM	[raft_thread.py write_to_logger 59]  317 root [DEBUG] 
FILE:./raft_main.c, FUNCTION:run_multicast_listener, LINE:13
MESSAGE:got new message and ids as followed:
VARIABLES:  new_node.message_sent_by=1  sharedRaftData.raft_state.server_id=1 
-----------------------------

06/03/2018 09:33:32 PM	[raft_thread.py write_to_logger 60]  317 root [INFO ] 
FILE:./raft_main.c, FUNCTION:run_multicast_listener, LINE:13
MESSAGE:got new message and ids as followed:
VARIABLES:  new_node.message_sent_by=1  sharedRaftData.raft_state.server_id=1 
-----------------------------

06/03/2018 09:33:32 PM	[raft_thread.py write_to_logger 61]  317 root [WARNI] 
FILE:./raft_main.c, FUNCTION:run_multicast_listener, LINE:13
MESSAGE:got new message and ids as followed:
VARIABLES:  new_node.message_sent_by=1  sharedRaftData.raft_state.server_id=1 
-----------------------------

06/03/2018 09:33:32 PM	[raft_thread.py write_to_logger 62]  317 root [ERROR] 
FILE:./raft_main.c, FUNCTION:run_multicast_listener, LINE:13
MESSAGE:got new message and ids as followed:
VARIABLES:  new_node.message_sent_by=1  sharedRaftData.raft_state.server_id=1 
-----------------------------

06/03/2018 09:33:32 PM	[raft_thread.py write_to_logger 63]  317 root [CRITI] 
FILE:./raft_main.c, FUNCTION:run_multicast_listener, LINE:13
MESSAGE:got new message and ids as followed:
VARIABLES:  new_node.message_sent_by=1  sharedRaftData.raft_state.server_id=1 
-----------------------------

06/03/2018 09:33:32 PM	[raft_thread.py write_to_logger 59]  317 root [DEBUG] 
FILE:./C/Code/handlers_utils.c, FUNCTION:is_relevant_message, LINE:108
MESSAGE:This is my msg- ignore!
-----------------------------

06/03/2018 09:33:32 PM	[raft_thread.py write_to_logger 60]  317 root [INFO ] 
FILE:./C/Code/handlers_utils.c, FUNCTION:is_relevant_message, LINE:108
MESSAGE:This is my msg- ignore!
-----------------------------

06/03/2018 09:33:32 PM	[raft_thread.py write_to_logger 61]  317 root [WARNI] 
FILE:./C/Code/handlers_utils.c, FUNCTION:is_relevant_message, LINE:108
MESSAGE:This is my msg- ignore!
-----------------------------

06/03/2018 09:33:32 PM	[raft_thread.py write_to_logger 62]  317 root [ERROR] 
FILE:./C/Code/handlers_utils.c, FUNCTION:is_relevant_message, LINE:108
MESSAGE:This is my msg- ignore!
-----------------------------

06/03/2018 09:33:32 PM	[raft_thread.py write_to_logger 63]  317 root [CRITI] 
FILE:./C/Code/handlers_utils.c, FUNCTION:is_relevant_message, LINE:108
MESSAGE:This is my msg- ignore!
-----------------------------

06/03/2018 09:33:32 PM	[raft_thread.py write_to_logger 59]  318 root [DEBUG] 
FILE:./C/Code/raft_server.c, FUNCTION:get_raft_message, LINE:111
MESSAGE:try to read message
-----------------------------

06/03/2018 09:33:32 PM	[raft_thread.py write_to_logger 60]  318 root [INFO ] 
FILE:./C/Code/raft_server.c, FUNCTION:get_raft_message, LINE:111
MESSAGE:try to read message
-----------------------------

06/03/2018 09:33:32 PM	[raft_thread.py write_to_logger 61]  318 root [WARNI] 
FILE:./C/Code/raft_server.c, FUNCTION:get_raft_message, LINE:111
MESSAGE:try to read message
-----------------------------

06/03/2018 09:33:32 PM	[raft_thread.py write_to_logger 62]  318 root [ERROR] 
FILE:./C/Code/raft_server.c, FUNCTION:get_raft_message, LINE:111
MESSAGE:try to read message
-----------------------------

06/03/2018 09:33:32 PM	[raft_thread.py write_to_logger 63]  318 root [CRITI] 
FILE:./C/Code/raft_server.c, FUNCTION:get_raft_message, LINE:111
MESSAGE:try to read message
-----------------------------

06/03/2018 09:33:33 PM	[raft_thread.py write_to_logger 59]  312 root [DEBUG] 
FILE:./C/Code/handlers_utils.c, FUNCTION:time_out_hendler, LINE:63
MESSAGE:add new timeout event- now in queue
VARIABLES:  sharedRaftData.raft_state.current_state=1 
-----------------------------

06/03/2018 09:33:33 PM	[raft_thread.py write_to_logger 60]  312 root [INFO ] 
FILE:./C/Code/handlers_utils.c, FUNCTION:time_out_hendler, LINE:63
MESSAGE:add new timeout event- now in queue
VARIABLES:  sharedRaftData.raft_state.current_state=1 
-----------------------------

06/03/2018 09:33:33 PM	[raft_thread.py write_to_logger 61]  312 root [WARNI] 
FILE:./C/Code/handlers_utils.c, FUNCTION:time_out_hendler, LINE:63
MESSAGE:add new timeout event- now in queue
VARIABLES:  sharedRaftData.raft_state.current_state=1 
-----------------------------

06/03/2018 09:33:33 PM	[raft_thread.py write_to_logger 62]  312 root [ERROR] 
FILE:./C/Code/handlers_utils.c, FUNCTION:time_out_hendler, LINE:63
MESSAGE:add new timeout event- now in queue
VARIABLES:  sharedRaftData.raft_state.current_state=1 
-----------------------------

06/03/2018 09:33:33 PM	[raft_thread.py write_to_logger 63]  313 root [CRITI] 
FILE:./C/Code/handlers_utils.c, FUNCTION:time_out_hendler, LINE:63
MESSAGE:add new timeout event- now in queue
VARIABLES:  sharedRaftData.raft_state.current_state=1 
-----------------------------

06/03/2018 09:33:33 PM	[raft_thread.py write_to_logger 59]  313 root [DEBUG] 
FILE:./C/Code/state_machine.c, FUNCTION:operate_machine_state, LINE:8
MESSAGE:enter state function
VARIABLES:  node->event=0  sharedRaftData.raft_state.current_state=1 
-----------------------------

06/03/2018 09:33:33 PM	[raft_thread.py write_to_logger 60]  313 root [INFO ] 
FILE:./C/Code/state_machine.c, FUNCTION:operate_machine_state, LINE:8
MESSAGE:enter state function
VARIABLES:  node->event=0  sharedRaftData.raft_state.current_state=1 
-----------------------------

06/03/2018 09:33:33 PM	[raft_thread.py write_to_logger 61]  313 root [WARNI] 
FILE:./C/Code/state_machine.c, FUNCTION:operate_machine_state, LINE:8
MESSAGE:enter state function
VARIABLES:  node->event=0  sharedRaftData.raft_state.current_state=1 
-----------------------------

06/03/2018 09:33:33 PM	[raft_thread.py write_to_logger 62]  313 root [ERROR] 
FILE:./C/Code/state_machine.c, FUNCTION:operate_machine_state, LINE:8
MESSAGE:enter state function
VARIABLES:  node->event=0  sharedRaftData.raft_state.current_state=1 
-----------------------------

06/03/2018 09:33:33 PM	[raft_thread.py write_to_logger 63]  313 root [CRITI] 
FILE:./C/Code/state_machine.c, FUNCTION:operate_machine_state, LINE:8
MESSAGE:enter state function
VARIABLES:  node->event=0  sharedRaftData.raft_state.current_state=1 
-----------------------------

06/03/2018 09:33:33 PM	[raft_thread.py write_to_logger 59]  314 root [DEBUG] 
FILE:./C/Code/candidate_handlers.c, FUNCTION:candidate_time_out_handler, LINE:132
MESSAGE:timeout event
VARIABLES:  sharedRaftData.raft_state.wakeup_counter=0 
-----------------------------

06/03/2018 09:33:33 PM	[raft_thread.py write_to_logger 60]  314 root [INFO ] 
FILE:./C/Code/candidate_handlers.c, FUNCTION:candidate_time_out_handler, LINE:132
MESSAGE:timeout event
VARIABLES:  sharedRaftData.raft_state.wakeup_counter=0 
-----------------------------

06/03/2018 09:33:33 PM	[raft_thread.py write_to_logger 61]  314 root [WARNI] 
FILE:./C/Code/candidate_handlers.c, FUNCTION:candidate_time_out_handler, LINE:132
MESSAGE:timeout event
VARIABLES:  sharedRaftData.raft_state.wakeup_counter=0 
-----------------------------

06/03/2018 09:33:33 PM	[raft_thread.py write_to_logger 62]  314 root [ERROR] 
FILE:./C/Code/candidate_handlers.c, FUNCTION:candidate_time_out_handler, LINE:132
MESSAGE:timeout event
VARIABLES:  sharedRaftData.raft_state.wakeup_counter=0 
-----------------------------

06/03/2018 09:33:33 PM	[raft_thread.py write_to_logger 63]  314 root [CRITI] 
FILE:./C/Code/candidate_handlers.c, FUNCTION:candidate_time_out_handler, LINE:132
MESSAGE:timeout event
VARIABLES:  sharedRaftData.raft_state.wakeup_counter=0 
-----------------------------

06/03/2018 09:33:34 PM	[raft_thread.py write_to_logger 59]  311 root [DEBUG] 
FILE:./C/Code/handlers_utils.c, FUNCTION:time_out_hendler, LINE:63
MESSAGE:add new timeout event- now in queue
VARIABLES:  sharedRaftData.raft_state.current_state=1 
-----------------------------

06/03/2018 09:33:34 PM	[raft_thread.py write_to_logger 59]  311 root [DEBUG] 
FILE:./C/Code/state_machine.c, FUNCTION:operate_machine_state, LINE:8
MESSAGE:enter state function
VARIABLES:  node->event=0  sharedRaftData.raft_state.current_state=1 
-----------------------------

06/03/2018 09:33:34 PM	[raft_thread.py write_to_logger 60]  312 root [INFO ] 
FILE:./C/Code/state_machine.c, FUNCTION:operate_machine_state, LINE:8
MESSAGE:enter state function
VARIABLES:  node->event=0  sharedRaftData.raft_state.current_state=1 
-----------------------------

06/03/2018 09:33:34 PM	[raft_thread.py write_to_logger 60]  311 root [INFO ] 
FILE:./C/Code/handlers_utils.c, FUNCTION:time_out_hendler, LINE:63
MESSAGE:add new timeout event- now in queue
VARIABLES:  sharedRaftData.raft_state.current_state=1 
-----------------------------

06/03/2018 09:33:34 PM	[raft_thread.py write_to_logger 61]  312 root [WARNI] 
FILE:./C/Code/state_machine.c, FUNCTION:operate_machine_state, LINE:8
MESSAGE:enter state function
VARIABLES:  node->event=0  sharedRaftData.raft_state.current_state=1 
-----------------------------

06/03/2018 09:33:34 PM	[raft_thread.py write_to_logger 62]  312 root [ERROR] 
FILE:./C/Code/state_machine.c, FUNCTION:operate_machine_state, LINE:8
MESSAGE:enter state function
VARIABLES:  node->event=0  sharedRaftData.raft_state.current_state=1 
-----------------------------

06/03/2018 09:33:34 PM	[raft_thread.py write_to_logger 61]  312 root [WARNI] 
FILE:./C/Code/handlers_utils.c, FUNCTION:time_out_hendler, LINE:63
MESSAGE:add new timeout event- now in queue
VARIABLES:  sharedRaftData.raft_state.current_state=1 
-----------------------------

06/03/2018 09:33:34 PM	[raft_thread.py write_to_logger 62]  312 root [ERROR] 
FILE:./C/Code/handlers_utils.c, FUNCTION:time_out_hendler, LINE:63
MESSAGE:add new timeout event- now in queue
VARIABLES:  sharedRaftData.raft_state.current_state=1 
-----------------------------

06/03/2018 09:33:34 PM	[raft_thread.py write_to_logger 63]  313 root [CRITI] 
FILE:./C/Code/handlers_utils.c, FUNCTION:time_out_hendler, LINE:63
MESSAGE:add new timeout event- now in queue
VARIABLES:  sharedRaftData.raft_state.current_state=1 
-----------------------------

06/03/2018 09:33:34 PM	[raft_thread.py write_to_logger 63]  312 root [CRITI] 
FILE:./C/Code/state_machine.c, FUNCTION:operate_machine_state, LINE:8
MESSAGE:enter state function
VARIABLES:  node->event=0  sharedRaftData.raft_state.current_state=1 
-----------------------------

06/03/2018 09:33:34 PM	[raft_thread.py write_to_logger 59]  313 root [DEBUG] 
FILE:./C/Code/candidate_handlers.c, FUNCTION:candidate_time_out_handler, LINE:132
MESSAGE:timeout event
VARIABLES:  sharedRaftData.raft_state.wakeup_counter=1 
-----------------------------

06/03/2018 09:33:34 PM	[raft_thread.py write_to_logger 60]  313 root [INFO ] 
FILE:./C/Code/candidate_handlers.c, FUNCTION:candidate_time_out_handler, LINE:132
MESSAGE:timeout event
VARIABLES:  sharedRaftData.raft_state.wakeup_counter=1 
-----------------------------

06/03/2018 09:33:34 PM	[raft_thread.py write_to_logger 61]  313 root [WARNI] 
FILE:./C/Code/candidate_handlers.c, FUNCTION:candidate_time_out_handler, LINE:132
MESSAGE:timeout event
VARIABLES:  sharedRaftData.raft_state.wakeup_counter=1 
-----------------------------

06/03/2018 09:33:34 PM	[raft_thread.py write_to_logger 62]  313 root [ERROR] 
FILE:./C/Code/candidate_handlers.c, FUNCTION:candidate_time_out_handler, LINE:132
MESSAGE:timeout event
VARIABLES:  sharedRaftData.raft_state.wakeup_counter=1 
-----------------------------

06/03/2018 09:33:34 PM	[raft_thread.py write_to_logger 63]  313 root [CRITI] 
FILE:./C/Code/candidate_handlers.c, FUNCTION:candidate_time_out_handler, LINE:132
MESSAGE:timeout event
VARIABLES:  sharedRaftData.raft_state.wakeup_counter=1 
-----------------------------

06/03/2018 09:33:34 PM	[raft_thread.py write_to_logger 59]  314 root [DEBUG] 
FILE:./C/Code/handlers_utils.c, FUNCTION:update_DB, LINE:13
MESSAGE:update DB
VARIABLES:  DB_flag=status db  key=term 
-----------------------------

06/03/2018 09:33:34 PM	[raft_thread.py write_to_logger 60]  314 root [INFO ] 
FILE:./C/Code/handlers_utils.c, FUNCTION:update_DB, LINE:13
MESSAGE:update DB
VARIABLES:  DB_flag=status db  key=term 
-----------------------------

06/03/2018 09:33:34 PM	[raft_thread.py write_to_logger 61]  314 root [WARNI] 
FILE:./C/Code/handlers_utils.c, FUNCTION:update_DB, LINE:13
MESSAGE:update DB
VARIABLES:  DB_flag=status db  key=term 
-----------------------------

06/03/2018 09:33:34 PM	[raft_thread.py write_to_logger 62]  314 root [ERROR] 
FILE:./C/Code/handlers_utils.c, FUNCTION:update_DB, LINE:13
MESSAGE:update DB
VARIABLES:  DB_flag=status db  key=term 
-----------------------------

06/03/2018 09:33:34 PM	[raft_thread.py write_to_logger 63]  314 root [CRITI] 
FILE:./C/Code/handlers_utils.c, FUNCTION:update_DB, LINE:13
MESSAGE:update DB
VARIABLES:  DB_flag=status db  key=term 
-----------------------------

06/03/2018 09:33:34 PM	[raft_thread.py write_to_logger 59]  314 root [DEBUG] 
FILE:./C/Code/handlers_utils.c, FUNCTION:update_DB, LINE:14
MESSAGE:update DB
VARIABLES:  value=7 
-----------------------------

06/03/2018 09:33:34 PM	[raft_thread.py write_to_logger 60]  314 root [INFO ] 
FILE:./C/Code/handlers_utils.c, FUNCTION:update_DB, LINE:14
MESSAGE:update DB
VARIABLES:  value=7 
-----------------------------

06/03/2018 09:33:34 PM	[raft_thread.py write_to_logger 61]  314 root [WARNI] 
FILE:./C/Code/handlers_utils.c, FUNCTION:update_DB, LINE:14
MESSAGE:update DB
VARIABLES:  value=7 
-----------------------------

06/03/2018 09:33:34 PM	[raft_thread.py write_to_logger 62]  314 root [ERROR] 
FILE:./C/Code/handlers_utils.c, FUNCTION:update_DB, LINE:14
MESSAGE:update DB
VARIABLES:  value=7 
-----------------------------

06/03/2018 09:33:34 PM	[raft_thread.py write_to_logger 63]  314 root [CRITI] 
FILE:./C/Code/handlers_utils.c, FUNCTION:update_DB, LINE:14
MESSAGE:update DB
VARIABLES:  value=7 
-----------------------------

06/03/2018 09:33:34 PM	[raft_thread.py write_to_logger 59]  315 root [DEBUG] 
FILE:./C/Code/static_queue.c, FUNCTION:create_new_queue_node_data, LINE:101
MESSAGE:create new msg
VARIABLES:  event=8 
-----------------------------

06/03/2018 09:33:34 PM	[raft_thread.py write_to_logger 60]  315 root [INFO ] 
FILE:./C/Code/static_queue.c, FUNCTION:create_new_queue_node_data, LINE:101
MESSAGE:create new msg
VARIABLES:  event=8 
-----------------------------

06/03/2018 09:33:34 PM	[raft_thread.py write_to_logger 61]  315 root [WARNI] 
FILE:./C/Code/static_queue.c, FUNCTION:create_new_queue_node_data, LINE:101
MESSAGE:create new msg
VARIABLES:  event=8 
-----------------------------

06/03/2018 09:33:34 PM	[raft_thread.py write_to_logger 62]  316 root [ERROR] 
FILE:./C/Code/static_queue.c, FUNCTION:create_new_queue_node_data, LINE:101
MESSAGE:create new msg
VARIABLES:  event=8 
-----------------------------

06/03/2018 09:33:34 PM	[raft_thread.py write_to_logger 63]  316 root [CRITI] 
FILE:./C/Code/static_queue.c, FUNCTION:create_new_queue_node_data, LINE:101
MESSAGE:create new msg
VARIABLES:  event=8 
-----------------------------

06/03/2018 09:33:34 PM	[raft_thread.py write_to_logger 59]  316 root [DEBUG] 
FILE:./C/Code/candidate_handlers.c, FUNCTION:candidate_time_out_handler, LINE:146
MESSAGE:candidate sending request for vote msg
VARIABLES:  sharedRaftData.raft_state.term=7 
-----------------------------

06/03/2018 09:33:34 PM	[raft_thread.py write_to_logger 60]  316 root [INFO ] 
FILE:./C/Code/candidate_handlers.c, FUNCTION:candidate_time_out_handler, LINE:146
MESSAGE:candidate sending request for vote msg
VARIABLES:  sharedRaftData.raft_state.term=7 
-----------------------------

06/03/2018 09:33:34 PM	[raft_thread.py write_to_logger 61]  316 root [WARNI] 
FILE:./C/Code/candidate_handlers.c, FUNCTION:candidate_time_out_handler, LINE:146
MESSAGE:candidate sending request for vote msg
VARIABLES:  sharedRaftData.raft_state.term=7 
-----------------------------

06/03/2018 09:33:34 PM	[raft_thread.py write_to_logger 62]  316 root [ERROR] 
FILE:./C/Code/candidate_handlers.c, FUNCTION:candidate_time_out_handler, LINE:146
MESSAGE:candidate sending request for vote msg
VARIABLES:  sharedRaftData.raft_state.term=7 
-----------------------------

06/03/2018 09:33:34 PM	[raft_thread.py write_to_logger 63]  316 root [CRITI] 
FILE:./C/Code/candidate_handlers.c, FUNCTION:candidate_time_out_handler, LINE:146
MESSAGE:candidate sending request for vote msg
VARIABLES:  sharedRaftData.raft_state.term=7 
-----------------------------

06/03/2018 09:33:34 PM	[raft_thread.py write_to_logger 59]  316 root [DEBUG] 
FILE:./C/Code/raft_server.c, FUNCTION:send_raft_message, LINE:87
MESSAGE:try to send msg
VARIABLES:  message_size=16 
-----------------------------

06/03/2018 09:33:34 PM	[raft_thread.py write_to_logger 60]  316 root [INFO ] 
FILE:./C/Code/raft_server.c, FUNCTION:send_raft_message, LINE:87
MESSAGE:try to send msg
VARIABLES:  message_size=16 
-----------------------------

06/03/2018 09:33:34 PM	[raft_thread.py write_to_logger 61]  316 root [WARNI] 
FILE:./C/Code/raft_server.c, FUNCTION:send_raft_message, LINE:87
MESSAGE:try to send msg
VARIABLES:  message_size=16 
-----------------------------

06/03/2018 09:33:34 PM	[raft_thread.py write_to_logger 62]  316 root [ERROR] 
FILE:./C/Code/raft_server.c, FUNCTION:send_raft_message, LINE:87
MESSAGE:try to send msg
VARIABLES:  message_size=16 
-----------------------------

06/03/2018 09:33:34 PM	[raft_thread.py write_to_logger 63]  316 root [CRITI] 
FILE:./C/Code/raft_server.c, FUNCTION:send_raft_message, LINE:87
MESSAGE:try to send msg
VARIABLES:  message_size=16 
-----------------------------

06/03/2018 09:33:34 PM	[raft_thread.py write_to_logger 59]  317 root [DEBUG] 
FILE:./C/Code/raft_server.c, FUNCTION:send_raft_message, LINE:103
MESSAGE:msg was successfully sent
VARIABLES:  message_size=16 
-----------------------------

06/03/2018 09:33:34 PM	[raft_thread.py write_to_logger 60]  317 root [INFO ] 
FILE:./C/Code/raft_server.c, FUNCTION:send_raft_message, LINE:103
MESSAGE:msg was successfully sent
VARIABLES:  message_size=16 
-----------------------------

06/03/2018 09:33:34 PM	[raft_thread.py write_to_logger 61]  317 root [WARNI] 
FILE:./C/Code/raft_server.c, FUNCTION:send_raft_message, LINE:103
MESSAGE:msg was successfully sent
VARIABLES:  message_size=16 
-----------------------------

06/03/2018 09:33:34 PM	[raft_thread.py write_to_logger 62]  317 root [ERROR] 
FILE:./C/Code/raft_server.c, FUNCTION:send_raft_message, LINE:103
MESSAGE:msg was successfully sent
VARIABLES:  message_size=16 
-----------------------------

06/03/2018 09:33:34 PM	[raft_thread.py write_to_logger 63]  317 root [CRITI] 
FILE:./C/Code/raft_server.c, FUNCTION:send_raft_message, LINE:103
MESSAGE:msg was successfully sent
VARIABLES:  message_size=16 
-----------------------------

06/03/2018 09:33:34 PM	[raft_thread.py write_to_logger 59]  317 root [DEBUG] 
FILE:./C/Code/raft_server.c, FUNCTION:get_raft_message, LINE:131
MESSAGE:msg was successfully read
VARIABLES:  message_size=16 
-----------------------------

06/03/2018 09:33:34 PM	[raft_thread.py write_to_logger 60]  318 root [INFO ] 
FILE:./C/Code/raft_server.c, FUNCTION:get_raft_message, LINE:131
MESSAGE:msg was successfully read
VARIABLES:  message_size=16 
-----------------------------

06/03/2018 09:33:34 PM	[raft_thread.py write_to_logger 61]  318 root [WARNI] 
FILE:./C/Code/raft_server.c, FUNCTION:get_raft_message, LINE:131
MESSAGE:msg was successfully read
VARIABLES:  message_size=16 
-----------------------------

06/03/2018 09:33:34 PM	[raft_thread.py write_to_logger 62]  318 root [ERROR] 
FILE:./C/Code/raft_server.c, FUNCTION:get_raft_message, LINE:131
MESSAGE:msg was successfully read
VARIABLES:  message_size=16 
-----------------------------

06/03/2018 09:33:34 PM	[raft_thread.py write_to_logger 63]  318 root [CRITI] 
FILE:./C/Code/raft_server.c, FUNCTION:get_raft_message, LINE:131
MESSAGE:msg was successfully read
VARIABLES:  message_size=16 
-----------------------------

06/03/2018 09:33:34 PM	[raft_thread.py write_to_logger 59]  318 root [DEBUG] 
FILE:./raft_main.c, FUNCTION:run_multicast_listener, LINE:13
MESSAGE:got new message and ids as followed:
VARIABLES:  new_node.message_sent_by=1  sharedRaftData.raft_state.server_id=1 
-----------------------------

06/03/2018 09:33:34 PM	[raft_thread.py write_to_logger 60]  318 root [INFO ] 
FILE:./raft_main.c, FUNCTION:run_multicast_listener, LINE:13
MESSAGE:got new message and ids as followed:
VARIABLES:  new_node.message_sent_by=1  sharedRaftData.raft_state.server_id=1 
-----------------------------

06/03/2018 09:33:34 PM	[raft_thread.py write_to_logger 61]  318 root [WARNI] 
FILE:./raft_main.c, FUNCTION:run_multicast_listener, LINE:13
MESSAGE:got new message and ids as followed:
VARIABLES:  new_node.message_sent_by=1  sharedRaftData.raft_state.server_id=1 
-----------------------------

06/03/2018 09:33:34 PM	[raft_thread.py write_to_logger 62]  318 root [ERROR] 
FILE:./raft_main.c, FUNCTION:run_multicast_listener, LINE:13
MESSAGE:got new message and ids as followed:
VARIABLES:  new_node.message_sent_by=1  sharedRaftData.raft_state.server_id=1 
-----------------------------

06/03/2018 09:33:34 PM	[raft_thread.py write_to_logger 63]  318 root [CRITI] 
FILE:./raft_main.c, FUNCTION:run_multicast_listener, LINE:13
MESSAGE:got new message and ids as followed:
VARIABLES:  new_node.message_sent_by=1  sharedRaftData.raft_state.server_id=1 
-----------------------------

06/03/2018 09:33:34 PM	[raft_thread.py write_to_logger 59]  318 root [DEBUG] 
FILE:./C/Code/handlers_utils.c, FUNCTION:is_relevant_message, LINE:108
MESSAGE:This is my msg- ignore!
-----------------------------

06/03/2018 09:33:34 PM	[raft_thread.py write_to_logger 60]  318 root [INFO ] 
FILE:./C/Code/handlers_utils.c, FUNCTION:is_relevant_message, LINE:108
MESSAGE:This is my msg- ignore!
-----------------------------

06/03/2018 09:33:34 PM	[raft_thread.py write_to_logger 61]  318 root [WARNI] 
FILE:./C/Code/handlers_utils.c, FUNCTION:is_relevant_message, LINE:108
MESSAGE:This is my msg- ignore!
-----------------------------

06/03/2018 09:33:34 PM	[raft_thread.py write_to_logger 62]  319 root [ERROR] 
FILE:./C/Code/handlers_utils.c, FUNCTION:is_relevant_message, LINE:108
MESSAGE:This is my msg- ignore!
-----------------------------

06/03/2018 09:33:34 PM	[raft_thread.py write_to_logger 63]  319 root [CRITI] 
FILE:./C/Code/handlers_utils.c, FUNCTION:is_relevant_message, LINE:108
MESSAGE:This is my msg- ignore!
-----------------------------

06/03/2018 09:33:34 PM	[raft_thread.py write_to_logger 59]  319 root [DEBUG] 
FILE:./C/Code/raft_server.c, FUNCTION:get_raft_message, LINE:111
MESSAGE:try to read message
-----------------------------

06/03/2018 09:33:34 PM	[raft_thread.py write_to_logger 60]  319 root [INFO ] 
FILE:./C/Code/raft_server.c, FUNCTION:get_raft_message, LINE:111
MESSAGE:try to read message
-----------------------------

06/03/2018 09:33:34 PM	[raft_thread.py write_to_logger 61]  319 root [WARNI] 
FILE:./C/Code/raft_server.c, FUNCTION:get_raft_message, LINE:111
MESSAGE:try to read message
-----------------------------

06/03/2018 09:33:34 PM	[raft_thread.py write_to_logger 62]  319 root [ERROR] 
FILE:./C/Code/raft_server.c, FUNCTION:get_raft_message, LINE:111
MESSAGE:try to read message
-----------------------------

06/03/2018 09:33:34 PM	[raft_thread.py write_to_logger 63]  319 root [CRITI] 
FILE:./C/Code/raft_server.c, FUNCTION:get_raft_message, LINE:111
MESSAGE:try to read message
-----------------------------

06/03/2018 09:33:35 PM	[raft_thread.py write_to_logger 59]  311 root [DEBUG] 
FILE:./C/Code/handlers_utils.c, FUNCTION:time_out_hendler, LINE:63
MESSAGE:add new timeout event- now in queue
VARIABLES:  sharedRaftData.raft_state.current_state=1 
-----------------------------

06/03/2018 09:33:35 PM	[raft_thread.py write_to_logger 59]  311 root [DEBUG] 
FILE:./C/Code/state_machine.c, FUNCTION:operate_machine_state, LINE:8
MESSAGE:enter state function
VARIABLES:  node->event=0  sharedRaftData.raft_state.current_state=1 
-----------------------------

06/03/2018 09:33:35 PM	[raft_thread.py write_to_logger 60]  312 root [INFO ] 
FILE:./C/Code/state_machine.c, FUNCTION:operate_machine_state, LINE:8
MESSAGE:enter state function
VARIABLES:  node->event=0  sharedRaftData.raft_state.current_state=1 
-----------------------------

06/03/2018 09:33:35 PM	[raft_thread.py write_to_logger 60]  312 root [INFO ] 
FILE:./C/Code/handlers_utils.c, FUNCTION:time_out_hendler, LINE:63
MESSAGE:add new timeout event- now in queue
VARIABLES:  sharedRaftData.raft_state.current_state=1 
-----------------------------

06/03/2018 09:33:35 PM	[raft_thread.py write_to_logger 61]  312 root [WARNI] 
FILE:./C/Code/state_machine.c, FUNCTION:operate_machine_state, LINE:8
MESSAGE:enter state function
VARIABLES:  node->event=0  sharedRaftData.raft_state.current_state=1 
-----------------------------

06/03/2018 09:33:35 PM	[raft_thread.py write_to_logger 62]  313 root [ERROR] 
FILE:./C/Code/state_machine.c, FUNCTION:operate_machine_state, LINE:8
MESSAGE:enter state function
VARIABLES:  node->event=0  sharedRaftData.raft_state.current_state=1 
-----------------------------

06/03/2018 09:33:35 PM	[raft_thread.py write_to_logger 61]  313 root [WARNI] 
FILE:./C/Code/handlers_utils.c, FUNCTION:time_out_hendler, LINE:63
MESSAGE:add new timeout event- now in queue
VARIABLES:  sharedRaftData.raft_state.current_state=1 
-----------------------------

06/03/2018 09:33:35 PM	[raft_thread.py write_to_logger 62]  313 root [ERROR] 
FILE:./C/Code/handlers_utils.c, FUNCTION:time_out_hendler, LINE:63
MESSAGE:add new timeout event- now in queue
VARIABLES:  sharedRaftData.raft_state.current_state=1 
-----------------------------

06/03/2018 09:33:35 PM	[raft_thread.py write_to_logger 63]  313 root [CRITI] 
FILE:./C/Code/state_machine.c, FUNCTION:operate_machine_state, LINE:8
MESSAGE:enter state function
VARIABLES:  node->event=0  sharedRaftData.raft_state.current_state=1 
-----------------------------

06/03/2018 09:33:35 PM	[raft_thread.py write_to_logger 63]  313 root [CRITI] 
FILE:./C/Code/handlers_utils.c, FUNCTION:time_out_hendler, LINE:63
MESSAGE:add new timeout event- now in queue
VARIABLES:  sharedRaftData.raft_state.current_state=1 
-----------------------------

06/03/2018 09:33:35 PM	[raft_thread.py write_to_logger 59]  314 root [DEBUG] 
FILE:./C/Code/candidate_handlers.c, FUNCTION:candidate_time_out_handler, LINE:132
MESSAGE:timeout event
VARIABLES:  sharedRaftData.raft_state.wakeup_counter=0 
-----------------------------

06/03/2018 09:33:35 PM	[raft_thread.py write_to_logger 60]  314 root [INFO ] 
FILE:./C/Code/candidate_handlers.c, FUNCTION:candidate_time_out_handler, LINE:132
MESSAGE:timeout event
VARIABLES:  sharedRaftData.raft_state.wakeup_counter=0 
-----------------------------

06/03/2018 09:33:35 PM	[raft_thread.py write_to_logger 61]  314 root [WARNI] 
FILE:./C/Code/candidate_handlers.c, FUNCTION:candidate_time_out_handler, LINE:132
MESSAGE:timeout event
VARIABLES:  sharedRaftData.raft_state.wakeup_counter=0 
-----------------------------

06/03/2018 09:33:35 PM	[raft_thread.py write_to_logger 62]  314 root [ERROR] 
FILE:./C/Code/candidate_handlers.c, FUNCTION:candidate_time_out_handler, LINE:132
MESSAGE:timeout event
VARIABLES:  sharedRaftData.raft_state.wakeup_counter=0 
-----------------------------

06/03/2018 09:33:35 PM	[raft_thread.py write_to_logger 63]  314 root [CRITI] 
FILE:./C/Code/candidate_handlers.c, FUNCTION:candidate_time_out_handler, LINE:132
MESSAGE:timeout event
VARIABLES:  sharedRaftData.raft_state.wakeup_counter=0 
-----------------------------

06/03/2018 09:33:36 PM	[raft_thread.py write_to_logger 59]  311 root [DEBUG] 
FILE:./C/Code/handlers_utils.c, FUNCTION:time_out_hendler, LINE:63
MESSAGE:add new timeout event- now in queue
VARIABLES:  sharedRaftData.raft_state.current_state=1 
-----------------------------

06/03/2018 09:33:36 PM	[raft_thread.py write_to_logger 60]  311 root [INFO ] 
FILE:./C/Code/handlers_utils.c, FUNCTION:time_out_hendler, LINE:63
MESSAGE:add new timeout event- now in queue
VARIABLES:  sharedRaftData.raft_state.current_state=1 
-----------------------------

06/03/2018 09:33:36 PM	[raft_thread.py write_to_logger 61]  311 root [WARNI] 
FILE:./C/Code/handlers_utils.c, FUNCTION:time_out_hendler, LINE:63
MESSAGE:add new timeout event- now in queue
VARIABLES:  sharedRaftData.raft_state.current_state=1 
-----------------------------

06/03/2018 09:33:36 PM	[raft_thread.py write_to_logger 62]  311 root [ERROR] 
FILE:./C/Code/handlers_utils.c, FUNCTION:time_out_hendler, LINE:63
MESSAGE:add new timeout event- now in queue
VARIABLES:  sharedRaftData.raft_state.current_state=1 
-----------------------------

06/03/2018 09:33:36 PM	[raft_thread.py write_to_logger 63]  311 root [CRITI] 
FILE:./C/Code/handlers_utils.c, FUNCTION:time_out_hendler, LINE:63
MESSAGE:add new timeout event- now in queue
VARIABLES:  sharedRaftData.raft_state.current_state=1 
-----------------------------

06/03/2018 09:33:36 PM	[raft_thread.py write_to_logger 59]  311 root [DEBUG] 
FILE:./C/Code/state_machine.c, FUNCTION:operate_machine_state, LINE:8
MESSAGE:enter state function
VARIABLES:  node->event=0  sharedRaftData.raft_state.current_state=1 
-----------------------------

06/03/2018 09:33:36 PM	[raft_thread.py write_to_logger 60]  312 root [INFO ] 
FILE:./C/Code/state_machine.c, FUNCTION:operate_machine_state, LINE:8
MESSAGE:enter state function
VARIABLES:  node->event=0  sharedRaftData.raft_state.current_state=1 
-----------------------------

06/03/2018 09:33:36 PM	[raft_thread.py write_to_logger 61]  312 root [WARNI] 
FILE:./C/Code/state_machine.c, FUNCTION:operate_machine_state, LINE:8
MESSAGE:enter state function
VARIABLES:  node->event=0  sharedRaftData.raft_state.current_state=1 
-----------------------------

06/03/2018 09:33:36 PM	[raft_thread.py write_to_logger 62]  312 root [ERROR] 
FILE:./C/Code/state_machine.c, FUNCTION:operate_machine_state, LINE:8
MESSAGE:enter state function
VARIABLES:  node->event=0  sharedRaftData.raft_state.current_state=1 
-----------------------------

06/03/2018 09:33:36 PM	[raft_thread.py write_to_logger 63]  312 root [CRITI] 
FILE:./C/Code/state_machine.c, FUNCTION:operate_machine_state, LINE:8
MESSAGE:enter state function
VARIABLES:  node->event=0  sharedRaftData.raft_state.current_state=1 
-----------------------------

06/03/2018 09:33:36 PM	[raft_thread.py write_to_logger 59]  312 root [DEBUG] 
FILE:./C/Code/candidate_handlers.c, FUNCTION:candidate_time_out_handler, LINE:132
MESSAGE:timeout event
VARIABLES:  sharedRaftData.raft_state.wakeup_counter=1 
-----------------------------

06/03/2018 09:33:36 PM	[raft_thread.py write_to_logger 60]  312 root [INFO ] 
FILE:./C/Code/candidate_handlers.c, FUNCTION:candidate_time_out_handler, LINE:132
MESSAGE:timeout event
VARIABLES:  sharedRaftData.raft_state.wakeup_counter=1 
-----------------------------

06/03/2018 09:33:36 PM	[raft_thread.py write_to_logger 61]  312 root [WARNI] 
FILE:./C/Code/candidate_handlers.c, FUNCTION:candidate_time_out_handler, LINE:132
MESSAGE:timeout event
VARIABLES:  sharedRaftData.raft_state.wakeup_counter=1 
-----------------------------

06/03/2018 09:33:36 PM	[raft_thread.py write_to_logger 62]  312 root [ERROR] 
FILE:./C/Code/candidate_handlers.c, FUNCTION:candidate_time_out_handler, LINE:132
MESSAGE:timeout event
VARIABLES:  sharedRaftData.raft_state.wakeup_counter=1 
-----------------------------

06/03/2018 09:33:36 PM	[raft_thread.py write_to_logger 63]  312 root [CRITI] 
FILE:./C/Code/candidate_handlers.c, FUNCTION:candidate_time_out_handler, LINE:132
MESSAGE:timeout event
VARIABLES:  sharedRaftData.raft_state.wakeup_counter=1 
-----------------------------

06/03/2018 09:33:36 PM	[raft_thread.py write_to_logger 59]  312 root [DEBUG] 
FILE:./C/Code/handlers_utils.c, FUNCTION:update_DB, LINE:13
MESSAGE:update DB
VARIABLES:  DB_flag=status db  key=term 
-----------------------------

06/03/2018 09:33:36 PM	[raft_thread.py write_to_logger 60]  312 root [INFO ] 
FILE:./C/Code/handlers_utils.c, FUNCTION:update_DB, LINE:13
MESSAGE:update DB
VARIABLES:  DB_flag=status db  key=term 
-----------------------------

06/03/2018 09:33:36 PM	[raft_thread.py write_to_logger 61]  312 root [WARNI] 
FILE:./C/Code/handlers_utils.c, FUNCTION:update_DB, LINE:13
MESSAGE:update DB
VARIABLES:  DB_flag=status db  key=term 
-----------------------------

06/03/2018 09:33:36 PM	[raft_thread.py write_to_logger 62]  312 root [ERROR] 
FILE:./C/Code/handlers_utils.c, FUNCTION:update_DB, LINE:13
MESSAGE:update DB
VARIABLES:  DB_flag=status db  key=term 
-----------------------------

06/03/2018 09:33:36 PM	[raft_thread.py write_to_logger 63]  312 root [CRITI] 
FILE:./C/Code/handlers_utils.c, FUNCTION:update_DB, LINE:13
MESSAGE:update DB
VARIABLES:  DB_flag=status db  key=term 
-----------------------------

06/03/2018 09:33:36 PM	[raft_thread.py write_to_logger 59]  312 root [DEBUG] 
FILE:./C/Code/handlers_utils.c, FUNCTION:update_DB, LINE:14
MESSAGE:update DB
VARIABLES:  value=8 
-----------------------------

06/03/2018 09:33:36 PM	[raft_thread.py write_to_logger 60]  313 root [INFO ] 
FILE:./C/Code/handlers_utils.c, FUNCTION:update_DB, LINE:14
MESSAGE:update DB
VARIABLES:  value=8 
-----------------------------

06/03/2018 09:33:36 PM	[raft_thread.py write_to_logger 61]  313 root [WARNI] 
FILE:./C/Code/handlers_utils.c, FUNCTION:update_DB, LINE:14
MESSAGE:update DB
VARIABLES:  value=8 
-----------------------------

06/03/2018 09:33:36 PM	[raft_thread.py write_to_logger 62]  313 root [ERROR] 
FILE:./C/Code/handlers_utils.c, FUNCTION:update_DB, LINE:14
MESSAGE:update DB
VARIABLES:  value=8 
-----------------------------

06/03/2018 09:33:36 PM	[raft_thread.py write_to_logger 63]  313 root [CRITI] 
FILE:./C/Code/handlers_utils.c, FUNCTION:update_DB, LINE:14
MESSAGE:update DB
VARIABLES:  value=8 
-----------------------------

06/03/2018 09:33:36 PM	[raft_thread.py write_to_logger 59]  313 root [DEBUG] 
FILE:./C/Code/static_queue.c, FUNCTION:create_new_queue_node_data, LINE:101
MESSAGE:create new msg
VARIABLES:  event=8 
-----------------------------

06/03/2018 09:33:36 PM	[raft_thread.py write_to_logger 60]  314 root [INFO ] 
FILE:./C/Code/static_queue.c, FUNCTION:create_new_queue_node_data, LINE:101
MESSAGE:create new msg
VARIABLES:  event=8 
-----------------------------

06/03/2018 09:33:36 PM	[raft_thread.py write_to_logger 61]  314 root [WARNI] 
FILE:./C/Code/static_queue.c, FUNCTION:create_new_queue_node_data, LINE:101
MESSAGE:create new msg
VARIABLES:  event=8 
-----------------------------

06/03/2018 09:33:36 PM	[raft_thread.py write_to_logger 62]  314 root [ERROR] 
FILE:./C/Code/static_queue.c, FUNCTION:create_new_queue_node_data, LINE:101
MESSAGE:create new msg
VARIABLES:  event=8 
-----------------------------

06/03/2018 09:33:36 PM	[raft_thread.py write_to_logger 63]  314 root [CRITI] 
FILE:./C/Code/static_queue.c, FUNCTION:create_new_queue_node_data, LINE:101
MESSAGE:create new msg
VARIABLES:  event=8 
-----------------------------

06/03/2018 09:33:36 PM	[raft_thread.py write_to_logger 59]  314 root [DEBUG] 
FILE:./C/Code/candidate_handlers.c, FUNCTION:candidate_time_out_handler, LINE:146
MESSAGE:candidate sending request for vote msg
VARIABLES:  sharedRaftData.raft_state.term=8 
-----------------------------

06/03/2018 09:33:36 PM	[raft_thread.py write_to_logger 60]  314 root [INFO ] 
FILE:./C/Code/candidate_handlers.c, FUNCTION:candidate_time_out_handler, LINE:146
MESSAGE:candidate sending request for vote msg
VARIABLES:  sharedRaftData.raft_state.term=8 
-----------------------------

06/03/2018 09:33:36 PM	[raft_thread.py write_to_logger 61]  314 root [WARNI] 
FILE:./C/Code/candidate_handlers.c, FUNCTION:candidate_time_out_handler, LINE:146
MESSAGE:candidate sending request for vote msg
VARIABLES:  sharedRaftData.raft_state.term=8 
-----------------------------

06/03/2018 09:33:36 PM	[raft_thread.py write_to_logger 62]  314 root [ERROR] 
FILE:./C/Code/candidate_handlers.c, FUNCTION:candidate_time_out_handler, LINE:146
MESSAGE:candidate sending request for vote msg
VARIABLES:  sharedRaftData.raft_state.term=8 
-----------------------------

06/03/2018 09:33:36 PM	[raft_thread.py write_to_logger 63]  314 root [CRITI] 
FILE:./C/Code/candidate_handlers.c, FUNCTION:candidate_time_out_handler, LINE:146
MESSAGE:candidate sending request for vote msg
VARIABLES:  sharedRaftData.raft_state.term=8 
-----------------------------

06/03/2018 09:33:36 PM	[raft_thread.py write_to_logger 59]  314 root [DEBUG] 
FILE:./C/Code/raft_server.c, FUNCTION:send_raft_message, LINE:87
MESSAGE:try to send msg
VARIABLES:  message_size=16 
-----------------------------

06/03/2018 09:33:36 PM	[raft_thread.py write_to_logger 60]  314 root [INFO ] 
FILE:./C/Code/raft_server.c, FUNCTION:send_raft_message, LINE:87
MESSAGE:try to send msg
VARIABLES:  message_size=16 
-----------------------------

06/03/2018 09:33:36 PM	[raft_thread.py write_to_logger 61]  314 root [WARNI] 
FILE:./C/Code/raft_server.c, FUNCTION:send_raft_message, LINE:87
MESSAGE:try to send msg
VARIABLES:  message_size=16 
-----------------------------

06/03/2018 09:33:36 PM	[raft_thread.py write_to_logger 62]  314 root [ERROR] 
FILE:./C/Code/raft_server.c, FUNCTION:send_raft_message, LINE:87
MESSAGE:try to send msg
VARIABLES:  message_size=16 
-----------------------------

06/03/2018 09:33:36 PM	[raft_thread.py write_to_logger 63]  314 root [CRITI] 
FILE:./C/Code/raft_server.c, FUNCTION:send_raft_message, LINE:87
MESSAGE:try to send msg
VARIABLES:  message_size=16 
-----------------------------

06/03/2018 09:33:36 PM	[raft_thread.py write_to_logger 59]  314 root [DEBUG] 
FILE:./C/Code/raft_server.c, FUNCTION:send_raft_message, LINE:103
MESSAGE:msg was successfully sent
VARIABLES:  message_size=16 
-----------------------------

06/03/2018 09:33:36 PM	[raft_thread.py write_to_logger 60]  315 root [INFO ] 
FILE:./C/Code/raft_server.c, FUNCTION:send_raft_message, LINE:103
MESSAGE:msg was successfully sent
VARIABLES:  message_size=16 
-----------------------------

06/03/2018 09:33:36 PM	[raft_thread.py write_to_logger 61]  315 root [WARNI] 
FILE:./C/Code/raft_server.c, FUNCTION:send_raft_message, LINE:103
MESSAGE:msg was successfully sent
VARIABLES:  message_size=16 
-----------------------------

06/03/2018 09:33:36 PM	[raft_thread.py write_to_logger 62]  315 root [ERROR] 
FILE:./C/Code/raft_server.c, FUNCTION:send_raft_message, LINE:103
MESSAGE:msg was successfully sent
VARIABLES:  message_size=16 
-----------------------------

06/03/2018 09:33:36 PM	[raft_thread.py write_to_logger 63]  315 root [CRITI] 
FILE:./C/Code/raft_server.c, FUNCTION:send_raft_message, LINE:103
MESSAGE:msg was successfully sent
VARIABLES:  message_size=16 
-----------------------------

06/03/2018 09:33:36 PM	[raft_thread.py write_to_logger 59]  315 root [DEBUG] 
FILE:./C/Code/raft_server.c, FUNCTION:get_raft_message, LINE:131
MESSAGE:msg was successfully read
VARIABLES:  message_size=16 
-----------------------------

06/03/2018 09:33:36 PM	[raft_thread.py write_to_logger 60]  315 root [INFO ] 
FILE:./C/Code/raft_server.c, FUNCTION:get_raft_message, LINE:131
MESSAGE:msg was successfully read
VARIABLES:  message_size=16 
-----------------------------

06/03/2018 09:33:36 PM	[raft_thread.py write_to_logger 61]  315 root [WARNI] 
FILE:./C/Code/raft_server.c, FUNCTION:get_raft_message, LINE:131
MESSAGE:msg was successfully read
VARIABLES:  message_size=16 
-----------------------------

06/03/2018 09:33:36 PM	[raft_thread.py write_to_logger 62]  315 root [ERROR] 
FILE:./C/Code/raft_server.c, FUNCTION:get_raft_message, LINE:131
MESSAGE:msg was successfully read
VARIABLES:  message_size=16 
-----------------------------

06/03/2018 09:33:36 PM	[raft_thread.py write_to_logger 63]  315 root [CRITI] 
FILE:./C/Code/raft_server.c, FUNCTION:get_raft_message, LINE:131
MESSAGE:msg was successfully read
VARIABLES:  message_size=16 
-----------------------------

06/03/2018 09:33:36 PM	[raft_thread.py write_to_logger 59]  315 root [DEBUG] 
FILE:./raft_main.c, FUNCTION:run_multicast_listener, LINE:13
MESSAGE:got new message and ids as followed:
VARIABLES:  new_node.message_sent_by=1  sharedRaftData.raft_state.server_id=1 
-----------------------------

06/03/2018 09:33:36 PM	[raft_thread.py write_to_logger 60]  315 root [INFO ] 
FILE:./raft_main.c, FUNCTION:run_multicast_listener, LINE:13
MESSAGE:got new message and ids as followed:
VARIABLES:  new_node.message_sent_by=1  sharedRaftData.raft_state.server_id=1 
-----------------------------

06/03/2018 09:33:36 PM	[raft_thread.py write_to_logger 61]  316 root [WARNI] 
FILE:./raft_main.c, FUNCTION:run_multicast_listener, LINE:13
MESSAGE:got new message and ids as followed:
VARIABLES:  new_node.message_sent_by=1  sharedRaftData.raft_state.server_id=1 
-----------------------------

06/03/2018 09:33:36 PM	[raft_thread.py write_to_logger 62]  316 root [ERROR] 
FILE:./raft_main.c, FUNCTION:run_multicast_listener, LINE:13
MESSAGE:got new message and ids as followed:
VARIABLES:  new_node.message_sent_by=1  sharedRaftData.raft_state.server_id=1 
-----------------------------

06/03/2018 09:33:36 PM	[raft_thread.py write_to_logger 63]  316 root [CRITI] 
FILE:./raft_main.c, FUNCTION:run_multicast_listener, LINE:13
MESSAGE:got new message and ids as followed:
VARIABLES:  new_node.message_sent_by=1  sharedRaftData.raft_state.server_id=1 
-----------------------------

06/03/2018 09:33:36 PM	[raft_thread.py write_to_logger 59]  316 root [DEBUG] 
FILE:./C/Code/handlers_utils.c, FUNCTION:is_relevant_message, LINE:108
MESSAGE:This is my msg- ignore!
-----------------------------

06/03/2018 09:33:36 PM	[raft_thread.py write_to_logger 60]  316 root [INFO ] 
FILE:./C/Code/handlers_utils.c, FUNCTION:is_relevant_message, LINE:108
MESSAGE:This is my msg- ignore!
-----------------------------

06/03/2018 09:33:36 PM	[raft_thread.py write_to_logger 61]  316 root [WARNI] 
FILE:./C/Code/handlers_utils.c, FUNCTION:is_relevant_message, LINE:108
MESSAGE:This is my msg- ignore!
-----------------------------

06/03/2018 09:33:36 PM	[raft_thread.py write_to_logger 62]  316 root [ERROR] 
FILE:./C/Code/handlers_utils.c, FUNCTION:is_relevant_message, LINE:108
MESSAGE:This is my msg- ignore!
-----------------------------

06/03/2018 09:33:36 PM	[raft_thread.py write_to_logger 63]  316 root [CRITI] 
FILE:./C/Code/handlers_utils.c, FUNCTION:is_relevant_message, LINE:108
MESSAGE:This is my msg- ignore!
-----------------------------

06/03/2018 09:33:36 PM	[raft_thread.py write_to_logger 59]  316 root [DEBUG] 
FILE:./C/Code/raft_server.c, FUNCTION:get_raft_message, LINE:111
MESSAGE:try to read message
-----------------------------

06/03/2018 09:33:36 PM	[raft_thread.py write_to_logger 60]  316 root [INFO ] 
FILE:./C/Code/raft_server.c, FUNCTION:get_raft_message, LINE:111
MESSAGE:try to read message
-----------------------------

06/03/2018 09:33:36 PM	[raft_thread.py write_to_logger 61]  316 root [WARNI] 
FILE:./C/Code/raft_server.c, FUNCTION:get_raft_message, LINE:111
MESSAGE:try to read message
-----------------------------

06/03/2018 09:33:36 PM	[raft_thread.py write_to_logger 62]  316 root [ERROR] 
FILE:./C/Code/raft_server.c, FUNCTION:get_raft_message, LINE:111
MESSAGE:try to read message
-----------------------------

06/03/2018 09:33:36 PM	[raft_thread.py write_to_logger 63]  316 root [CRITI] 
FILE:./C/Code/raft_server.c, FUNCTION:get_raft_message, LINE:111
MESSAGE:try to read message
-----------------------------

06/03/2018 09:33:37 PM	[raft_thread.py write_to_logger 59]  312 root [DEBUG] 
FILE:./C/Code/handlers_utils.c, FUNCTION:time_out_hendler, LINE:63
MESSAGE:add new timeout event- now in queue
VARIABLES:  sharedRaftData.raft_state.current_state=1 
-----------------------------

06/03/2018 09:33:37 PM	[raft_thread.py write_to_logger 60]  312 root [INFO ] 
FILE:./C/Code/handlers_utils.c, FUNCTION:time_out_hendler, LINE:63
MESSAGE:add new timeout event- now in queue
VARIABLES:  sharedRaftData.raft_state.current_state=1 
-----------------------------

06/03/2018 09:33:37 PM	[raft_thread.py write_to_logger 61]  312 root [WARNI] 
FILE:./C/Code/handlers_utils.c, FUNCTION:time_out_hendler, LINE:63
MESSAGE:add new timeout event- now in queue
VARIABLES:  sharedRaftData.raft_state.current_state=1 
-----------------------------

06/03/2018 09:33:37 PM	[raft_thread.py write_to_logger 62]  312 root [ERROR] 
FILE:./C/Code/handlers_utils.c, FUNCTION:time_out_hendler, LINE:63
MESSAGE:add new timeout event- now in queue
VARIABLES:  sharedRaftData.raft_state.current_state=1 
-----------------------------

06/03/2018 09:33:37 PM	[raft_thread.py write_to_logger 63]  312 root [CRITI] 
FILE:./C/Code/handlers_utils.c, FUNCTION:time_out_hendler, LINE:63
MESSAGE:add new timeout event- now in queue
VARIABLES:  sharedRaftData.raft_state.current_state=1 
-----------------------------

06/03/2018 09:33:37 PM	[raft_thread.py write_to_logger 59]  313 root [DEBUG] 
FILE:./C/Code/state_machine.c, FUNCTION:operate_machine_state, LINE:8
MESSAGE:enter state function
VARIABLES:  node->event=0  sharedRaftData.raft_state.current_state=1 
-----------------------------

06/03/2018 09:33:37 PM	[raft_thread.py write_to_logger 60]  313 root [INFO ] 
FILE:./C/Code/state_machine.c, FUNCTION:operate_machine_state, LINE:8
MESSAGE:enter state function
VARIABLES:  node->event=0  sharedRaftData.raft_state.current_state=1 
-----------------------------

06/03/2018 09:33:37 PM	[raft_thread.py write_to_logger 61]  313 root [WARNI] 
FILE:./C/Code/state_machine.c, FUNCTION:operate_machine_state, LINE:8
MESSAGE:enter state function
VARIABLES:  node->event=0  sharedRaftData.raft_state.current_state=1 
-----------------------------

06/03/2018 09:33:37 PM	[raft_thread.py write_to_logger 62]  313 root [ERROR] 
FILE:./C/Code/state_machine.c, FUNCTION:operate_machine_state, LINE:8
MESSAGE:enter state function
VARIABLES:  node->event=0  sharedRaftData.raft_state.current_state=1 
-----------------------------

06/03/2018 09:33:37 PM	[raft_thread.py write_to_logger 63]  313 root [CRITI] 
FILE:./C/Code/state_machine.c, FUNCTION:operate_machine_state, LINE:8
MESSAGE:enter state function
VARIABLES:  node->event=0  sharedRaftData.raft_state.current_state=1 
-----------------------------

06/03/2018 09:33:37 PM	[raft_thread.py write_to_logger 59]  313 root [DEBUG] 
FILE:./C/Code/candidate_handlers.c, FUNCTION:candidate_time_out_handler, LINE:132
MESSAGE:timeout event
VARIABLES:  sharedRaftData.raft_state.wakeup_counter=0 
-----------------------------

06/03/2018 09:33:37 PM	[raft_thread.py write_to_logger 60]  313 root [INFO ] 
FILE:./C/Code/candidate_handlers.c, FUNCTION:candidate_time_out_handler, LINE:132
MESSAGE:timeout event
VARIABLES:  sharedRaftData.raft_state.wakeup_counter=0 
-----------------------------

06/03/2018 09:33:37 PM	[raft_thread.py write_to_logger 61]  314 root [WARNI] 
FILE:./C/Code/candidate_handlers.c, FUNCTION:candidate_time_out_handler, LINE:132
MESSAGE:timeout event
VARIABLES:  sharedRaftData.raft_state.wakeup_counter=0 
-----------------------------

06/03/2018 09:33:37 PM	[raft_thread.py write_to_logger 62]  314 root [ERROR] 
FILE:./C/Code/candidate_handlers.c, FUNCTION:candidate_time_out_handler, LINE:132
MESSAGE:timeout event
VARIABLES:  sharedRaftData.raft_state.wakeup_counter=0 
-----------------------------

06/03/2018 09:33:37 PM	[raft_thread.py write_to_logger 63]  314 root [CRITI] 
FILE:./C/Code/candidate_handlers.c, FUNCTION:candidate_time_out_handler, LINE:132
MESSAGE:timeout event
VARIABLES:  sharedRaftData.raft_state.wakeup_counter=0 
-----------------------------

06/03/2018 09:33:38 PM	[raft_thread.py write_to_logger 59]  311 root [DEBUG] 
FILE:./C/Code/handlers_utils.c, FUNCTION:time_out_hendler, LINE:63
MESSAGE:add new timeout event- now in queue
VARIABLES:  sharedRaftData.raft_state.current_state=1 
-----------------------------

06/03/2018 09:33:38 PM	[raft_thread.py write_to_logger 60]  311 root [INFO ] 
FILE:./C/Code/handlers_utils.c, FUNCTION:time_out_hendler, LINE:63
MESSAGE:add new timeout event- now in queue
VARIABLES:  sharedRaftData.raft_state.current_state=1 
-----------------------------

06/03/2018 09:33:38 PM	[raft_thread.py write_to_logger 61]  311 root [WARNI] 
FILE:./C/Code/handlers_utils.c, FUNCTION:time_out_hendler, LINE:63
MESSAGE:add new timeout event- now in queue
VARIABLES:  sharedRaftData.raft_state.current_state=1 
-----------------------------

06/03/2018 09:33:38 PM	[raft_thread.py write_to_logger 62]  311 root [ERROR] 
FILE:./C/Code/handlers_utils.c, FUNCTION:time_out_hendler, LINE:63
MESSAGE:add new timeout event- now in queue
VARIABLES:  sharedRaftData.raft_state.current_state=1 
-----------------------------

06/03/2018 09:33:38 PM	[raft_thread.py write_to_logger 63]  311 root [CRITI] 
FILE:./C/Code/handlers_utils.c, FUNCTION:time_out_hendler, LINE:63
MESSAGE:add new timeout event- now in queue
VARIABLES:  sharedRaftData.raft_state.current_state=1 
-----------------------------

06/03/2018 09:33:38 PM	[raft_thread.py write_to_logger 59]  312 root [DEBUG] 
FILE:./C/Code/state_machine.c, FUNCTION:operate_machine_state, LINE:8
MESSAGE:enter state function
VARIABLES:  node->event=0  sharedRaftData.raft_state.current_state=1 
-----------------------------

06/03/2018 09:33:38 PM	[raft_thread.py write_to_logger 60]  312 root [INFO ] 
FILE:./C/Code/state_machine.c, FUNCTION:operate_machine_state, LINE:8
MESSAGE:enter state function
VARIABLES:  node->event=0  sharedRaftData.raft_state.current_state=1 
-----------------------------

06/03/2018 09:33:38 PM	[raft_thread.py write_to_logger 61]  312 root [WARNI] 
FILE:./C/Code/state_machine.c, FUNCTION:operate_machine_state, LINE:8
MESSAGE:enter state function
VARIABLES:  node->event=0  sharedRaftData.raft_state.current_state=1 
-----------------------------

06/03/2018 09:33:38 PM	[raft_thread.py write_to_logger 62]  312 root [ERROR] 
FILE:./C/Code/state_machine.c, FUNCTION:operate_machine_state, LINE:8
MESSAGE:enter state function
VARIABLES:  node->event=0  sharedRaftData.raft_state.current_state=1 
-----------------------------

06/03/2018 09:33:38 PM	[raft_thread.py write_to_logger 63]  312 root [CRITI] 
FILE:./C/Code/state_machine.c, FUNCTION:operate_machine_state, LINE:8
MESSAGE:enter state function
VARIABLES:  node->event=0  sharedRaftData.raft_state.current_state=1 
-----------------------------

06/03/2018 09:33:38 PM	[raft_thread.py write_to_logger 59]  312 root [DEBUG] 
FILE:./C/Code/candidate_handlers.c, FUNCTION:candidate_time_out_handler, LINE:132
MESSAGE:timeout event
VARIABLES:  sharedRaftData.raft_state.wakeup_counter=1 
-----------------------------

06/03/2018 09:33:38 PM	[raft_thread.py write_to_logger 60]  312 root [INFO ] 
FILE:./C/Code/candidate_handlers.c, FUNCTION:candidate_time_out_handler, LINE:132
MESSAGE:timeout event
VARIABLES:  sharedRaftData.raft_state.wakeup_counter=1 
-----------------------------

06/03/2018 09:33:38 PM	[raft_thread.py write_to_logger 61]  312 root [WARNI] 
FILE:./C/Code/candidate_handlers.c, FUNCTION:candidate_time_out_handler, LINE:132
MESSAGE:timeout event
VARIABLES:  sharedRaftData.raft_state.wakeup_counter=1 
-----------------------------

06/03/2018 09:33:38 PM	[raft_thread.py write_to_logger 62]  313 root [ERROR] 
FILE:./C/Code/candidate_handlers.c, FUNCTION:candidate_time_out_handler, LINE:132
MESSAGE:timeout event
VARIABLES:  sharedRaftData.raft_state.wakeup_counter=1 
-----------------------------

06/03/2018 09:33:38 PM	[raft_thread.py write_to_logger 63]  313 root [CRITI] 
FILE:./C/Code/candidate_handlers.c, FUNCTION:candidate_time_out_handler, LINE:132
MESSAGE:timeout event
VARIABLES:  sharedRaftData.raft_state.wakeup_counter=1 
-----------------------------

06/03/2018 09:33:38 PM	[raft_thread.py write_to_logger 59]  313 root [DEBUG] 
FILE:./C/Code/handlers_utils.c, FUNCTION:update_DB, LINE:13
MESSAGE:update DB
VARIABLES:  DB_flag=status db  key=term 
-----------------------------

06/03/2018 09:33:38 PM	[raft_thread.py write_to_logger 60]  313 root [INFO ] 
FILE:./C/Code/handlers_utils.c, FUNCTION:update_DB, LINE:13
MESSAGE:update DB
VARIABLES:  DB_flag=status db  key=term 
-----------------------------

06/03/2018 09:33:38 PM	[raft_thread.py write_to_logger 61]  313 root [WARNI] 
FILE:./C/Code/handlers_utils.c, FUNCTION:update_DB, LINE:13
MESSAGE:update DB
VARIABLES:  DB_flag=status db  key=term 
-----------------------------

06/03/2018 09:33:38 PM	[raft_thread.py write_to_logger 62]  313 root [ERROR] 
FILE:./C/Code/handlers_utils.c, FUNCTION:update_DB, LINE:13
MESSAGE:update DB
VARIABLES:  DB_flag=status db  key=term 
-----------------------------

06/03/2018 09:33:38 PM	[raft_thread.py write_to_logger 63]  313 root [CRITI] 
FILE:./C/Code/handlers_utils.c, FUNCTION:update_DB, LINE:13
MESSAGE:update DB
VARIABLES:  DB_flag=status db  key=term 
-----------------------------

06/03/2018 09:33:38 PM	[raft_thread.py write_to_logger 59]  313 root [DEBUG] 
FILE:./C/Code/handlers_utils.c, FUNCTION:update_DB, LINE:14
MESSAGE:update DB
VARIABLES:  value=9 
-----------------------------

06/03/2018 09:33:38 PM	[raft_thread.py write_to_logger 60]  313 root [INFO ] 
FILE:./C/Code/handlers_utils.c, FUNCTION:update_DB, LINE:14
MESSAGE:update DB
VARIABLES:  value=9 
-----------------------------

06/03/2018 09:33:38 PM	[raft_thread.py write_to_logger 61]  314 root [WARNI] 
FILE:./C/Code/handlers_utils.c, FUNCTION:update_DB, LINE:14
MESSAGE:update DB
VARIABLES:  value=9 
-----------------------------

06/03/2018 09:33:38 PM	[raft_thread.py write_to_logger 62]  314 root [ERROR] 
FILE:./C/Code/handlers_utils.c, FUNCTION:update_DB, LINE:14
MESSAGE:update DB
VARIABLES:  value=9 
-----------------------------

06/03/2018 09:33:38 PM	[raft_thread.py write_to_logger 63]  314 root [CRITI] 
FILE:./C/Code/handlers_utils.c, FUNCTION:update_DB, LINE:14
MESSAGE:update DB
VARIABLES:  value=9 
-----------------------------

06/03/2018 09:33:38 PM	[raft_thread.py write_to_logger 59]  315 root [DEBUG] 
FILE:./C/Code/static_queue.c, FUNCTION:create_new_queue_node_data, LINE:101
MESSAGE:create new msg
VARIABLES:  event=8 
-----------------------------

06/03/2018 09:33:38 PM	[raft_thread.py write_to_logger 60]  315 root [INFO ] 
FILE:./C/Code/static_queue.c, FUNCTION:create_new_queue_node_data, LINE:101
MESSAGE:create new msg
VARIABLES:  event=8 
-----------------------------

06/03/2018 09:33:38 PM	[raft_thread.py write_to_logger 61]  315 root [WARNI] 
FILE:./C/Code/static_queue.c, FUNCTION:create_new_queue_node_data, LINE:101
MESSAGE:create new msg
VARIABLES:  event=8 
-----------------------------

06/03/2018 09:33:38 PM	[raft_thread.py write_to_logger 62]  315 root [ERROR] 
FILE:./C/Code/static_queue.c, FUNCTION:create_new_queue_node_data, LINE:101
MESSAGE:create new msg
VARIABLES:  event=8 
-----------------------------

06/03/2018 09:33:38 PM	[raft_thread.py write_to_logger 63]  315 root [CRITI] 
FILE:./C/Code/static_queue.c, FUNCTION:create_new_queue_node_data, LINE:101
MESSAGE:create new msg
VARIABLES:  event=8 
-----------------------------

06/03/2018 09:33:38 PM	[raft_thread.py write_to_logger 59]  316 root [DEBUG] 
FILE:./C/Code/candidate_handlers.c, FUNCTION:candidate_time_out_handler, LINE:146
MESSAGE:candidate sending request for vote msg
VARIABLES:  sharedRaftData.raft_state.term=9 
-----------------------------

06/03/2018 09:33:38 PM	[raft_thread.py write_to_logger 60]  316 root [INFO ] 
FILE:./C/Code/candidate_handlers.c, FUNCTION:candidate_time_out_handler, LINE:146
MESSAGE:candidate sending request for vote msg
VARIABLES:  sharedRaftData.raft_state.term=9 
-----------------------------

06/03/2018 09:33:38 PM	[raft_thread.py write_to_logger 61]  316 root [WARNI] 
FILE:./C/Code/candidate_handlers.c, FUNCTION:candidate_time_out_handler, LINE:146
MESSAGE:candidate sending request for vote msg
VARIABLES:  sharedRaftData.raft_state.term=9 
-----------------------------

06/03/2018 09:33:38 PM	[raft_thread.py write_to_logger 62]  316 root [ERROR] 
FILE:./C/Code/candidate_handlers.c, FUNCTION:candidate_time_out_handler, LINE:146
MESSAGE:candidate sending request for vote msg
VARIABLES:  sharedRaftData.raft_state.term=9 
-----------------------------

06/03/2018 09:33:38 PM	[raft_thread.py write_to_logger 63]  316 root [CRITI] 
FILE:./C/Code/candidate_handlers.c, FUNCTION:candidate_time_out_handler, LINE:146
MESSAGE:candidate sending request for vote msg
VARIABLES:  sharedRaftData.raft_state.term=9 
-----------------------------

06/03/2018 09:33:38 PM	[raft_thread.py write_to_logger 59]  316 root [DEBUG] 
FILE:./C/Code/raft_server.c, FUNCTION:send_raft_message, LINE:87
MESSAGE:try to send msg
VARIABLES:  message_size=16 
-----------------------------

06/03/2018 09:33:38 PM	[raft_thread.py write_to_logger 60]  316 root [INFO ] 
FILE:./C/Code/raft_server.c, FUNCTION:send_raft_message, LINE:87
MESSAGE:try to send msg
VARIABLES:  message_size=16 
-----------------------------

06/03/2018 09:33:38 PM	[raft_thread.py write_to_logger 61]  316 root [WARNI] 
FILE:./C/Code/raft_server.c, FUNCTION:send_raft_message, LINE:87
MESSAGE:try to send msg
VARIABLES:  message_size=16 
-----------------------------

06/03/2018 09:33:38 PM	[raft_thread.py write_to_logger 62]  316 root [ERROR] 
FILE:./C/Code/raft_server.c, FUNCTION:send_raft_message, LINE:87
MESSAGE:try to send msg
VARIABLES:  message_size=16 
-----------------------------

06/03/2018 09:33:38 PM	[raft_thread.py write_to_logger 63]  316 root [CRITI] 
FILE:./C/Code/raft_server.c, FUNCTION:send_raft_message, LINE:87
MESSAGE:try to send msg
VARIABLES:  message_size=16 
-----------------------------

06/03/2018 09:33:38 PM	[raft_thread.py write_to_logger 59]  317 root [DEBUG] 
FILE:./C/Code/raft_server.c, FUNCTION:get_raft_message, LINE:131
MESSAGE:msg was successfully read
VARIABLES:  message_size=16 
-----------------------------

06/03/2018 09:33:38 PM	[raft_thread.py write_to_logger 60]  317 root [INFO ] 
FILE:./C/Code/raft_server.c, FUNCTION:get_raft_message, LINE:131
MESSAGE:msg was successfully read
VARIABLES:  message_size=16 
-----------------------------

06/03/2018 09:33:38 PM	[raft_thread.py write_to_logger 61]  317 root [WARNI] 
FILE:./C/Code/raft_server.c, FUNCTION:get_raft_message, LINE:131
MESSAGE:msg was successfully read
VARIABLES:  message_size=16 
-----------------------------

06/03/2018 09:33:38 PM	[raft_thread.py write_to_logger 62]  317 root [ERROR] 
FILE:./C/Code/raft_server.c, FUNCTION:get_raft_message, LINE:131
MESSAGE:msg was successfully read
VARIABLES:  message_size=16 
-----------------------------

06/03/2018 09:33:38 PM	[raft_thread.py write_to_logger 63]  317 root [CRITI] 
FILE:./C/Code/raft_server.c, FUNCTION:get_raft_message, LINE:131
MESSAGE:msg was successfully read
VARIABLES:  message_size=16 
-----------------------------

06/03/2018 09:33:38 PM	[raft_thread.py write_to_logger 59]  317 root [DEBUG] 
FILE:./raft_main.c, FUNCTION:run_multicast_listener, LINE:13
MESSAGE:got new message and ids as followed:
VARIABLES:  new_node.message_sent_by=1  sharedRaftData.raft_state.server_id=1 
-----------------------------

06/03/2018 09:33:38 PM	[raft_thread.py write_to_logger 60]  317 root [INFO ] 
FILE:./raft_main.c, FUNCTION:run_multicast_listener, LINE:13
MESSAGE:got new message and ids as followed:
VARIABLES:  new_node.message_sent_by=1  sharedRaftData.raft_state.server_id=1 
-----------------------------

06/03/2018 09:33:38 PM	[raft_thread.py write_to_logger 61]  317 root [WARNI] 
FILE:./raft_main.c, FUNCTION:run_multicast_listener, LINE:13
MESSAGE:got new message and ids as followed:
VARIABLES:  new_node.message_sent_by=1  sharedRaftData.raft_state.server_id=1 
-----------------------------

06/03/2018 09:33:38 PM	[raft_thread.py write_to_logger 62]  317 root [ERROR] 
FILE:./raft_main.c, FUNCTION:run_multicast_listener, LINE:13
MESSAGE:got new message and ids as followed:
VARIABLES:  new_node.message_sent_by=1  sharedRaftData.raft_state.server_id=1 
-----------------------------

06/03/2018 09:33:38 PM	[raft_thread.py write_to_logger 63]  317 root [CRITI] 
FILE:./raft_main.c, FUNCTION:run_multicast_listener, LINE:13
MESSAGE:got new message and ids as followed:
VARIABLES:  new_node.message_sent_by=1  sharedRaftData.raft_state.server_id=1 
-----------------------------

06/03/2018 09:33:38 PM	[raft_thread.py write_to_logger 59]  317 root [DEBUG] 
FILE:./C/Code/handlers_utils.c, FUNCTION:is_relevant_message, LINE:108
MESSAGE:This is my msg- ignore!
-----------------------------

06/03/2018 09:33:38 PM	[raft_thread.py write_to_logger 60]  318 root [INFO ] 
FILE:./C/Code/handlers_utils.c, FUNCTION:is_relevant_message, LINE:108
MESSAGE:This is my msg- ignore!
-----------------------------

06/03/2018 09:33:38 PM	[raft_thread.py write_to_logger 61]  318 root [WARNI] 
FILE:./C/Code/handlers_utils.c, FUNCTION:is_relevant_message, LINE:108
MESSAGE:This is my msg- ignore!
-----------------------------

06/03/2018 09:33:38 PM	[raft_thread.py write_to_logger 62]  318 root [ERROR] 
FILE:./C/Code/handlers_utils.c, FUNCTION:is_relevant_message, LINE:108
MESSAGE:This is my msg- ignore!
-----------------------------

06/03/2018 09:33:38 PM	[raft_thread.py write_to_logger 63]  318 root [CRITI] 
FILE:./C/Code/handlers_utils.c, FUNCTION:is_relevant_message, LINE:108
MESSAGE:This is my msg- ignore!
-----------------------------

06/03/2018 09:33:38 PM	[raft_thread.py write_to_logger 59]  318 root [DEBUG] 
FILE:./C/Code/raft_server.c, FUNCTION:get_raft_message, LINE:111
MESSAGE:try to read message
-----------------------------

06/03/2018 09:33:38 PM	[raft_thread.py write_to_logger 60]  318 root [INFO ] 
FILE:./C/Code/raft_server.c, FUNCTION:get_raft_message, LINE:111
MESSAGE:try to read message
-----------------------------

06/03/2018 09:33:38 PM	[raft_thread.py write_to_logger 61]  318 root [WARNI] 
FILE:./C/Code/raft_server.c, FUNCTION:get_raft_message, LINE:111
MESSAGE:try to read message
-----------------------------

06/03/2018 09:33:38 PM	[raft_thread.py write_to_logger 62]  318 root [ERROR] 
FILE:./C/Code/raft_server.c, FUNCTION:get_raft_message, LINE:111
MESSAGE:try to read message
-----------------------------

06/03/2018 09:33:38 PM	[raft_thread.py write_to_logger 63]  318 root [CRITI] 
FILE:./C/Code/raft_server.c, FUNCTION:get_raft_message, LINE:111
MESSAGE:try to read message
-----------------------------

06/03/2018 09:33:38 PM	[raft_thread.py write_to_logger 59]  318 root [DEBUG] 
FILE:./C/Code/raft_server.c, FUNCTION:send_raft_message, LINE:103
MESSAGE:msg was successfully sent
VARIABLES:  message_size=16 
-----------------------------

06/03/2018 09:33:38 PM	[raft_thread.py write_to_logger 60]  319 root [INFO ] 
FILE:./C/Code/raft_server.c, FUNCTION:send_raft_message, LINE:103
MESSAGE:msg was successfully sent
VARIABLES:  message_size=16 
-----------------------------

06/03/2018 09:33:38 PM	[raft_thread.py write_to_logger 61]  319 root [WARNI] 
FILE:./C/Code/raft_server.c, FUNCTION:send_raft_message, LINE:103
MESSAGE:msg was successfully sent
VARIABLES:  message_size=16 
-----------------------------

06/03/2018 09:33:38 PM	[raft_thread.py write_to_logger 62]  319 root [ERROR] 
FILE:./C/Code/raft_server.c, FUNCTION:send_raft_message, LINE:103
MESSAGE:msg was successfully sent
VARIABLES:  message_size=16 
-----------------------------

06/03/2018 09:33:38 PM	[raft_thread.py write_to_logger 63]  319 root [CRITI] 
FILE:./C/Code/raft_server.c, FUNCTION:send_raft_message, LINE:103
MESSAGE:msg was successfully sent
VARIABLES:  message_size=16 
-----------------------------

06/03/2018 09:33:39 PM	[raft_thread.py write_to_logger 59]  311 root [DEBUG] 
FILE:./C/Code/handlers_utils.c, FUNCTION:time_out_hendler, LINE:63
MESSAGE:add new timeout event- now in queue
VARIABLES:  sharedRaftData.raft_state.current_state=1 
-----------------------------

06/03/2018 09:33:39 PM	[raft_thread.py write_to_logger 60]  311 root [INFO ] 
FILE:./C/Code/handlers_utils.c, FUNCTION:time_out_hendler, LINE:63
MESSAGE:add new timeout event- now in queue
VARIABLES:  sharedRaftData.raft_state.current_state=1 
-----------------------------

06/03/2018 09:33:39 PM	[raft_thread.py write_to_logger 61]  311 root [WARNI] 
FILE:./C/Code/handlers_utils.c, FUNCTION:time_out_hendler, LINE:63
MESSAGE:add new timeout event- now in queue
VARIABLES:  sharedRaftData.raft_state.current_state=1 
-----------------------------

06/03/2018 09:33:39 PM	[raft_thread.py write_to_logger 62]  311 root [ERROR] 
FILE:./C/Code/handlers_utils.c, FUNCTION:time_out_hendler, LINE:63
MESSAGE:add new timeout event- now in queue
VARIABLES:  sharedRaftData.raft_state.current_state=1 
-----------------------------

06/03/2018 09:33:39 PM	[raft_thread.py write_to_logger 63]  312 root [CRITI] 
FILE:./C/Code/handlers_utils.c, FUNCTION:time_out_hendler, LINE:63
MESSAGE:add new timeout event- now in queue
VARIABLES:  sharedRaftData.raft_state.current_state=1 
-----------------------------

06/03/2018 09:33:39 PM	[raft_thread.py write_to_logger 59]  312 root [DEBUG] 
FILE:./C/Code/state_machine.c, FUNCTION:operate_machine_state, LINE:8
MESSAGE:enter state function
VARIABLES:  node->event=0  sharedRaftData.raft_state.current_state=1 
-----------------------------

06/03/2018 09:33:39 PM	[raft_thread.py write_to_logger 60]  312 root [INFO ] 
FILE:./C/Code/state_machine.c, FUNCTION:operate_machine_state, LINE:8
MESSAGE:enter state function
VARIABLES:  node->event=0  sharedRaftData.raft_state.current_state=1 
-----------------------------

06/03/2018 09:33:39 PM	[raft_thread.py write_to_logger 61]  312 root [WARNI] 
FILE:./C/Code/state_machine.c, FUNCTION:operate_machine_state, LINE:8
MESSAGE:enter state function
VARIABLES:  node->event=0  sharedRaftData.raft_state.current_state=1 
-----------------------------

06/03/2018 09:33:39 PM	[raft_thread.py write_to_logger 62]  312 root [ERROR] 
FILE:./C/Code/state_machine.c, FUNCTION:operate_machine_state, LINE:8
MESSAGE:enter state function
VARIABLES:  node->event=0  sharedRaftData.raft_state.current_state=1 
-----------------------------

06/03/2018 09:33:39 PM	[raft_thread.py write_to_logger 63]  312 root [CRITI] 
FILE:./C/Code/state_machine.c, FUNCTION:operate_machine_state, LINE:8
MESSAGE:enter state function
VARIABLES:  node->event=0  sharedRaftData.raft_state.current_state=1 
-----------------------------

06/03/2018 09:33:39 PM	[raft_thread.py write_to_logger 59]  312 root [DEBUG] 
FILE:./C/Code/candidate_handlers.c, FUNCTION:candidate_time_out_handler, LINE:132
MESSAGE:timeout event
VARIABLES:  sharedRaftData.raft_state.wakeup_counter=0 
-----------------------------

06/03/2018 09:33:39 PM	[raft_thread.py write_to_logger 60]  312 root [INFO ] 
FILE:./C/Code/candidate_handlers.c, FUNCTION:candidate_time_out_handler, LINE:132
MESSAGE:timeout event
VARIABLES:  sharedRaftData.raft_state.wakeup_counter=0 
-----------------------------

06/03/2018 09:33:39 PM	[raft_thread.py write_to_logger 61]  312 root [WARNI] 
FILE:./C/Code/candidate_handlers.c, FUNCTION:candidate_time_out_handler, LINE:132
MESSAGE:timeout event
VARIABLES:  sharedRaftData.raft_state.wakeup_counter=0 
-----------------------------

06/03/2018 09:33:39 PM	[raft_thread.py write_to_logger 62]  313 root [ERROR] 
FILE:./C/Code/candidate_handlers.c, FUNCTION:candidate_time_out_handler, LINE:132
MESSAGE:timeout event
VARIABLES:  sharedRaftData.raft_state.wakeup_counter=0 
-----------------------------

06/03/2018 09:33:39 PM	[raft_thread.py write_to_logger 63]  313 root [CRITI] 
FILE:./C/Code/candidate_handlers.c, FUNCTION:candidate_time_out_handler, LINE:132
MESSAGE:timeout event
VARIABLES:  sharedRaftData.raft_state.wakeup_counter=0 
-----------------------------

06/03/2018 09:33:40 PM	[raft_thread.py write_to_logger 59]  312 root [DEBUG] 
FILE:./C/Code/handlers_utils.c, FUNCTION:time_out_hendler, LINE:63
MESSAGE:add new timeout event- now in queue
VARIABLES:  sharedRaftData.raft_state.current_state=1 
-----------------------------

06/03/2018 09:33:40 PM	[raft_thread.py write_to_logger 60]  312 root [INFO ] 
FILE:./C/Code/handlers_utils.c, FUNCTION:time_out_hendler, LINE:63
MESSAGE:add new timeout event- now in queue
VARIABLES:  sharedRaftData.raft_state.current_state=1 
-----------------------------

06/03/2018 09:33:40 PM	[raft_thread.py write_to_logger 59]  312 root [DEBUG] 
FILE:./C/Code/state_machine.c, FUNCTION:operate_machine_state, LINE:8
MESSAGE:enter state function
VARIABLES:  node->event=0  sharedRaftData.raft_state.current_state=1 
-----------------------------

06/03/2018 09:33:40 PM	[raft_thread.py write_to_logger 61]  312 root [WARNI] 
FILE:./C/Code/handlers_utils.c, FUNCTION:time_out_hendler, LINE:63
MESSAGE:add new timeout event- now in queue
VARIABLES:  sharedRaftData.raft_state.current_state=1 
-----------------------------

06/03/2018 09:33:40 PM	[raft_thread.py write_to_logger 62]  313 root [ERROR] 
FILE:./C/Code/handlers_utils.c, FUNCTION:time_out_hendler, LINE:63
MESSAGE:add new timeout event- now in queue
VARIABLES:  sharedRaftData.raft_state.current_state=1 
-----------------------------

06/03/2018 09:33:40 PM	[raft_thread.py write_to_logger 60]  313 root [INFO ] 
FILE:./C/Code/state_machine.c, FUNCTION:operate_machine_state, LINE:8
MESSAGE:enter state function
VARIABLES:  node->event=0  sharedRaftData.raft_state.current_state=1 
-----------------------------

06/03/2018 09:33:40 PM	[raft_thread.py write_to_logger 61]  313 root [WARNI] 
FILE:./C/Code/state_machine.c, FUNCTION:operate_machine_state, LINE:8
MESSAGE:enter state function
VARIABLES:  node->event=0  sharedRaftData.raft_state.current_state=1 
-----------------------------

06/03/2018 09:33:40 PM	[raft_thread.py write_to_logger 63]  313 root [CRITI] 
FILE:./C/Code/handlers_utils.c, FUNCTION:time_out_hendler, LINE:63
MESSAGE:add new timeout event- now in queue
VARIABLES:  sharedRaftData.raft_state.current_state=1 
-----------------------------

06/03/2018 09:33:40 PM	[raft_thread.py write_to_logger 62]  313 root [ERROR] 
FILE:./C/Code/state_machine.c, FUNCTION:operate_machine_state, LINE:8
MESSAGE:enter state function
VARIABLES:  node->event=0  sharedRaftData.raft_state.current_state=1 
-----------------------------

06/03/2018 09:33:40 PM	[raft_thread.py write_to_logger 63]  339 root [CRITI] 
FILE:./C/Code/state_machine.c, FUNCTION:operate_machine_state, LINE:8
MESSAGE:enter state function
VARIABLES:  node->event=0  sharedRaftData.raft_state.current_state=1 
-----------------------------

06/03/2018 09:33:40 PM	[raft_thread.py write_to_logger 59]  339 root [DEBUG] 
FILE:./C/Code/candidate_handlers.c, FUNCTION:candidate_time_out_handler, LINE:132
MESSAGE:timeout event
VARIABLES:  sharedRaftData.raft_state.wakeup_counter=1 
-----------------------------

06/03/2018 09:33:40 PM	[raft_thread.py write_to_logger 60]  339 root [INFO ] 
FILE:./C/Code/candidate_handlers.c, FUNCTION:candidate_time_out_handler, LINE:132
MESSAGE:timeout event
VARIABLES:  sharedRaftData.raft_state.wakeup_counter=1 
-----------------------------

06/03/2018 09:33:40 PM	[raft_thread.py write_to_logger 61]  339 root [WARNI] 
FILE:./C/Code/candidate_handlers.c, FUNCTION:candidate_time_out_handler, LINE:132
MESSAGE:timeout event
VARIABLES:  sharedRaftData.raft_state.wakeup_counter=1 
-----------------------------

06/03/2018 09:33:40 PM	[raft_thread.py write_to_logger 62]  339 root [ERROR] 
FILE:./C/Code/candidate_handlers.c, FUNCTION:candidate_time_out_handler, LINE:132
MESSAGE:timeout event
VARIABLES:  sharedRaftData.raft_state.wakeup_counter=1 
-----------------------------

06/03/2018 09:33:40 PM	[raft_thread.py write_to_logger 63]  339 root [CRITI] 
FILE:./C/Code/candidate_handlers.c, FUNCTION:candidate_time_out_handler, LINE:132
MESSAGE:timeout event
VARIABLES:  sharedRaftData.raft_state.wakeup_counter=1 
-----------------------------

06/03/2018 09:33:40 PM	[raft_thread.py write_to_logger 59]  340 root [DEBUG] 
FILE:./C/Code/handlers_utils.c, FUNCTION:update_DB, LINE:13
MESSAGE:update DB
VARIABLES:  DB_flag=status db  key=term 
-----------------------------

06/03/2018 09:33:40 PM	[raft_thread.py write_to_logger 60]  340 root [INFO ] 
FILE:./C/Code/handlers_utils.c, FUNCTION:update_DB, LINE:13
MESSAGE:update DB
VARIABLES:  DB_flag=status db  key=term 
-----------------------------

06/03/2018 09:33:40 PM	[raft_thread.py write_to_logger 61]  340 root [WARNI] 
FILE:./C/Code/handlers_utils.c, FUNCTION:update_DB, LINE:13
MESSAGE:update DB
VARIABLES:  DB_flag=status db  key=term 
-----------------------------

06/03/2018 09:33:40 PM	[raft_thread.py write_to_logger 62]  340 root [ERROR] 
FILE:./C/Code/handlers_utils.c, FUNCTION:update_DB, LINE:13
MESSAGE:update DB
VARIABLES:  DB_flag=status db  key=term 
-----------------------------

06/03/2018 09:33:40 PM	[raft_thread.py write_to_logger 63]  340 root [CRITI] 
FILE:./C/Code/handlers_utils.c, FUNCTION:update_DB, LINE:13
MESSAGE:update DB
VARIABLES:  DB_flag=status db  key=term 
-----------------------------

06/03/2018 09:33:40 PM	[raft_thread.py write_to_logger 59]  340 root [DEBUG] 
FILE:./C/Code/handlers_utils.c, FUNCTION:update_DB, LINE:14
MESSAGE:update DB
VARIABLES:  value=10 
-----------------------------

06/03/2018 09:33:40 PM	[raft_thread.py write_to_logger 60]  340 root [INFO ] 
FILE:./C/Code/handlers_utils.c, FUNCTION:update_DB, LINE:14
MESSAGE:update DB
VARIABLES:  value=10 
-----------------------------

06/03/2018 09:33:40 PM	[raft_thread.py write_to_logger 61]  341 root [WARNI] 
FILE:./C/Code/handlers_utils.c, FUNCTION:update_DB, LINE:14
MESSAGE:update DB
VARIABLES:  value=10 
-----------------------------

06/03/2018 09:33:40 PM	[raft_thread.py write_to_logger 62]  341 root [ERROR] 
FILE:./C/Code/handlers_utils.c, FUNCTION:update_DB, LINE:14
MESSAGE:update DB
VARIABLES:  value=10 
-----------------------------

06/03/2018 09:33:40 PM	[raft_thread.py write_to_logger 63]  341 root [CRITI] 
FILE:./C/Code/handlers_utils.c, FUNCTION:update_DB, LINE:14
MESSAGE:update DB
VARIABLES:  value=10 
-----------------------------

06/03/2018 09:33:40 PM	[raft_thread.py write_to_logger 59]  345 root [DEBUG] 
FILE:./C/Code/static_queue.c, FUNCTION:create_new_queue_node_data, LINE:101
MESSAGE:create new msg
VARIABLES:  event=8 
-----------------------------

06/03/2018 09:33:40 PM	[raft_thread.py write_to_logger 60]  346 root [INFO ] 
FILE:./C/Code/static_queue.c, FUNCTION:create_new_queue_node_data, LINE:101
MESSAGE:create new msg
VARIABLES:  event=8 
-----------------------------

06/03/2018 09:33:40 PM	[raft_thread.py write_to_logger 61]  346 root [WARNI] 
FILE:./C/Code/static_queue.c, FUNCTION:create_new_queue_node_data, LINE:101
MESSAGE:create new msg
VARIABLES:  event=8 
-----------------------------

06/03/2018 09:33:40 PM	[raft_thread.py write_to_logger 62]  346 root [ERROR] 
FILE:./C/Code/static_queue.c, FUNCTION:create_new_queue_node_data, LINE:101
MESSAGE:create new msg
VARIABLES:  event=8 
-----------------------------

06/03/2018 09:33:40 PM	[raft_thread.py write_to_logger 63]  346 root [CRITI] 
FILE:./C/Code/static_queue.c, FUNCTION:create_new_queue_node_data, LINE:101
MESSAGE:create new msg
VARIABLES:  event=8 
-----------------------------

06/03/2018 09:33:40 PM	[raft_thread.py write_to_logger 59]  346 root [DEBUG] 
FILE:./C/Code/candidate_handlers.c, FUNCTION:candidate_time_out_handler, LINE:146
MESSAGE:candidate sending request for vote msg
VARIABLES:  sharedRaftData.raft_state.term=10 
-----------------------------

06/03/2018 09:33:40 PM	[raft_thread.py write_to_logger 60]  346 root [INFO ] 
FILE:./C/Code/candidate_handlers.c, FUNCTION:candidate_time_out_handler, LINE:146
MESSAGE:candidate sending request for vote msg
VARIABLES:  sharedRaftData.raft_state.term=10 
-----------------------------

06/03/2018 09:33:40 PM	[raft_thread.py write_to_logger 61]  346 root [WARNI] 
FILE:./C/Code/candidate_handlers.c, FUNCTION:candidate_time_out_handler, LINE:146
MESSAGE:candidate sending request for vote msg
VARIABLES:  sharedRaftData.raft_state.term=10 
-----------------------------

06/03/2018 09:33:40 PM	[raft_thread.py write_to_logger 62]  346 root [ERROR] 
FILE:./C/Code/candidate_handlers.c, FUNCTION:candidate_time_out_handler, LINE:146
MESSAGE:candidate sending request for vote msg
VARIABLES:  sharedRaftData.raft_state.term=10 
-----------------------------

06/03/2018 09:33:40 PM	[raft_thread.py write_to_logger 63]  346 root [CRITI] 
FILE:./C/Code/candidate_handlers.c, FUNCTION:candidate_time_out_handler, LINE:146
MESSAGE:candidate sending request for vote msg
VARIABLES:  sharedRaftData.raft_state.term=10 
-----------------------------

06/03/2018 09:33:40 PM	[raft_thread.py write_to_logger 59]  347 root [DEBUG] 
FILE:./C/Code/raft_server.c, FUNCTION:send_raft_message, LINE:87
MESSAGE:try to send msg
VARIABLES:  message_size=16 
-----------------------------

06/03/2018 09:33:40 PM	[raft_thread.py write_to_logger 60]  347 root [INFO ] 
FILE:./C/Code/raft_server.c, FUNCTION:send_raft_message, LINE:87
MESSAGE:try to send msg
VARIABLES:  message_size=16 
-----------------------------

06/03/2018 09:33:40 PM	[raft_thread.py write_to_logger 61]  347 root [WARNI] 
FILE:./C/Code/raft_server.c, FUNCTION:send_raft_message, LINE:87
MESSAGE:try to send msg
VARIABLES:  message_size=16 
-----------------------------

06/03/2018 09:33:40 PM	[raft_thread.py write_to_logger 62]  347 root [ERROR] 
FILE:./C/Code/raft_server.c, FUNCTION:send_raft_message, LINE:87
MESSAGE:try to send msg
VARIABLES:  message_size=16 
-----------------------------

06/03/2018 09:33:40 PM	[raft_thread.py write_to_logger 63]  347 root [CRITI] 
FILE:./C/Code/raft_server.c, FUNCTION:send_raft_message, LINE:87
MESSAGE:try to send msg
VARIABLES:  message_size=16 
-----------------------------

06/03/2018 09:33:40 PM	[raft_thread.py write_to_logger 59]  347 root [DEBUG] 
FILE:./C/Code/raft_server.c, FUNCTION:get_raft_message, LINE:131
MESSAGE:msg was successfully read
VARIABLES:  message_size=16 
-----------------------------

06/03/2018 09:33:40 PM	[raft_thread.py write_to_logger 60]  347 root [INFO ] 
FILE:./C/Code/raft_server.c, FUNCTION:get_raft_message, LINE:131
MESSAGE:msg was successfully read
VARIABLES:  message_size=16 
-----------------------------

06/03/2018 09:33:40 PM	[raft_thread.py write_to_logger 61]  347 root [WARNI] 
FILE:./C/Code/raft_server.c, FUNCTION:get_raft_message, LINE:131
MESSAGE:msg was successfully read
VARIABLES:  message_size=16 
-----------------------------

06/03/2018 09:33:40 PM	[raft_thread.py write_to_logger 62]  348 root [ERROR] 
FILE:./C/Code/raft_server.c, FUNCTION:get_raft_message, LINE:131
MESSAGE:msg was successfully read
VARIABLES:  message_size=16 
-----------------------------

06/03/2018 09:33:40 PM	[raft_thread.py write_to_logger 63]  348 root [CRITI] 
FILE:./C/Code/raft_server.c, FUNCTION:get_raft_message, LINE:131
MESSAGE:msg was successfully read
VARIABLES:  message_size=16 
-----------------------------

06/03/2018 09:33:40 PM	[raft_thread.py write_to_logger 59]  348 root [DEBUG] 
FILE:./raft_main.c, FUNCTION:run_multicast_listener, LINE:13
MESSAGE:got new message and ids as followed:
VARIABLES:  new_node.message_sent_by=1  sharedRaftData.raft_state.server_id=1 
-----------------------------

06/03/2018 09:33:40 PM	[raft_thread.py write_to_logger 60]  348 root [INFO ] 
FILE:./raft_main.c, FUNCTION:run_multicast_listener, LINE:13
MESSAGE:got new message and ids as followed:
VARIABLES:  new_node.message_sent_by=1  sharedRaftData.raft_state.server_id=1 
-----------------------------

06/03/2018 09:33:40 PM	[raft_thread.py write_to_logger 61]  348 root [WARNI] 
FILE:./raft_main.c, FUNCTION:run_multicast_listener, LINE:13
MESSAGE:got new message and ids as followed:
VARIABLES:  new_node.message_sent_by=1  sharedRaftData.raft_state.server_id=1 
-----------------------------

06/03/2018 09:33:40 PM	[raft_thread.py write_to_logger 62]  348 root [ERROR] 
FILE:./raft_main.c, FUNCTION:run_multicast_listener, LINE:13
MESSAGE:got new message and ids as followed:
VARIABLES:  new_node.message_sent_by=1  sharedRaftData.raft_state.server_id=1 
-----------------------------

06/03/2018 09:33:40 PM	[raft_thread.py write_to_logger 63]  348 root [CRITI] 
FILE:./raft_main.c, FUNCTION:run_multicast_listener, LINE:13
MESSAGE:got new message and ids as followed:
VARIABLES:  new_node.message_sent_by=1  sharedRaftData.raft_state.server_id=1 
-----------------------------

06/03/2018 09:33:40 PM	[raft_thread.py write_to_logger 59]  348 root [DEBUG] 
FILE:./C/Code/raft_server.c, FUNCTION:send_raft_message, LINE:103
MESSAGE:msg was successfully sent
VARIABLES:  message_size=16 
-----------------------------

06/03/2018 09:33:40 PM	[raft_thread.py write_to_logger 60]  349 root [INFO ] 
FILE:./C/Code/raft_server.c, FUNCTION:send_raft_message, LINE:103
MESSAGE:msg was successfully sent
VARIABLES:  message_size=16 
-----------------------------

06/03/2018 09:33:40 PM	[raft_thread.py write_to_logger 61]  349 root [WARNI] 
FILE:./C/Code/raft_server.c, FUNCTION:send_raft_message, LINE:103
MESSAGE:msg was successfully sent
VARIABLES:  message_size=16 
-----------------------------

06/03/2018 09:33:40 PM	[raft_thread.py write_to_logger 59]  349 root [DEBUG] 
FILE:./C/Code/handlers_utils.c, FUNCTION:is_relevant_message, LINE:108
MESSAGE:This is my msg- ignore!
-----------------------------

06/03/2018 09:33:40 PM	[raft_thread.py write_to_logger 60]  350 root [INFO ] 
FILE:./C/Code/handlers_utils.c, FUNCTION:is_relevant_message, LINE:108
MESSAGE:This is my msg- ignore!
-----------------------------

06/03/2018 09:33:40 PM	[raft_thread.py write_to_logger 61]  350 root [WARNI] 
FILE:./C/Code/handlers_utils.c, FUNCTION:is_relevant_message, LINE:108
MESSAGE:This is my msg- ignore!
-----------------------------

06/03/2018 09:33:40 PM	[raft_thread.py write_to_logger 62]  350 root [ERROR] 
FILE:./C/Code/handlers_utils.c, FUNCTION:is_relevant_message, LINE:108
MESSAGE:This is my msg- ignore!
-----------------------------

06/03/2018 09:33:40 PM	[raft_thread.py write_to_logger 63]  350 root [CRITI] 
FILE:./C/Code/handlers_utils.c, FUNCTION:is_relevant_message, LINE:108
MESSAGE:This is my msg- ignore!
-----------------------------

06/03/2018 09:33:40 PM	[raft_thread.py write_to_logger 59]  350 root [DEBUG] 
FILE:./C/Code/raft_server.c, FUNCTION:get_raft_message, LINE:111
MESSAGE:try to read message
-----------------------------

06/03/2018 09:33:40 PM	[raft_thread.py write_to_logger 60]  350 root [INFO ] 
FILE:./C/Code/raft_server.c, FUNCTION:get_raft_message, LINE:111
MESSAGE:try to read message
-----------------------------

06/03/2018 09:33:40 PM	[raft_thread.py write_to_logger 61]  350 root [WARNI] 
FILE:./C/Code/raft_server.c, FUNCTION:get_raft_message, LINE:111
MESSAGE:try to read message
-----------------------------

06/03/2018 09:33:40 PM	[raft_thread.py write_to_logger 62]  350 root [ERROR] 
FILE:./C/Code/raft_server.c, FUNCTION:get_raft_message, LINE:111
MESSAGE:try to read message
-----------------------------

06/03/2018 09:33:40 PM	[raft_thread.py write_to_logger 63]  350 root [CRITI] 
FILE:./C/Code/raft_server.c, FUNCTION:get_raft_message, LINE:111
MESSAGE:try to read message
-----------------------------

06/03/2018 09:33:40 PM	[raft_thread.py write_to_logger 62]  349 root [ERROR] 
FILE:./C/Code/raft_server.c, FUNCTION:send_raft_message, LINE:103
MESSAGE:msg was successfully sent
VARIABLES:  message_size=16 
-----------------------------

06/03/2018 09:33:40 PM	[raft_thread.py write_to_logger 63]  350 root [CRITI] 
FILE:./C/Code/raft_server.c, FUNCTION:send_raft_message, LINE:103
MESSAGE:msg was successfully sent
VARIABLES:  message_size=16 
-----------------------------

06/03/2018 09:33:40 PM	[raft_thread.py write_to_logger 59]  896 root [DEBUG] 
FILE:./raft_main.c, FUNCTION:exit_raft, LINE:52
MESSAGE:exit from raft...
-----------------------------

06/03/2018 09:33:40 PM	[raft_thread.py write_to_logger 60]  896 root [INFO ] 
FILE:./raft_main.c, FUNCTION:exit_raft, LINE:52
MESSAGE:exit from raft...
-----------------------------

06/03/2018 09:33:40 PM	[raft_thread.py write_to_logger 61]  896 root [WARNI] 
FILE:./raft_main.c, FUNCTION:exit_raft, LINE:52
MESSAGE:exit from raft...
-----------------------------

06/03/2018 09:33:40 PM	[raft_thread.py write_to_logger 62]  896 root [ERROR] 
FILE:./raft_main.c, FUNCTION:exit_raft, LINE:52
MESSAGE:exit from raft...
-----------------------------

06/03/2018 09:33:40 PM	[raft_thread.py write_to_logger 63]  896 root [CRITI] 
FILE:./raft_main.c, FUNCTION:exit_raft, LINE:52
MESSAGE:exit from raft...
-----------------------------

